{"C:\\Users\\p\\Desktop\\Falgun\\my-doctors\\myDoctorServer\\src\\app.ts":{"path":"C:\\Users\\p\\Desktop\\Falgun\\my-doctors\\myDoctorServer\\src\\app.ts","statementMap":{"0":{"start":{"line":2,"column":16},"end":{"line":10,"column":1}},"1":{"start":{"line":3,"column":28},"end":{"line":3,"column":110}},"2":{"start":{"line":3,"column":91},"end":{"line":3,"column":106}},"3":{"start":{"line":4,"column":4},"end":{"line":9,"column":7}},"4":{"start":{"line":5,"column":36},"end":{"line":5,"column":97}},"5":{"start":{"line":5,"column":42},"end":{"line":5,"column":70}},"6":{"start":{"line":5,"column":85},"end":{"line":5,"column":95}},"7":{"start":{"line":6,"column":35},"end":{"line":6,"column":100}},"8":{"start":{"line":6,"column":41},"end":{"line":6,"column":73}},"9":{"start":{"line":6,"column":88},"end":{"line":6,"column":98}},"10":{"start":{"line":7,"column":32},"end":{"line":7,"column":116}},"11":{"start":{"line":8,"column":8},"end":{"line":8,"column":78}},"12":{"start":{"line":11,"column":22},"end":{"line":13,"column":1}},"13":{"start":{"line":12,"column":4},"end":{"line":12,"column":62}},"14":{"start":{"line":14,"column":0},"end":{"line":14,"column":62}},"15":{"start":{"line":15,"column":0},"end":{"line":15,"column":60}},"16":{"start":{"line":16,"column":18},"end":{"line":16,"column":53}},"17":{"start":{"line":17,"column":15},"end":{"line":17,"column":47}},"18":{"start":{"line":18,"column":17},"end":{"line":18,"column":51}},"19":{"start":{"line":19,"column":19},"end":{"line":19,"column":40}},"20":{"start":{"line":20,"column":16},"end":{"line":20,"column":41}},"21":{"start":{"line":21,"column":18},"end":{"line":21,"column":45}},"22":{"start":{"line":22,"column":18},"end":{"line":22,"column":45}},"23":{"start":{"line":23,"column":19},"end":{"line":23,"column":47}},"24":{"start":{"line":24,"column":16},"end":{"line":24,"column":41}},"25":{"start":{"line":25,"column":22},"end":{"line":25,"column":53}},"26":{"start":{"line":26,"column":21},"end":{"line":26,"column":51}},"27":{"start":{"line":27,"column":34},"end":{"line":27,"column":77}},"28":{"start":{"line":28,"column":32},"end":{"line":28,"column":73}},"29":{"start":{"line":29,"column":16},"end":{"line":29,"column":41}},"30":{"start":{"line":30,"column":0},"end":{"line":30,"column":26}},"31":{"start":{"line":31,"column":12},"end":{"line":31,"column":36}},"32":{"start":{"line":32,"column":0},"end":{"line":32,"column":18}},"33":{"start":{"line":33,"column":20},"end":{"line":54,"column":2}},"34":{"start":{"line":33,"column":26},"end":{"line":54,"column":2}},"35":{"start":{"line":34,"column":4},"end":{"line":34,"column":46}},"36":{"start":{"line":35,"column":4},"end":{"line":35,"column":51}},"37":{"start":{"line":36,"column":4},"end":{"line":36,"column":30}},"38":{"start":{"line":37,"column":4},"end":{"line":37,"column":41}},"39":{"start":{"line":38,"column":4},"end":{"line":38,"column":37}},"40":{"start":{"line":39,"column":4},"end":{"line":39,"column":45}},"41":{"start":{"line":40,"column":4},"end":{"line":40,"column":35}},"42":{"start":{"line":41,"column":4},"end":{"line":41,"column":43}},"43":{"start":{"line":42,"column":4},"end":{"line":42,"column":35}},"44":{"start":{"line":43,"column":4},"end":{"line":43,"column":44}},"45":{"start":{"line":44,"column":4},"end":{"line":44,"column":63}},"46":{"start":{"line":45,"column":4},"end":{"line":45,"column":51}},"47":{"start":{"line":46,"column":4},"end":{"line":46,"column":31}},"48":{"start":{"line":47,"column":4},"end":{"line":47,"column":41}},"49":{"start":{"line":48,"column":4},"end":{"line":48,"column":41}},"50":{"start":{"line":49,"column":4},"end":{"line":49,"column":47}},"51":{"start":{"line":50,"column":4},"end":{"line":50,"column":43}},"52":{"start":{"line":51,"column":4},"end":{"line":51,"column":48}},"53":{"start":{"line":52,"column":4},"end":{"line":52,"column":67}},"54":{"start":{"line":53,"column":4},"end":{"line":53,"column":53}},"55":{"start":{"line":55,"column":0},"end":{"line":55,"column":34}},"56":{"start":{"line":56,"column":0},"end":{"line":56,"column":14}},"57":{"start":{"line":57,"column":0},"end":{"line":57,"column":31}},"58":{"start":{"line":58,"column":0},"end":{"line":58,"column":34}},"59":{"start":{"line":59,"column":0},"end":{"line":59,"column":44}},"60":{"start":{"line":60,"column":0},"end":{"line":60,"column":27}},"61":{"start":{"line":61,"column":15},"end":{"line":63,"column":2}},"62":{"start":{"line":62,"column":4},"end":{"line":62,"column":63}},"63":{"start":{"line":64,"column":0},"end":{"line":64,"column":24}}},"fnMap":{"0":{"name":"(anonymous_0)","decl":{"start":{"line":2,"column":44},"end":{"line":2,"column":45}},"loc":{"start":{"line":2,"column":89},"end":{"line":10,"column":1}},"line":2},"1":{"name":"adopt","decl":{"start":{"line":3,"column":13},"end":{"line":3,"column":18}},"loc":{"start":{"line":3,"column":26},"end":{"line":3,"column":112}},"line":3},"2":{"name":"(anonymous_2)","decl":{"start":{"line":3,"column":70},"end":{"line":3,"column":71}},"loc":{"start":{"line":3,"column":89},"end":{"line":3,"column":108}},"line":3},"3":{"name":"(anonymous_3)","decl":{"start":{"line":4,"column":36},"end":{"line":4,"column":37}},"loc":{"start":{"line":4,"column":63},"end":{"line":9,"column":5}},"line":4},"4":{"name":"fulfilled","decl":{"start":{"line":5,"column":17},"end":{"line":5,"column":26}},"loc":{"start":{"line":5,"column":34},"end":{"line":5,"column":99}},"line":5},"5":{"name":"rejected","decl":{"start":{"line":6,"column":17},"end":{"line":6,"column":25}},"loc":{"start":{"line":6,"column":33},"end":{"line":6,"column":102}},"line":6},"6":{"name":"step","decl":{"start":{"line":7,"column":17},"end":{"line":7,"column":21}},"loc":{"start":{"line":7,"column":30},"end":{"line":7,"column":118}},"line":7},"7":{"name":"(anonymous_7)","decl":{"start":{"line":11,"column":56},"end":{"line":11,"column":57}},"loc":{"start":{"line":11,"column":71},"end":{"line":13,"column":1}},"line":11},"8":{"name":"(anonymous_8)","decl":{"start":{"line":33,"column":20},"end":{"line":33,"column":21}},"loc":{"start":{"line":33,"column":26},"end":{"line":54,"column":2}},"line":33},"9":{"name":"(anonymous_9)","decl":{"start":{"line":33,"column":60},"end":{"line":33,"column":61}},"loc":{"start":{"line":33,"column":73},"end":{"line":54,"column":1}},"line":33},"10":{"name":"(anonymous_10)","decl":{"start":{"line":61,"column":44},"end":{"line":61,"column":45}},"loc":{"start":{"line":61,"column":50},"end":{"line":63,"column":1}},"line":61}},"branchMap":{"0":{"loc":{"start":{"line":2,"column":16},"end":{"line":10,"column":1}},"type":"binary-expr","locations":[{"start":{"line":2,"column":17},"end":{"line":2,"column":21}},{"start":{"line":2,"column":25},"end":{"line":2,"column":39}},{"start":{"line":2,"column":44},"end":{"line":10,"column":1}}],"line":2},"1":{"loc":{"start":{"line":3,"column":35},"end":{"line":3,"column":109}},"type":"cond-expr","locations":[{"start":{"line":3,"column":56},"end":{"line":3,"column":61}},{"start":{"line":3,"column":64},"end":{"line":3,"column":109}}],"line":3},"2":{"loc":{"start":{"line":4,"column":16},"end":{"line":4,"column":34}},"type":"binary-expr","locations":[{"start":{"line":4,"column":16},"end":{"line":4,"column":17}},{"start":{"line":4,"column":22},"end":{"line":4,"column":33}}],"line":4},"3":{"loc":{"start":{"line":7,"column":32},"end":{"line":7,"column":115}},"type":"cond-expr","locations":[{"start":{"line":7,"column":46},"end":{"line":7,"column":67}},{"start":{"line":7,"column":70},"end":{"line":7,"column":115}}],"line":7},"4":{"loc":{"start":{"line":8,"column":51},"end":{"line":8,"column":67}},"type":"binary-expr","locations":[{"start":{"line":8,"column":51},"end":{"line":8,"column":61}},{"start":{"line":8,"column":65},"end":{"line":8,"column":67}}],"line":8},"5":{"loc":{"start":{"line":11,"column":22},"end":{"line":13,"column":1}},"type":"binary-expr","locations":[{"start":{"line":11,"column":23},"end":{"line":11,"column":27}},{"start":{"line":11,"column":31},"end":{"line":11,"column":51}},{"start":{"line":11,"column":56},"end":{"line":13,"column":1}}],"line":11},"6":{"loc":{"start":{"line":12,"column":11},"end":{"line":12,"column":61}},"type":"cond-expr","locations":[{"start":{"line":12,"column":37},"end":{"line":12,"column":40}},{"start":{"line":12,"column":43},"end":{"line":12,"column":61}}],"line":12},"7":{"loc":{"start":{"line":12,"column":12},"end":{"line":12,"column":33}},"type":"binary-expr","locations":[{"start":{"line":12,"column":12},"end":{"line":12,"column":15}},{"start":{"line":12,"column":19},"end":{"line":12,"column":33}}],"line":12}},"s":{"0":1,"1":1,"2":0,"3":1,"4":0,"5":0,"6":0,"7":0,"8":0,"9":0,"10":1,"11":1,"12":1,"13":3,"14":1,"15":1,"16":1,"17":1,"18":1,"19":1,"20":1,"21":1,"22":1,"23":1,"24":1,"25":1,"26":1,"27":1,"28":1,"29":1,"30":1,"31":1,"32":1,"33":1,"34":1,"35":1,"36":0,"37":0,"38":0,"39":0,"40":0,"41":0,"42":0,"43":0,"44":0,"45":0,"46":0,"47":0,"48":0,"49":0,"50":0,"51":0,"52":0,"53":0,"54":0,"55":1,"56":1,"57":1,"58":1,"59":1,"60":1,"61":1,"62":1,"63":1},"f":{"0":1,"1":1,"2":0,"3":1,"4":0,"5":0,"6":1,"7":3,"8":1,"9":1,"10":1},"b":{"0":[1,1,1],"1":[1,0],"2":[1,1],"3":[0,1],"4":[1,1],"5":[1,1,1],"6":[0,3],"7":[3,3]},"inputSourceMap":{"version":3,"file":"C:/Users/p/Desktop/Falgun/my-doctors/myDoctorServer/src/app.ts","sources":["C:/Users/p/Desktop/Falgun/my-doctors/myDoctorServer/src/app.ts"],"names":[],"mappings":";;;;;;;;;;;;;;;AACA,sDAA8B;AAC9B,gDAAwB;AACxB,oDAA4B;AAC5B,yCAAuC;AACvC,0CAAsC;AACtC,8CAA2C;AAC3C,8CAA2C;AAC3C,gDAA6C;AAC7C,0CAAuC;AACvC,sDAAmD;AACnD,oDAAiD;AACjD,8EAA2E;AAC3E,0EAAuE;AACvE,0CAAuC;AACvC,gBAAM,CAAC,MAAM,EAAE,CAAA;AACf,MAAM,GAAG,GAAG,IAAA,iBAAO,GAAE,CAAC;AA0Cb,kBAAG;AAxCZ,MAAM,WAAW,GAAG,GAAS,EAAE;IAC7B,MAAM,oBAAS,CAAC,YAAY,EAAE,CAAC;IAC/B,OAAO,CAAC,GAAG,CAAC,iCAAiC,CAAC,CAAC;IAC/C,MAAM,YAAI,CAAC,IAAI,EAAE,CAAC;IAClB,OAAO,CAAC,GAAG,CAAC,uBAAuB,CAAC,CAAC;IAErC,MAAM,mBAAQ,CAAC,IAAI,EAAE,CAAC;IACtB,OAAO,CAAC,GAAG,CAAC,2BAA2B,CAAC,CAAC;IAEzC,MAAM,iBAAO,CAAC,IAAI,EAAE,CAAC;IACrB,OAAO,CAAC,GAAG,CAAC,yBAAyB,CAAC,CAAC;IAEvC,MAAM,iBAAO,CAAC,IAAI,EAAE,CAAC;IACrB,OAAO,CAAC,GAAG,CAAC,0BAA0B,CAAC,CAAC;IAExC,MAAM,6CAAqB,CAAC,IAAI,EAAE,CAAC;IACnC,OAAO,CAAC,GAAG,CAAC,iCAAiC,CAAC,CAAC;IAE/C,MAAM,aAAK,CAAC,IAAI,EAAE,CAAC;IACnB,OAAO,CAAC,GAAG,CAAC,uBAAuB,CAAC,CAAC;IAErC,MAAM,uBAAU,CAAC,IAAI,EAAE,CAAC;IACxB,OAAO,CAAC,GAAG,CAAC,6BAA6B,CAAC,CAAC;IAE3C,MAAM,yBAAW,CAAC,IAAI,EAAE,CAAC;IACzB,OAAO,CAAC,GAAG,CAAC,8BAA8B,CAAC,CAAC;IAE5C,MAAM,iDAAuB,CAAC,IAAI,EAAE,CAAA;IACpC,OAAO,CAAC,GAAG,CAAC,mCAAmC,CAAC,CAAA;AAClD,CAAC,CAAA,CAAC;AAYE,kCAAW;AAXf,WAAW,EAAE,CAAC;AACd,GAAG,CAAC,GAAG,CAAC,IAAA,cAAI,GAAE,CAAC,CAAC;AAChB,GAAG,CAAC,GAAG,CAAC,iBAAO,CAAC,IAAI,EAAE,CAAC,CAAC;AACxB,GAAG,CAAC,GAAG,CAAC,iBAAO,CAAC,MAAM,CAAC,QAAQ,CAAC,CAAC,CAAC;AAClC,GAAG,CAAC,GAAG,CAAC,EAAE,EAAE,aAAK,CAAC,CAAC;AAEnB,MAAM,MAAM,GAAG,GAAG,CAAC,MAAM,CAAC,OAAO,CAAC,GAAG,CAAC,IAAI,EAAE,GAAG,EAAE;IAC/C,OAAO,CAAC,GAAG,CAAC,2BAA2B,OAAO,CAAC,GAAG,CAAC,IAAI,EAAE,CAAC,CAAC;AAC7D,CAAC,CAAC,CAAC;AAEW,wBAAM","sourcesContent":["\r\nimport express from \"express\";\r\nimport cors from \"cors\";\r\nimport dotenv from \"dotenv\";\r\nimport { sequelize } from \"./database\";\r\nimport { user } from \"./models/users\";\r\nimport { doctors } from \"./models/doctors\";\r\nimport { patient } from \"./models/patient\";\r\nimport { hospital } from \"./models/hospital\";\r\nimport { slots } from \"./models/slots\";\r\nimport { appointment } from \"./models/appointment\";\r\nimport { speciality } from \"./models/speciality\";\r\nimport { doctorSpecialityMapping } from \"./models/doctorSpecialityMapping\";\r\nimport { hospitalDoctorMapping } from \"./models/hospitalDoctorMapping\";\r\nimport { route } from \"./routes/route\";\r\ndotenv.config()\r\nconst app = express();\r\n\r\nconst createModel = async () => {\r\n  await sequelize.authenticate();\r\n  console.log(\"Database Successfully connected\");\r\n  await user.sync();\r\n  console.log(\"User model is created\");\r\n\r\n  await hospital.sync();\r\n  console.log(\"Hospital model is created\");\r\n\r\n  await doctors.sync();\r\n  console.log(\"Doctor model is created\");\r\n\r\n  await patient.sync();\r\n  console.log(\"Patient model is created\");\r\n\r\n  await hospitalDoctorMapping.sync();\r\n  console.log(\"HospitalDoctor model is created\");\r\n\r\n  await slots.sync();\r\n  console.log(\"Slot model is created\");\r\n\r\n  await speciality.sync();\r\n  console.log(\"Speciality model is created\");\r\n\r\n  await appointment.sync();\r\n  console.log(\"Appointment model is created\");\r\n\r\n  await doctorSpecialityMapping.sync()\r\n  console.log(\"DoctorSpeciality model is created\")\r\n};\r\ncreateModel();\r\napp.use(cors());\r\napp.use(express.json());\r\napp.use(express.static(\"public\"));\r\napp.use(\"\", route);\r\n\r\nconst server = app.listen(process.env.PORT, () => {\r\n  console.log(`The app is listening at ${process.env.PORT}`);\r\n});\r\n\r\nexport { app, server,\r\n    createModel\r\n};\r\n"]},"_coverageSchema":"1a1c01bbd47fc00a2c39e90264f33305004495a9","hash":"bc2640c64795a7489ff732032730ce222857e467","contentHash":"9fbd8f592100a95437232f426a3d20812d8b620d75405d77e3b979bc3d7c3814"},"C:\\Users\\p\\Desktop\\Falgun\\my-doctors\\myDoctorServer\\src\\database.ts":{"path":"C:\\Users\\p\\Desktop\\Falgun\\my-doctors\\myDoctorServer\\src\\database.ts","statementMap":{"0":{"start":{"line":2,"column":0},"end":{"line":2,"column":62}},"1":{"start":{"line":3,"column":0},"end":{"line":3,"column":27}},"2":{"start":{"line":4,"column":20},"end":{"line":4,"column":40}},"3":{"start":{"line":5,"column":0},"end":{"line":9,"column":3}}},"fnMap":{},"branchMap":{},"s":{"0":1,"1":1,"2":1,"3":1},"f":{},"b":{},"inputSourceMap":{"version":3,"file":"C:/Users/p/Desktop/Falgun/my-doctors/myDoctorServer/src/database.ts","sources":["C:/Users/p/Desktop/Falgun/my-doctors/myDoctorServer/src/database.ts"],"names":[],"mappings":";;;AACA,yCAAmC;AACtB,QAAA,SAAS,GAAG,IAAI,qBAAS,CAAC,YAAY,EAAE,UAAU,EAAE,UAAU,EAAE;IACzE,IAAI,EAAE,WAAW;IACjB,OAAO,EAAE,UAAU;IACnB,OAAO,EAAC,KAAK;CACd,CAAC,CAAC","sourcesContent":["\r\nimport {Sequelize} from \"sequelize\"\r\nexport const sequelize = new Sequelize(\"My Doctors\", \"postgres\", \"mydoctor\", {\r\n    host: \"localhost\",\r\n    dialect: \"postgres\",\r\n    logging:false\r\n  });\r\n"]},"_coverageSchema":"1a1c01bbd47fc00a2c39e90264f33305004495a9","hash":"31fc00ddc2eb51a02f15eee6eb5fe20678db8d7b","contentHash":"bef2e28bc352c646732edd5ef3ff0c8520f3f8f8e4a4305387257589fc58631e"},"C:\\Users\\p\\Desktop\\Falgun\\my-doctors\\myDoctorServer\\src\\models\\users.ts":{"path":"C:\\Users\\p\\Desktop\\Falgun\\my-doctors\\myDoctorServer\\src\\models\\users.ts","statementMap":{"0":{"start":{"line":2,"column":0},"end":{"line":2,"column":62}},"1":{"start":{"line":3,"column":0},"end":{"line":3,"column":22}},"2":{"start":{"line":4,"column":20},"end":{"line":4,"column":40}},"3":{"start":{"line":5,"column":19},"end":{"line":5,"column":41}},"4":{"start":{"line":6,"column":19},"end":{"line":6,"column":47}},"5":{"start":{"line":7,"column":0},"end":{"line":53,"column":3}},"6":{"start":{"line":35,"column":12},"end":{"line":35,"column":82}}},"fnMap":{"0":{"name":"(anonymous_0)","decl":{"start":{"line":34,"column":8},"end":{"line":34,"column":9}},"loc":{"start":{"line":34,"column":19},"end":{"line":36,"column":9}},"line":34}},"branchMap":{},"s":{"0":1,"1":1,"2":1,"3":1,"4":1,"5":1,"6":0},"f":{"0":0},"b":{},"inputSourceMap":{"version":3,"file":"C:/Users/p/Desktop/Falgun/my-doctors/myDoctorServer/src/models/users.ts","sources":["C:/Users/p/Desktop/Falgun/my-doctors/myDoctorServer/src/models/users.ts"],"names":[],"mappings":";;;AAAA,yCAA6C;AAC7C,0CAAwC;AACxC,gDAAoD;AAoBvC,QAAA,IAAI,GAAG,oBAAS,CAAC,MAAM,CAAe,MAAM,EAAE;IACzD,EAAE,EAAE;QACF,IAAI,EAAE,qBAAS,CAAC,IAAI;QACpB,YAAY,EAAE,qBAAS,CAAC,MAAM;QAC9B,UAAU,EAAE,IAAI;QAChB,SAAS,EAAE,KAAK;KACjB;IACD,SAAS,EAAE;QACT,IAAI,EAAE,qBAAS,CAAC,MAAM;QACtB,SAAS,EAAE,KAAK;KACjB;IACD,QAAQ,EAAE;QACR,IAAI,EAAE,qBAAS,CAAC,MAAM;KACvB;IACD,KAAK,EAAE;QACL,IAAI,EAAE,qBAAS,CAAC,MAAM;QACtB,SAAS,EAAE,KAAK;QAChB,MAAM,EAAE,IAAI;KACb;IACD,aAAa,EAAE;QACb,IAAI,EAAE,qBAAS,CAAC,MAAM;QACtB,SAAS,EAAE,KAAK;QAChB,MAAM,EAAE,IAAI;KACb;IACD,QAAQ,EAAE;QACR,IAAI,EAAE,qBAAS,CAAC,MAAM;QACtB,SAAS,EAAE,KAAK;QAChB,GAAG,CAAC,KAAY;YACZ,IAAI,CAAC,YAAY,CAAC,UAAU,EAAC,IAAA,0BAAe,EAAC,KAAK,CAAC,CAAC,CAAA;QACxD,CAAC;KACF;IACD,MAAM,EAAE;QACN,IAAI,EAAE,qBAAS,CAAC,IAAI,CAAC,MAAM,EAAE,QAAQ,EAAE,QAAQ,CAAC;KACjD;IACD,IAAI,EAAE;QACJ,IAAI,EAAE,qBAAS,CAAC,IAAI,CAAC,OAAO,EAAE,QAAQ,EAAE,SAAS,CAAC;QAClD,SAAS,EAAE,KAAK;KACjB;IACD,OAAO,EAAE;QACP,IAAI,EAAE,qBAAS,CAAC,OAAO;QACvB,YAAY,EAAE,IAAI;KACnB;IACD,OAAO,EAAE;QACP,IAAI,EAAE,qBAAS,CAAC,OAAO;QACvB,YAAY,EAAE,KAAK;KACpB;CACF,CAAC,CAAC","sourcesContent":["import { Model, DataTypes } from \"sequelize\";\r\nimport { sequelize } from \"../database\";\r\nimport { getHashPassword } from \"../utils/password\";\r\n\r\nexport interface userAttributes {\r\n  Id: string;\r\n  firstName: string;\r\n  lastName: string;\r\n  email: string;\r\n  contactNumber: string;\r\n  password: string;\r\n  gender: string;\r\n  role: string;\r\n  enabled: boolean;\r\n  deleted: boolean;\r\n}\r\ninterface userInstance extends Model<userAttributes>, \r\nuserAttributes {\r\n  createdAt?: Date;\r\n  updatedAt?: Date;\r\n}\r\n\r\nexport const user = sequelize.define<userInstance>(\"user\", {\r\n  Id: {\r\n    type: DataTypes.UUID,\r\n    defaultValue: DataTypes.UUIDV4,\r\n    primaryKey: true,\r\n    allowNull: false, \r\n  },\r\n  firstName: {\r\n    type: DataTypes.STRING,\r\n    allowNull: false,\r\n  },\r\n  lastName: {\r\n    type: DataTypes.STRING,\r\n  },\r\n  email: {\r\n    type: DataTypes.STRING,\r\n    allowNull: false,\r\n    unique: true,\r\n  },\r\n  contactNumber: {\r\n    type: DataTypes.STRING,\r\n    allowNull: false,\r\n    unique: true,\r\n  },\r\n  password: {\r\n    type: DataTypes.STRING,\r\n    allowNull: false,\r\n    set(value:string){\r\n        this.setDataValue('password',getHashPassword(value))\r\n    }\r\n  },\r\n  gender: {\r\n    type: DataTypes.ENUM(\"male\", \"female\", \"others\"),\r\n  },\r\n  role: {\r\n    type: DataTypes.ENUM(\"admin\", \"doctor\", \"patient\"),\r\n    allowNull: false,\r\n  },\r\n  enabled: {\r\n    type: DataTypes.BOOLEAN,\r\n    defaultValue: true,\r\n  },\r\n  deleted: {\r\n    type: DataTypes.BOOLEAN,\r\n    defaultValue: false,\r\n  },\r\n});\r\n\r\n"]},"_coverageSchema":"1a1c01bbd47fc00a2c39e90264f33305004495a9","hash":"15650b01bbd887db8779719a5fdc222e6231df76","contentHash":"b6b231ba2ee84280fa888a0aa3e1d7cccb23386022b1aac13549c1c25b2cbf7b"},"C:\\Users\\p\\Desktop\\Falgun\\my-doctors\\myDoctorServer\\src\\utils\\password.ts":{"path":"C:\\Users\\p\\Desktop\\Falgun\\my-doctors\\myDoctorServer\\src\\utils\\password.ts","statementMap":{"0":{"start":{"line":2,"column":22},"end":{"line":4,"column":1}},"1":{"start":{"line":3,"column":4},"end":{"line":3,"column":62}},"2":{"start":{"line":5,"column":0},"end":{"line":5,"column":62}},"3":{"start":{"line":6,"column":0},"end":{"line":6,"column":59}},"4":{"start":{"line":7,"column":19},"end":{"line":7,"column":55}},"5":{"start":{"line":8,"column":24},"end":{"line":12,"column":1}},"6":{"start":{"line":9,"column":17},"end":{"line":9,"column":51}},"7":{"start":{"line":10,"column":17},"end":{"line":10,"column":56}},"8":{"start":{"line":11,"column":4},"end":{"line":11,"column":16}},"9":{"start":{"line":13,"column":0},"end":{"line":13,"column":42}},"10":{"start":{"line":14,"column":24},"end":{"line":16,"column":1}},"11":{"start":{"line":15,"column":4},"end":{"line":15,"column":60}},"12":{"start":{"line":17,"column":0},"end":{"line":17,"column":42}}},"fnMap":{"0":{"name":"(anonymous_0)","decl":{"start":{"line":2,"column":56},"end":{"line":2,"column":57}},"loc":{"start":{"line":2,"column":71},"end":{"line":4,"column":1}},"line":2},"1":{"name":"(anonymous_1)","decl":{"start":{"line":8,"column":24},"end":{"line":8,"column":25}},"loc":{"start":{"line":8,"column":34},"end":{"line":12,"column":1}},"line":8},"2":{"name":"(anonymous_2)","decl":{"start":{"line":14,"column":24},"end":{"line":14,"column":25}},"loc":{"start":{"line":14,"column":46},"end":{"line":16,"column":1}},"line":14}},"branchMap":{"0":{"loc":{"start":{"line":2,"column":22},"end":{"line":4,"column":1}},"type":"binary-expr","locations":[{"start":{"line":2,"column":23},"end":{"line":2,"column":27}},{"start":{"line":2,"column":31},"end":{"line":2,"column":51}},{"start":{"line":2,"column":56},"end":{"line":4,"column":1}}],"line":2},"1":{"loc":{"start":{"line":3,"column":11},"end":{"line":3,"column":61}},"type":"cond-expr","locations":[{"start":{"line":3,"column":37},"end":{"line":3,"column":40}},{"start":{"line":3,"column":43},"end":{"line":3,"column":61}}],"line":3},"2":{"loc":{"start":{"line":3,"column":12},"end":{"line":3,"column":33}},"type":"binary-expr","locations":[{"start":{"line":3,"column":12},"end":{"line":3,"column":15}},{"start":{"line":3,"column":19},"end":{"line":3,"column":33}}],"line":3}},"s":{"0":1,"1":1,"2":1,"3":1,"4":1,"5":1,"6":0,"7":0,"8":0,"9":1,"10":1,"11":0,"12":1},"f":{"0":1,"1":0,"2":0},"b":{"0":[1,1,1],"1":[0,1],"2":[1,1]},"inputSourceMap":{"version":3,"file":"C:/Users/p/Desktop/Falgun/my-doctors/myDoctorServer/src/utils/password.ts","sources":["C:/Users/p/Desktop/Falgun/my-doctors/myDoctorServer/src/utils/password.ts"],"names":[],"mappings":";;;;;;AACA,wDAA6B;AAC7B,MAAM,eAAe,GAAC,CAAC,IAAW,EAAQ,EAAE;IACzC,MAAM,IAAI,GAAG,kBAAM,CAAC,WAAW,CAAC,EAAE,CAAC,CAAC;IACvC,MAAM,IAAI,GAAG,kBAAM,CAAC,QAAQ,CAAC,IAAI,EAAE,IAAI,CAAC,CAAA;IACxC,OAAO,IAAI,CAAC;AACZ,CAAC,CAAA;AAOM,0CAAe;AAJtB,MAAM,eAAe,GAAC,CAAC,IAAW,EAAC,UAAiB,EAAS,EAAE;IAE7D,OAAQ,kBAAM,CAAC,WAAW,CAAC,IAAI,EAAE,UAAU,CAAC,CAAC;AAC/C,CAAC,CAAA;AACsB,0CAAe","sourcesContent":["\r\nimport bcrypt from \"bcryptjs\"\r\nconst getHashPassword=(pswd:string):string=>{\r\n   const salt = bcrypt.genSaltSync(10);\r\nconst hash = bcrypt.hashSync(pswd, salt)\r\nreturn hash;\r\n}\r\n\r\n\r\nconst matchedPassword=(pswd:string,storedPswd:string):boolean=>\r\n{\r\n  return  bcrypt.compareSync(pswd, storedPswd); \r\n}\r\nexport{getHashPassword,matchedPassword}"]},"_coverageSchema":"1a1c01bbd47fc00a2c39e90264f33305004495a9","hash":"f79a64fb5746f18e3dc1fdd3b1e01cf3e42e62bb","contentHash":"f4b5ca5422a88c0527df079786a5fbb0f2000f08ebebe3b61fef1f0d341d7d9e"},"C:\\Users\\p\\Desktop\\Falgun\\my-doctors\\myDoctorServer\\src\\models\\doctors.ts":{"path":"C:\\Users\\p\\Desktop\\Falgun\\my-doctors\\myDoctorServer\\src\\models\\doctors.ts","statementMap":{"0":{"start":{"line":2,"column":0},"end":{"line":2,"column":62}},"1":{"start":{"line":3,"column":0},"end":{"line":3,"column":25}},"2":{"start":{"line":4,"column":20},"end":{"line":4,"column":40}},"3":{"start":{"line":5,"column":19},"end":{"line":5,"column":41}},"4":{"start":{"line":6,"column":16},"end":{"line":6,"column":34}},"5":{"start":{"line":7,"column":0},"end":{"line":39,"column":3}},"6":{"start":{"line":40,"column":0},"end":{"line":40,"column":40}}},"fnMap":{},"branchMap":{},"s":{"0":1,"1":1,"2":1,"3":1,"4":1,"5":1,"6":1},"f":{},"b":{},"inputSourceMap":{"version":3,"file":"C:/Users/p/Desktop/Falgun/my-doctors/myDoctorServer/src/models/doctors.ts","sources":["C:/Users/p/Desktop/Falgun/my-doctors/myDoctorServer/src/models/doctors.ts"],"names":[],"mappings":";;;AAAA,yCAAuD;AACvD,0CAAwC;AACxC,mCAA+B;AAqBlB,QAAA,OAAO,GAAG,oBAAS,CAAC,MAAM,CAAiB,QAAQ,EAAE;IAChE,EAAE,EAAE;QACF,IAAI,EAAE,qBAAS,CAAC,IAAI;QACpB,YAAY,EAAE,qBAAS,CAAC,MAAM;QAC9B,UAAU,EAAE,IAAI;QAChB,SAAS,EAAE,KAAK,EAAE,sBAAsB;KACzC;IACD,MAAM,EAAE;QACN,IAAI,EAAE,qBAAS,CAAC,IAAI;QACpB,UAAU,EAAE;YACV,KAAK,EAAE,YAAI;YACX,GAAG,EAAE,IAAI;SACV;KACF;IACD,SAAS,EAAE;QACT,IAAI,EAAE,qBAAS,CAAC,KAAK,CAAC,qBAAS,CAAC,IAAI,CAAC;KACtC;IACD,GAAG,EAAE;QACH,IAAI,EAAE,qBAAS,CAAC,MAAM;KACvB;IACD,KAAK,EAAE;QACL,IAAI,EAAE,qBAAS,CAAC,MAAM;KACvB;IACD,aAAa,EAAE;QACb,IAAI,EAAE,qBAAS,CAAC,KAAK,CAAC,qBAAS,CAAC,IAAI,CAAC;KACtC;IACD,aAAa,EAAE;QACb,IAAI,EAAE,qBAAS,CAAC,MAAM;KACvB;IACD,UAAU,EAAE;QACV,IAAI,EAAE,qBAAS,CAAC,KAAK,CAAC,qBAAS,CAAC,IAAI,CAAC;KACtC;CACF,CAAC,CAAC;AAEH,eAAO,CAAC,SAAS,CAAC,YAAI,CAAC,CAAC","sourcesContent":["import { Model, DataTypes, Optional } from \"sequelize\";\r\nimport { sequelize } from \"../database\";\r\nimport { user } from \"./users\";\r\n\r\n\r\nexport interface doctorAttributes {\r\n  Id: string;\r\n  userId:string;\r\n  languages?:Array<string>;\r\n  bio?:string;\r\n  image?:string;\r\n  Qualification?:Array<string>;\r\n  licenceNumber?:string;\r\n  experience?:Array<string>\r\n}\r\ninterface doctorCreationAttributes\r\n  extends Optional<doctorAttributes, 'Id'> {}\r\ninterface doctorInstance extends Model<doctorAttributes,doctorCreationAttributes>, \r\ndoctorAttributes {\r\n  createdAt?: Date;\r\n  updatedAt?: Date;\r\n}\r\n\r\nexport const doctors = sequelize.define<doctorInstance>(\"doctor\", {\r\n  Id: {\r\n    type: DataTypes.UUID,\r\n    defaultValue: DataTypes.UUIDV4,\r\n    primaryKey: true,\r\n    allowNull: false, // Or DataTypes.UUIDV1\r\n  },\r\n  userId: {\r\n    type: DataTypes.UUID,\r\n    references: {\r\n      model: user,\r\n      key: \"Id\",\r\n    },\r\n  },\r\n  languages: {\r\n    type: DataTypes.ARRAY(DataTypes.JSON),\r\n  },\r\n  bio: {\r\n    type: DataTypes.STRING,\r\n  },\r\n  image: {\r\n    type: DataTypes.STRING,\r\n  },\r\n  Qualification: {\r\n    type: DataTypes.ARRAY(DataTypes.JSON),\r\n  },\r\n  licenceNumber: {\r\n    type: DataTypes.STRING,\r\n  },\r\n  experience: {\r\n    type: DataTypes.ARRAY(DataTypes.JSON),\r\n  },\r\n});\r\n\r\ndoctors.belongsTo(user);\r\n\r\n"]},"_coverageSchema":"1a1c01bbd47fc00a2c39e90264f33305004495a9","hash":"637517082b00d1460cd40f21faedfbfa1c2d08f1","contentHash":"cf53f4bfc69512531adc57bcdc57c78e5dda88a3308a38149466013fbd9ba945"},"C:\\Users\\p\\Desktop\\Falgun\\my-doctors\\myDoctorServer\\src\\models\\patient.ts":{"path":"C:\\Users\\p\\Desktop\\Falgun\\my-doctors\\myDoctorServer\\src\\models\\patient.ts","statementMap":{"0":{"start":{"line":2,"column":0},"end":{"line":2,"column":62}},"1":{"start":{"line":3,"column":0},"end":{"line":3,"column":25}},"2":{"start":{"line":4,"column":20},"end":{"line":4,"column":40}},"3":{"start":{"line":5,"column":19},"end":{"line":5,"column":41}},"4":{"start":{"line":6,"column":16},"end":{"line":6,"column":34}},"5":{"start":{"line":7,"column":0},"end":{"line":48,"column":3}},"6":{"start":{"line":49,"column":0},"end":{"line":49,"column":40}}},"fnMap":{},"branchMap":{},"s":{"0":1,"1":1,"2":1,"3":1,"4":1,"5":1,"6":1},"f":{},"b":{},"inputSourceMap":{"version":3,"file":"C:/Users/p/Desktop/Falgun/my-doctors/myDoctorServer/src/models/patient.ts","sources":["C:/Users/p/Desktop/Falgun/my-doctors/myDoctorServer/src/models/patient.ts"],"names":[],"mappings":";;;AAAA,yCAAuD;AACvD,0CAAwC;AACxC,mCAA+B;AAyBlB,QAAA,OAAO,GAAG,oBAAS,CAAC,MAAM,CAAkB,SAAS,EAAE;IAClE,EAAE,EAAE;QACF,IAAI,EAAE,qBAAS,CAAC,IAAI;QACpB,YAAY,EAAE,qBAAS,CAAC,MAAM;QAC9B,UAAU,EAAE,IAAI;QAChB,SAAS,EAAE,KAAK,EAAE,sBAAsB;KACzC;IACD,MAAM,EAAE;QACN,IAAI,EAAE,qBAAS,CAAC,IAAI;QACpB,UAAU,EAAE;YACV,KAAK,EAAE,YAAI;YACX,GAAG,EAAE,IAAI;SACV;KACF;IACD,GAAG,EAAE;QACH,IAAI,EAAE,qBAAS,CAAC,MAAM;KACvB;IACD,UAAU,EAAE;QACV,IAAI,EAAE,qBAAS,CAAC,MAAM;KACvB;IACD,OAAO,EAAE;QACP,IAAI,EAAE,qBAAS,CAAC,MAAM;KACvB;IACD,MAAM,EAAE;QACN,IAAI,EAAE,qBAAS,CAAC,MAAM;KACvB;IACD,IAAI,EAAE;QACJ,IAAI,EAAE,qBAAS,CAAC,MAAM;KACvB;IACD,KAAK,EAAE;QACL,IAAI,EAAE,qBAAS,CAAC,MAAM;KACvB;IACD,OAAO,EAAE;QACP,IAAI,EAAE,qBAAS,CAAC,MAAM;KACvB;IACD,OAAO,EAAE;QACP,IAAI,EAAE,qBAAS,CAAC,MAAM;KACvB;IACD,KAAK,EAAE;QACL,IAAI,EAAE,qBAAS,CAAC,MAAM;KACvB;CACF,CAAC,CAAC;AACH,eAAO,CAAC,SAAS,CAAC,YAAI,CAAC,CAAA","sourcesContent":["import { Model, DataTypes, Optional } from \"sequelize\";\r\nimport { sequelize } from \"../database\";\r\nimport { user } from \"./users\";\r\n\r\n\r\nexport interface patientAttributes {\r\n  Id: string;\r\n  userId:string;\r\n  dob?:string;\r\n  BloodGroup?:string;\r\n  HouseNo?:string;\r\n  Colony?:string;\r\n  city?:string;\r\n  state?:string;\r\n  country?:string;\r\n  pincode?:string;\r\n  image?:string;\r\n}\r\ninterface patientCreationAttributes\r\n  extends Optional<patientAttributes, 'Id'> {}\r\ninterface patientInstance extends Model<patientAttributes,patientCreationAttributes>, \r\npatientAttributes {\r\n  createdAt?: Date;\r\n  updatedAt?: Date;\r\n}\r\n\r\n\r\nexport const patient = sequelize.define<patientInstance>(\"patient\", {\r\n  Id: {\r\n    type: DataTypes.UUID,\r\n    defaultValue: DataTypes.UUIDV4,\r\n    primaryKey: true,\r\n    allowNull: false, // Or DataTypes.UUIDV1\r\n  },\r\n  userId: {\r\n    type: DataTypes.UUID,\r\n    references: {\r\n      model: user,\r\n      key: \"Id\",\r\n    },\r\n  },\r\n  dob: {\r\n    type: DataTypes.STRING,\r\n  },\r\n  BloodGroup: {\r\n    type: DataTypes.STRING,\r\n  },\r\n  HouseNo: {\r\n    type: DataTypes.STRING,\r\n  },\r\n  Colony: {\r\n    type: DataTypes.STRING,\r\n  },\r\n  city: {\r\n    type: DataTypes.STRING,\r\n  },\r\n  state: {\r\n    type: DataTypes.STRING,\r\n  },\r\n  country: {\r\n    type: DataTypes.STRING,\r\n  },\r\n  pincode: {\r\n    type: DataTypes.STRING,\r\n  },\r\n  image: {\r\n    type: DataTypes.STRING,\r\n  },\r\n});\r\npatient.belongsTo(user)\r\n\r\n"]},"_coverageSchema":"1a1c01bbd47fc00a2c39e90264f33305004495a9","hash":"ce8f90bb6e3e5434f357f6c7d108c3f2a8901e1a","contentHash":"12a3224c265fc026ea192757c65752bf9523f9af5c332438f98c5b185349b891"},"C:\\Users\\p\\Desktop\\Falgun\\my-doctors\\myDoctorServer\\src\\models\\hospital.ts":{"path":"C:\\Users\\p\\Desktop\\Falgun\\my-doctors\\myDoctorServer\\src\\models\\hospital.ts","statementMap":{"0":{"start":{"line":2,"column":0},"end":{"line":2,"column":62}},"1":{"start":{"line":3,"column":0},"end":{"line":3,"column":26}},"2":{"start":{"line":4,"column":20},"end":{"line":4,"column":40}},"3":{"start":{"line":5,"column":19},"end":{"line":5,"column":41}},"4":{"start":{"line":6,"column":19},"end":{"line":6,"column":47}},"5":{"start":{"line":7,"column":0},"end":{"line":47,"column":3}},"6":{"start":{"line":32,"column":12},"end":{"line":32,"column":82}}},"fnMap":{"0":{"name":"(anonymous_0)","decl":{"start":{"line":31,"column":8},"end":{"line":31,"column":9}},"loc":{"start":{"line":31,"column":19},"end":{"line":33,"column":9}},"line":31}},"branchMap":{},"s":{"0":1,"1":1,"2":1,"3":1,"4":1,"5":1,"6":0},"f":{"0":0},"b":{},"inputSourceMap":{"version":3,"file":"C:/Users/p/Desktop/Falgun/my-doctors/myDoctorServer/src/models/hospital.ts","sources":["C:/Users/p/Desktop/Falgun/my-doctors/myDoctorServer/src/models/hospital.ts"],"names":[],"mappings":";;;AAAA,yCAA6C;AAC7C,0CAAwC;AACxC,gDAAoD;AAiBvC,QAAA,QAAQ,GAAC,oBAAS,CAAC,MAAM,CAAmB,UAAU,EAAC;IAChE,EAAE,EAAC;QACC,IAAI,EAAE,qBAAS,CAAC,IAAI;QACpB,YAAY,EAAE,qBAAS,CAAC,MAAM;QAC9B,UAAU,EAAC,IAAI;QACf,SAAS,EAAC,KAAK,CAAC,sBAAsB;KACvC;IACH,YAAY,EAAC;QACT,IAAI,EAAC,qBAAS,CAAC,MAAM;QACrB,SAAS,EAAC,KAAK;KAClB;IAED,KAAK,EAAC;QACF,IAAI,EAAC,qBAAS,CAAC,MAAM;QACrB,SAAS,EAAC,KAAK;QACf,MAAM,EAAC,IAAI;KACd;IACD,aAAa,EAAC;QACV,IAAI,EAAC,qBAAS,CAAC,MAAM;QACrB,SAAS,EAAC,KAAK;QACf,MAAM,EAAC,IAAI;KACd;IACD,QAAQ,EAAC;QACL,IAAI,EAAC,qBAAS,CAAC,MAAM;QACrB,SAAS,EAAC,KAAK;QACf,GAAG,CAAC,KAAY;YACZ,IAAI,CAAC,YAAY,CAAC,UAAU,EAAC,IAAA,0BAAe,EAAC,KAAK,CAAC,CAAC,CAAA;QACxD,CAAC;KACJ;IACD,QAAQ,EAAC;QACH,IAAI,EAAC,qBAAS,CAAC,MAAM;QACrB,SAAS,EAAC,KAAK;KACpB;IACD,OAAO,EAAC;QACJ,IAAI,EAAC,qBAAS,CAAC,OAAO;QACtB,YAAY,EAAE,IAAI;KACrB;IACD,OAAO,EAAC;QACJ,IAAI,EAAC,qBAAS,CAAC,OAAO;QACtB,YAAY,EAAE,KAAK;KACtB;CACJ,CAAC,CAAA","sourcesContent":["import { Model, DataTypes } from \"sequelize\";\r\nimport { sequelize } from \"../database\";\r\nimport { getHashPassword } from \"../utils/password\";\r\n\r\nexport interface hospitalAttributes {\r\n  Id: string;\r\n  hospitalName: string;\r\n  email: string;\r\n  contactNumber: string;\r\n  password: string;\r\n  location: string;\r\n  enabled: boolean;\r\n  deleted: boolean;\r\n}\r\ninterface hospitalInstance extends Model<hospitalAttributes>, \r\nhospitalAttributes {\r\n  createdAt?: Date;\r\n  updatedAt?: Date;\r\n}\r\nexport const hospital=sequelize.define<hospitalInstance>('hospital',{\r\n    Id:{\r\n        type: DataTypes.UUID,\r\n        defaultValue: DataTypes.UUIDV4,\r\n        primaryKey:true,\r\n        allowNull:false // Or DataTypes.UUIDV1\r\n      },\r\n    hospitalName:{\r\n        type:DataTypes.STRING,\r\n        allowNull:false,\r\n    },\r\n   \r\n    email:{\r\n        type:DataTypes.STRING,\r\n        allowNull:false,\r\n        unique:true\r\n    },\r\n    contactNumber:{\r\n        type:DataTypes.STRING,\r\n        allowNull:false,\r\n        unique:true\r\n    },\r\n    password:{\r\n        type:DataTypes.STRING,\r\n        allowNull:false,\r\n        set(value:string){\r\n            this.setDataValue('password',getHashPassword(value))\r\n        }      \r\n    },\r\n    location:{\r\n          type:DataTypes.STRING,\r\n          allowNull:false\r\n    },\r\n    enabled:{\r\n        type:DataTypes.BOOLEAN,\r\n        defaultValue: true \r\n    },\r\n    deleted:{\r\n        type:DataTypes.BOOLEAN,\r\n        defaultValue: false\r\n    },\r\n})\r\n\r\n"]},"_coverageSchema":"1a1c01bbd47fc00a2c39e90264f33305004495a9","hash":"8f10587d5f4526399adbc81969e99969d93ddb31","contentHash":"15b5bf734c2d0d58dddd76138ff22c7a614f59fda5f540eb69a3753bf50d05b2"},"C:\\Users\\p\\Desktop\\Falgun\\my-doctors\\myDoctorServer\\src\\models\\slots.ts":{"path":"C:\\Users\\p\\Desktop\\Falgun\\my-doctors\\myDoctorServer\\src\\models\\slots.ts","statementMap":{"0":{"start":{"line":2,"column":0},"end":{"line":2,"column":62}},"1":{"start":{"line":3,"column":0},"end":{"line":3,"column":23}},"2":{"start":{"line":4,"column":20},"end":{"line":4,"column":40}},"3":{"start":{"line":5,"column":19},"end":{"line":5,"column":41}},"4":{"start":{"line":6,"column":18},"end":{"line":6,"column":38}},"5":{"start":{"line":7,"column":19},"end":{"line":7,"column":40}},"6":{"start":{"line":8,"column":0},"end":{"line":51,"column":3}},"7":{"start":{"line":52,"column":0},"end":{"line":52,"column":43}},"8":{"start":{"line":53,"column":0},"end":{"line":53,"column":45}}},"fnMap":{},"branchMap":{},"s":{"0":1,"1":1,"2":1,"3":1,"4":1,"5":1,"6":1,"7":1,"8":1},"f":{},"b":{},"inputSourceMap":{"version":3,"file":"C:/Users/p/Desktop/Falgun/my-doctors/myDoctorServer/src/models/slots.ts","sources":["C:/Users/p/Desktop/Falgun/my-doctors/myDoctorServer/src/models/slots.ts"],"names":[],"mappings":";;;AAAA,yCAA6C;AAC7C,0CAAwC;AACxC,uCAAoC;AACpC,yCAAsC;AAiBzB,QAAA,KAAK,GAAG,oBAAS,CAAC,MAAM,CAAgB,MAAM,EAAC;IAC1D,EAAE,EAAE;QACF,IAAI,EAAE,qBAAS,CAAC,IAAI;QACpB,YAAY,EAAE,qBAAS,CAAC,MAAM;QAC9B,UAAU,EAAE,IAAI;QAChB,SAAS,EAAE,KAAK,EAAE,sBAAsB;KACzC;IACD,SAAS,EAAE;QACT,IAAI,EAAE,qBAAS,CAAC,IAAI;QACpB,SAAS,EAAE,KAAK;KACjB;IACD,OAAO,EAAE;QACP,IAAI,EAAE,qBAAS,CAAC,IAAI;QACpB,SAAS,EAAE,KAAK;KACjB;IACD,QAAQ,EAAC;QACP,IAAI,EAAE,qBAAS,CAAC,IAAI;QACpB,UAAU,EAAC;YACP,KAAK,EAAC,iBAAO;YACb,GAAG,EAAC,IAAI;SACX;QACD,SAAS,EAAC,KAAK;KAChB;IACD,UAAU,EAAC;QACT,IAAI,EAAE,qBAAS,CAAC,IAAI;QACpB,UAAU,EAAC;YACP,KAAK,EAAC,mBAAQ;YACd,GAAG,EAAC,IAAI;SACX;QACD,SAAS,EAAC,KAAK;KAChB;IACD,OAAO,EAAE;QACP,IAAI,EAAE,qBAAS,CAAC,OAAO;QACvB,YAAY,EAAE,KAAK;KACpB;IACD,IAAI,EAAC;QACH,IAAI,EAAC,qBAAS,CAAC,OAAO;QACtB,SAAS,EAAC,KAAK;KAChB;IACD,KAAK,EAAC;QACJ,IAAI,EAAC,qBAAS,CAAC,OAAO;QACtB,YAAY,EAAE,CAAC;KAChB;CACF,CAAC,CAAC;AAEH,aAAK,CAAC,SAAS,CAAC,iBAAO,CAAC,CAAA;AACxB,aAAK,CAAC,SAAS,CAAC,mBAAQ,CAAC,CAAA","sourcesContent":["import { Model, DataTypes } from \"sequelize\";\r\nimport { sequelize } from \"../database\";\r\nimport { doctors } from \"./doctors\";\r\nimport { hospital } from \"./hospital\";\r\ninterface slotsAttributes {\r\n  Id: string;\r\n  startTime:Date;\r\n  endTime:Date;\r\n  doctorId:string;\r\n  hospitalId:string;\r\n  deleted:boolean;\r\n  size:number;\r\n  count:number\r\n}\r\ninterface slotsInstance extends Model<slotsAttributes>, \r\nslotsAttributes {\r\n  createdAt?: Date;\r\n  updatedAt?: Date;\r\n}\r\n\r\nexport const slots = sequelize.define<slotsInstance>(\"slot\",{\r\n  Id: {\r\n    type: DataTypes.UUID,\r\n    defaultValue: DataTypes.UUIDV4,\r\n    primaryKey: true,\r\n    allowNull: false, // Or DataTypes.UUIDV1\r\n  },\r\n  startTime: {\r\n    type: DataTypes.DATE,\r\n    allowNull: false,\r\n  },\r\n  endTime: {\r\n    type: DataTypes.DATE,\r\n    allowNull: false,\r\n  },\r\n  doctorId:{\r\n    type: DataTypes.UUID,\r\n    references:{\r\n        model:doctors,\r\n        key:\"Id\"\r\n    },\r\n    allowNull:false\r\n  },\r\n  hospitalId:{\r\n    type: DataTypes.UUID,\r\n    references:{\r\n        model:hospital,\r\n        key:\"Id\"\r\n    },\r\n    allowNull:false\r\n  },\r\n  deleted: {\r\n    type: DataTypes.BOOLEAN,\r\n    defaultValue: false,\r\n  },\r\n  size:{\r\n    type:DataTypes.INTEGER,\r\n    allowNull:false\r\n  },\r\n  count:{\r\n    type:DataTypes.INTEGER,\r\n    defaultValue: 0,\r\n  },\r\n});\r\n\r\nslots.belongsTo(doctors)\r\nslots.belongsTo(hospital)"]},"_coverageSchema":"1a1c01bbd47fc00a2c39e90264f33305004495a9","hash":"a6f5297444e841559d061b98c67c459882d9f89d","contentHash":"9f7259e54ddc59a09007d8ce78049f7e9f70148d95263effed8d98d237a2b196"},"C:\\Users\\p\\Desktop\\Falgun\\my-doctors\\myDoctorServer\\src\\models\\appointment.ts":{"path":"C:\\Users\\p\\Desktop\\Falgun\\my-doctors\\myDoctorServer\\src\\models\\appointment.ts","statementMap":{"0":{"start":{"line":2,"column":0},"end":{"line":2,"column":62}},"1":{"start":{"line":3,"column":0},"end":{"line":3,"column":29}},"2":{"start":{"line":4,"column":20},"end":{"line":4,"column":40}},"3":{"start":{"line":5,"column":19},"end":{"line":5,"column":41}},"4":{"start":{"line":6,"column":16},"end":{"line":6,"column":34}},"5":{"start":{"line":7,"column":18},"end":{"line":7,"column":38}},"6":{"start":{"line":8,"column":18},"end":{"line":8,"column":38}},"7":{"start":{"line":9,"column":0},"end":{"line":47,"column":3}},"8":{"start":{"line":48,"column":0},"end":{"line":48,"column":45}},"9":{"start":{"line":49,"column":0},"end":{"line":49,"column":49}},"10":{"start":{"line":50,"column":0},"end":{"line":50,"column":49}}},"fnMap":{},"branchMap":{},"s":{"0":1,"1":1,"2":1,"3":1,"4":1,"5":1,"6":1,"7":1,"8":1,"9":1,"10":1},"f":{},"b":{},"inputSourceMap":{"version":3,"file":"C:/Users/p/Desktop/Falgun/my-doctors/myDoctorServer/src/models/appointment.ts","sources":["C:/Users/p/Desktop/Falgun/my-doctors/myDoctorServer/src/models/appointment.ts"],"names":[],"mappings":";;;AAAA,yCAA6C;AAC7C,0CAAwC;AACxC,mCAAgC;AAChC,uCAAoC;AACpC,uCAAoC;AAevB,QAAA,WAAW,GAAC,oBAAS,CAAC,MAAM,CAAsB,cAAc,EAAC;IAC1E,EAAE,EAAE;QACA,IAAI,EAAE,qBAAS,CAAC,IAAI;QACpB,YAAY,EAAE,qBAAS,CAAC,MAAM;QAC9B,UAAU,EAAE,IAAI;QAChB,SAAS,EAAE,KAAK,EAAE,sBAAsB;KACzC;IACF,SAAS,EAAE;QACR,IAAI,EAAE,qBAAS,CAAC,IAAI;QACpB,UAAU,EAAE;YACV,KAAK,EAAE,iBAAO;YACd,GAAG,EAAE,IAAI;SACV;KACF;IACD,QAAQ,EAAE;QACR,IAAI,EAAE,qBAAS,CAAC,IAAI;QACpB,UAAU,EAAE;YACV,KAAK,EAAE,iBAAO;YACd,GAAG,EAAE,IAAI;SACV;KACF;IACF,MAAM,EAAE;QACL,IAAI,EAAE,qBAAS,CAAC,IAAI;QACpB,UAAU,EAAE;YACV,KAAK,EAAE,aAAK;YACZ,GAAG,EAAE,IAAI;SACV;KACF;IACD,iBAAiB,EAAC;QAChB,IAAI,EAAC,qBAAS,CAAC,IAAI,CAAC,aAAa,EAAC,SAAS,EAAC,WAAW,EAAC,WAAW,CAAC;QACpE,YAAY,EAAC,aAAa;KAC3B;IACD,SAAS,EAAE;QACT,IAAI,EAAE,qBAAS,CAAC,MAAM;KACvB;IACD,iBAAiB,EAAE;QACjB,IAAI,EAAE,qBAAS,CAAC,MAAM;KACvB;CACN,CAAC,CAAA;AACF,mBAAW,CAAC,SAAS,CAAC,aAAK,CAAC,CAAA;AAC5B,mBAAW,CAAC,SAAS,CAAC,iBAAO,CAAC,CAAA;AAC9B,mBAAW,CAAC,SAAS,CAAC,iBAAO,CAAC,CAAA","sourcesContent":["import { Model, DataTypes } from \"sequelize\";\r\nimport { sequelize } from \"../database\";\r\nimport { slots } from \"./slots\";\r\nimport { doctors } from \"./doctors\";\r\nimport { patient } from \"./patient\";\r\ninterface appointmentAttributes {\r\n    Id: string;\r\n    patientId:string;\r\n    doctorId:string;\r\n    slotId:string;\r\n    appointmentStatus:string,\r\n    otherName:string,\r\n    otherMobileNumber:string\r\n  }\r\n  interface appointmentInstance extends Model<appointmentAttributes>, \r\n appointmentAttributes {\r\n    createdAt?: Date;\r\n    updatedAt?: Date;\r\n  }\r\nexport const appointment=sequelize.define<appointmentInstance>(\"appointments\",{\r\n    Id: {\r\n        type: DataTypes.UUID,\r\n        defaultValue: DataTypes.UUIDV4,\r\n        primaryKey: true,\r\n        allowNull: false, // Or DataTypes.UUIDV1\r\n      },\r\n     patientId: {\r\n        type: DataTypes.UUID,\r\n        references: {\r\n          model: patient,\r\n          key: \"Id\",\r\n        },\r\n      },\r\n      doctorId: {\r\n        type: DataTypes.UUID,\r\n        references: {\r\n          model: doctors,\r\n          key: \"Id\",\r\n        },\r\n      },\r\n     slotId: {\r\n        type: DataTypes.UUID,\r\n        references: {\r\n          model: slots,\r\n          key: \"Id\",\r\n        },\r\n      },\r\n      appointmentStatus:{\r\n        type:DataTypes.ENUM(\"Not Started\",\"Ongoing\",\"Completed\",\"Cancelled\"),\r\n        defaultValue:\"Not Started\"\r\n      },\r\n      otherName: {\r\n        type: DataTypes.STRING,\r\n      },\r\n      otherMobileNumber: {\r\n        type: DataTypes.STRING,\r\n      },\r\n})\r\nappointment.belongsTo(slots)\r\nappointment.belongsTo(doctors)\r\nappointment.belongsTo(patient)\r\n\r\n"]},"_coverageSchema":"1a1c01bbd47fc00a2c39e90264f33305004495a9","hash":"14322b1cf691bbc625382d9c7cf3da4f84dfaee9","contentHash":"57e1424b2efc8994fdb6d59a4943a368b6ac1c6102c97009ed2550a5dd681adc"},"C:\\Users\\p\\Desktop\\Falgun\\my-doctors\\myDoctorServer\\src\\models\\speciality.ts":{"path":"C:\\Users\\p\\Desktop\\Falgun\\my-doctors\\myDoctorServer\\src\\models\\speciality.ts","statementMap":{"0":{"start":{"line":2,"column":0},"end":{"line":2,"column":62}},"1":{"start":{"line":3,"column":0},"end":{"line":3,"column":28}},"2":{"start":{"line":4,"column":20},"end":{"line":4,"column":40}},"3":{"start":{"line":5,"column":19},"end":{"line":5,"column":41}},"4":{"start":{"line":6,"column":0},"end":{"line":33,"column":3}}},"fnMap":{},"branchMap":{},"s":{"0":1,"1":1,"2":1,"3":1,"4":1},"f":{},"b":{},"inputSourceMap":{"version":3,"file":"C:/Users/p/Desktop/Falgun/my-doctors/myDoctorServer/src/models/speciality.ts","sources":["C:/Users/p/Desktop/Falgun/my-doctors/myDoctorServer/src/models/speciality.ts"],"names":[],"mappings":";;;AAAA,yCAA6C;AAC7C,0CAAwC;AAgB3B,QAAA,UAAU,GAAG,oBAAS,CAAC,MAAM,CAAqB,YAAY,EAAE;IAC3E,EAAE,EAAE;QACF,IAAI,EAAE,qBAAS,CAAC,IAAI;QACpB,YAAY,EAAE,qBAAS,CAAC,MAAM;QAC9B,UAAU,EAAE,IAAI;QAChB,SAAS,EAAE,KAAK,EAAE,sBAAsB;KACzC;IACD,IAAI,EAAE;QACJ,IAAI,EAAE,qBAAS,CAAC,MAAM;QACtB,SAAS,EAAE,KAAK;KACjB;IACD,OAAO,EAAE;QACP,IAAI,EAAE,qBAAS,CAAC,OAAO;QACvB,YAAY,EAAE,IAAI;KACnB;IACD,QAAQ,EAAE;QACR,IAAI,EAAE,qBAAS,CAAC,OAAO;QACvB,YAAY,EAAE,IAAI;KACnB;IACD,OAAO,EAAE;QACP,IAAI,EAAE,qBAAS,CAAC,OAAO;QACvB,YAAY,EAAE,KAAK;KACpB;IACD,QAAQ,EAAE;QACR,IAAI,EAAE,qBAAS,CAAC,MAAM;QACtB,SAAS,EAAE,KAAK;KACjB;CACF,CAAC,CAAC","sourcesContent":["import { Model, DataTypes } from \"sequelize\";\r\nimport { sequelize } from \"../database\";\r\n\r\nexport interface specialityAttributes {\r\n  Id: string;\r\n name:string;\r\n enabled:boolean;\r\n reviewed:boolean;\r\n deleted:boolean;\r\n imageUrl:string\r\n}\r\nexport interface specialityInstance extends Model<specialityAttributes>, \r\nspecialityAttributes {\r\n  createdAt?: Date;\r\n  updatedAt?: Date;\r\n}\r\n\r\nexport const speciality = sequelize.define<specialityInstance>(\"speciality\", {\r\n  Id: {\r\n    type: DataTypes.UUID,\r\n    defaultValue: DataTypes.UUIDV4,\r\n    primaryKey: true,\r\n    allowNull: false, // Or DataTypes.UUIDV1\r\n  },\r\n  name: {\r\n    type: DataTypes.STRING,\r\n    allowNull: false,\r\n  },\r\n  enabled: {\r\n    type: DataTypes.BOOLEAN,\r\n    defaultValue: true,\r\n  },\r\n  reviewed: {\r\n    type: DataTypes.BOOLEAN,\r\n    defaultValue: true,\r\n  },\r\n  deleted: {\r\n    type: DataTypes.BOOLEAN,\r\n    defaultValue: false,\r\n  },\r\n  imageUrl: {\r\n    type: DataTypes.STRING,\r\n    allowNull: false,\r\n  },\r\n});\r\n\r\n"]},"_coverageSchema":"1a1c01bbd47fc00a2c39e90264f33305004495a9","hash":"e90efac4d461598a7a0cf800b427d45cf1cd75e9","contentHash":"185068d39761bfcab682f843212ea5aeae77889eeab075248698fe73f476cb67"},"C:\\Users\\p\\Desktop\\Falgun\\my-doctors\\myDoctorServer\\src\\models\\doctorSpecialityMapping.ts":{"path":"C:\\Users\\p\\Desktop\\Falgun\\my-doctors\\myDoctorServer\\src\\models\\doctorSpecialityMapping.ts","statementMap":{"0":{"start":{"line":2,"column":0},"end":{"line":2,"column":62}},"1":{"start":{"line":3,"column":0},"end":{"line":3,"column":41}},"2":{"start":{"line":4,"column":20},"end":{"line":4,"column":40}},"3":{"start":{"line":5,"column":19},"end":{"line":5,"column":41}},"4":{"start":{"line":6,"column":18},"end":{"line":6,"column":38}},"5":{"start":{"line":7,"column":21},"end":{"line":7,"column":44}},"6":{"start":{"line":8,"column":0},"end":{"line":29,"column":3}},"7":{"start":{"line":30,"column":0},"end":{"line":30,"column":103}},"8":{"start":{"line":31,"column":0},"end":{"line":31,"column":103}}},"fnMap":{},"branchMap":{},"s":{"0":1,"1":1,"2":1,"3":1,"4":1,"5":1,"6":1,"7":1,"8":1},"f":{},"b":{},"inputSourceMap":{"version":3,"file":"C:/Users/p/Desktop/Falgun/my-doctors/myDoctorServer/src/models/doctorSpecialityMapping.ts","sources":["C:/Users/p/Desktop/Falgun/my-doctors/myDoctorServer/src/models/doctorSpecialityMapping.ts"],"names":[],"mappings":";;;AAAA,yCAAuD;AACvD,0CAAwC;AACxC,uCAAoC;AACpC,6CAA0C;AAe7B,QAAA,uBAAuB,GAAC,oBAAS,CAAC,MAAM,CAA2B,yBAAyB,EAAC;IACtG,EAAE,EAAC;QACC,IAAI,EAAE,qBAAS,CAAC,IAAI;QACpB,YAAY,EAAE,qBAAS,CAAC,MAAM;QAC9B,UAAU,EAAC,IAAI;QACf,SAAS,EAAC,KAAK,CAAC,sBAAsB;KACvC;IACD,QAAQ,EAAC;QACP,IAAI,EAAC,qBAAS,CAAC,IAAI;QACnB,UAAU,EAAE;YACR,KAAK,EAAE,iBAAO;YACd,GAAG,EAAE,IAAI;SACV;KACJ;IACD,YAAY,EAAC;QACX,IAAI,EAAC,qBAAS,CAAC,IAAI;QACnB,UAAU,EAAE;YACR,KAAK,EAAE,uBAAU;YACjB,GAAG,EAAE,IAAI;SACV;KACJ;CACN,CAAC,CAAA;AACF,iBAAO,CAAC,aAAa,CAAC,uBAAU,EAAC,EAAC,OAAO,EAAC,+BAAuB,EAAC,CAAC,CAAA;AACnE,uBAAU,CAAC,aAAa,CAAC,iBAAO,EAAC,EAAC,OAAO,EAAC,+BAAuB,EAAC,CAAC,CAAA","sourcesContent":["import { Model, DataTypes, Optional } from \"sequelize\";\r\nimport { sequelize } from \"../database\";\r\nimport { doctors } from \"./doctors\";\r\nimport { speciality } from \"./speciality\";\r\n\r\ninterface DoctorSpecialityAttributes {\r\n    Id: string;\r\n    doctorId:string;\r\n    specialityId:string;\r\n  }\r\n  interface DoctorSpecialityCreationAttributes\r\n  extends Optional<DoctorSpecialityAttributes, 'Id'> {}\r\n  interface DoctorSpecialityInstance extends Model<DoctorSpecialityAttributes,DoctorSpecialityCreationAttributes>, \r\n  DoctorSpecialityAttributes {\r\n    createdAt?: Date;\r\n    updatedAt?: Date;\r\n  }\r\n\r\nexport const doctorSpecialityMapping=sequelize.define<DoctorSpecialityInstance>(\"doctorSpecialityMapping\",{\r\n    Id:{\r\n        type: DataTypes.UUID,\r\n        defaultValue: DataTypes.UUIDV4,\r\n        primaryKey:true,\r\n        allowNull:false // Or DataTypes.UUIDV1\r\n      },\r\n      doctorId:{\r\n        type:DataTypes.UUID,\r\n        references: {\r\n            model: doctors,\r\n            key: \"Id\",\r\n          },\r\n      },\r\n      specialityId:{\r\n        type:DataTypes.UUID,\r\n        references: {\r\n            model: speciality,\r\n            key: \"Id\",\r\n          },\r\n      }\r\n})\r\ndoctors.belongsToMany(speciality,{through:doctorSpecialityMapping})\r\nspeciality.belongsToMany(doctors,{through:doctorSpecialityMapping})\r\n"]},"_coverageSchema":"1a1c01bbd47fc00a2c39e90264f33305004495a9","hash":"8e3d2b786bd824194514b82e821e9f28cfdf80cd","contentHash":"e60dedc79b017c6e08b95e068d676909a82d35acadb0a8ab87fa434751fcbf1b"},"C:\\Users\\p\\Desktop\\Falgun\\my-doctors\\myDoctorServer\\src\\models\\hospitalDoctorMapping.ts":{"path":"C:\\Users\\p\\Desktop\\Falgun\\my-doctors\\myDoctorServer\\src\\models\\hospitalDoctorMapping.ts","statementMap":{"0":{"start":{"line":2,"column":0},"end":{"line":2,"column":62}},"1":{"start":{"line":3,"column":0},"end":{"line":3,"column":39}},"2":{"start":{"line":4,"column":20},"end":{"line":4,"column":40}},"3":{"start":{"line":5,"column":19},"end":{"line":5,"column":41}},"4":{"start":{"line":6,"column":18},"end":{"line":6,"column":38}},"5":{"start":{"line":7,"column":19},"end":{"line":7,"column":40}},"6":{"start":{"line":8,"column":0},"end":{"line":37,"column":3}},"7":{"start":{"line":38,"column":0},"end":{"line":38,"column":97}},"8":{"start":{"line":39,"column":0},"end":{"line":39,"column":97}}},"fnMap":{},"branchMap":{},"s":{"0":1,"1":1,"2":1,"3":1,"4":1,"5":1,"6":1,"7":1,"8":1},"f":{},"b":{},"inputSourceMap":{"version":3,"file":"C:/Users/p/Desktop/Falgun/my-doctors/myDoctorServer/src/models/hospitalDoctorMapping.ts","sources":["C:/Users/p/Desktop/Falgun/my-doctors/myDoctorServer/src/models/hospitalDoctorMapping.ts"],"names":[],"mappings":";;;AAAA,yCAAuD;AACvD,0CAAwC;AACxC,uCAAoC;AACpC,yCAAsC;AAkBzB,QAAA,qBAAqB,GAAC,oBAAS,CAAC,MAAM,CAAyB,uBAAuB,EAAC;IAChG,EAAE,EAAC;QACC,IAAI,EAAE,qBAAS,CAAC,IAAI;QACpB,YAAY,EAAE,qBAAS,CAAC,MAAM;QAC9B,UAAU,EAAC,IAAI;QACf,SAAS,EAAC,KAAK,CAAC,sBAAsB;KACvC;IACD,UAAU,EAAC;QACT,IAAI,EAAC,qBAAS,CAAC,IAAI;QACnB,UAAU,EAAE;YACR,KAAK,EAAE,mBAAQ;YACf,GAAG,EAAE,IAAI;SACV;KACJ;IACD,QAAQ,EAAC;QACP,IAAI,EAAC,qBAAS,CAAC,IAAI;QACnB,UAAU,EAAE;YACR,KAAK,EAAE,iBAAO;YACd,GAAG,EAAE,IAAI;SACV;KACJ;IACD,eAAe,EAAC;QACd,IAAI,EAAC,qBAAS,CAAC,OAAO;QACtB,SAAS,EAAC,KAAK;KAChB;IACD,QAAQ,EAAC;QACP,IAAI,EAAC,qBAAS,CAAC,MAAM;QACrB,SAAS,EAAC,KAAK;KAChB;CACN,CAAC,CAAA;AACF,iBAAO,CAAC,aAAa,CAAC,mBAAQ,EAAC,EAAC,OAAO,EAAC,6BAAqB,EAAC,CAAC,CAAA;AAC/D,mBAAQ,CAAC,aAAa,CAAC,iBAAO,EAAC,EAAC,OAAO,EAAC,6BAAqB,EAAC,CAAC,CAAA","sourcesContent":["import { Model, DataTypes, Optional } from \"sequelize\";\r\nimport { sequelize } from \"../database\";\r\nimport { doctors } from \"./doctors\";\r\nimport { hospital } from \"./hospital\";\r\n\r\n\r\nexport interface DoctorHospitalAttributes {\r\n    Id: string;\r\n    hospitalId:string;\r\n    doctorId:string;\r\n    consultationFee:number;\r\n    position:string\r\n  }\r\n  interface DoctorHospitalCreationAttributes\r\n  extends Optional<DoctorHospitalAttributes, 'Id'> {}\r\n  interface DoctorHospitalInstance extends Model<DoctorHospitalAttributes,DoctorHospitalCreationAttributes>, \r\n  DoctorHospitalAttributes {\r\n    createdAt?: Date;\r\n    updatedAt?: Date;\r\n  }\r\n\r\nexport const hospitalDoctorMapping=sequelize.define<DoctorHospitalInstance>(\"hospitalDoctorMapping\",{\r\n    Id:{\r\n        type: DataTypes.UUID,\r\n        defaultValue: DataTypes.UUIDV4,\r\n        primaryKey:true,\r\n        allowNull:false // Or DataTypes.UUIDV1\r\n      },\r\n      hospitalId:{\r\n        type:DataTypes.UUID,\r\n        references: {\r\n            model: hospital,\r\n            key: \"Id\",\r\n          },\r\n      },\r\n      doctorId:{\r\n        type:DataTypes.UUID,\r\n        references: {\r\n            model: doctors,\r\n            key: \"Id\",\r\n          },\r\n      },\r\n      consultationFee:{\r\n        type:DataTypes.INTEGER,\r\n        allowNull:false\r\n      },\r\n      position:{\r\n        type:DataTypes.STRING,\r\n        allowNull:false\r\n      }\r\n})\r\ndoctors.belongsToMany(hospital,{through:hospitalDoctorMapping})\r\nhospital.belongsToMany(doctors,{through:hospitalDoctorMapping})\r\n"]},"_coverageSchema":"1a1c01bbd47fc00a2c39e90264f33305004495a9","hash":"7310e2a26924239a83263058c60e302d75c30c16","contentHash":"d6d15f73cd47032700af97d45f18b876290337a7e0353c3cd089fcf08e385d23"},"C:\\Users\\p\\Desktop\\Falgun\\my-doctors\\myDoctorServer\\src\\routes\\route.ts":{"path":"C:\\Users\\p\\Desktop\\Falgun\\my-doctors\\myDoctorServer\\src\\routes\\route.ts","statementMap":{"0":{"start":{"line":2,"column":22},"end":{"line":4,"column":1}},"1":{"start":{"line":3,"column":4},"end":{"line":3,"column":62}},"2":{"start":{"line":5,"column":0},"end":{"line":5,"column":62}},"3":{"start":{"line":6,"column":0},"end":{"line":6,"column":41}},"4":{"start":{"line":7,"column":18},"end":{"line":7,"column":53}},"5":{"start":{"line":8,"column":17},"end":{"line":8,"column":51}},"6":{"start":{"line":9,"column":23},"end":{"line":9,"column":61}},"7":{"start":{"line":10,"column":18},"end":{"line":10,"column":51}},"8":{"start":{"line":11,"column":18},"end":{"line":11,"column":51}},"9":{"start":{"line":12,"column":19},"end":{"line":12,"column":53}},"10":{"start":{"line":13,"column":25},"end":{"line":13,"column":65}},"11":{"start":{"line":14,"column":26},"end":{"line":14,"column":67}},"12":{"start":{"line":15,"column":25},"end":{"line":15,"column":65}},"13":{"start":{"line":16,"column":25},"end":{"line":16,"column":65}},"14":{"start":{"line":17,"column":24},"end":{"line":17,"column":63}},"15":{"start":{"line":18,"column":15},"end":{"line":18,"column":45}},"16":{"start":{"line":19,"column":19},"end":{"line":19,"column":53}},"17":{"start":{"line":20,"column":16},"end":{"line":20,"column":47}},"18":{"start":{"line":21,"column":22},"end":{"line":21,"column":59}},"19":{"start":{"line":22,"column":22},"end":{"line":22,"column":59}},"20":{"start":{"line":23,"column":0},"end":{"line":23,"column":43}},"21":{"start":{"line":24,"column":0},"end":{"line":31,"column":3}},"22":{"start":{"line":26,"column":8},"end":{"line":26,"column":50}},"23":{"start":{"line":29,"column":8},"end":{"line":29,"column":36}},"24":{"start":{"line":32,"column":15},"end":{"line":32,"column":66}},"25":{"start":{"line":33,"column":0},"end":{"line":33,"column":69}},"26":{"start":{"line":34,"column":0},"end":{"line":34,"column":59}},"27":{"start":{"line":35,"column":0},"end":{"line":35,"column":57}},"28":{"start":{"line":36,"column":0},"end":{"line":36,"column":62}},"29":{"start":{"line":37,"column":0},"end":{"line":37,"column":71}},"30":{"start":{"line":38,"column":0},"end":{"line":38,"column":74}},"31":{"start":{"line":39,"column":0},"end":{"line":39,"column":71}},"32":{"start":{"line":40,"column":0},"end":{"line":40,"column":98}},"33":{"start":{"line":41,"column":0},"end":{"line":41,"column":50}},"34":{"start":{"line":42,"column":0},"end":{"line":42,"column":86}},"35":{"start":{"line":43,"column":0},"end":{"line":43,"column":52}},"36":{"start":{"line":45,"column":0},"end":{"line":45,"column":46}},"37":{"start":{"line":46,"column":0},"end":{"line":46,"column":58}},"38":{"start":{"line":47,"column":0},"end":{"line":47,"column":70}},"39":{"start":{"line":48,"column":0},"end":{"line":48,"column":57}},"40":{"start":{"line":49,"column":0},"end":{"line":49,"column":52}},"41":{"start":{"line":50,"column":0},"end":{"line":50,"column":58}},"42":{"start":{"line":51,"column":0},"end":{"line":51,"column":81}},"43":{"start":{"line":52,"column":0},"end":{"line":52,"column":65}},"44":{"start":{"line":53,"column":0},"end":{"line":53,"column":71}}},"fnMap":{"0":{"name":"(anonymous_0)","decl":{"start":{"line":2,"column":56},"end":{"line":2,"column":57}},"loc":{"start":{"line":2,"column":71},"end":{"line":4,"column":1}},"line":2},"1":{"name":"(anonymous_1)","decl":{"start":{"line":25,"column":17},"end":{"line":25,"column":18}},"loc":{"start":{"line":25,"column":42},"end":{"line":27,"column":5}},"line":25},"2":{"name":"(anonymous_2)","decl":{"start":{"line":28,"column":14},"end":{"line":28,"column":15}},"loc":{"start":{"line":28,"column":39},"end":{"line":30,"column":5}},"line":28}},"branchMap":{"0":{"loc":{"start":{"line":2,"column":22},"end":{"line":4,"column":1}},"type":"binary-expr","locations":[{"start":{"line":2,"column":23},"end":{"line":2,"column":27}},{"start":{"line":2,"column":31},"end":{"line":2,"column":51}},{"start":{"line":2,"column":56},"end":{"line":4,"column":1}}],"line":2},"1":{"loc":{"start":{"line":3,"column":11},"end":{"line":3,"column":61}},"type":"cond-expr","locations":[{"start":{"line":3,"column":37},"end":{"line":3,"column":40}},{"start":{"line":3,"column":43},"end":{"line":3,"column":61}}],"line":3},"2":{"loc":{"start":{"line":3,"column":12},"end":{"line":3,"column":33}},"type":"binary-expr","locations":[{"start":{"line":3,"column":12},"end":{"line":3,"column":15}},{"start":{"line":3,"column":19},"end":{"line":3,"column":33}}],"line":3}},"s":{"0":1,"1":2,"2":1,"3":1,"4":1,"5":1,"6":1,"7":1,"8":1,"9":1,"10":1,"11":1,"12":1,"13":1,"14":1,"15":1,"16":1,"17":1,"18":1,"19":1,"20":1,"21":1,"22":0,"23":0,"24":1,"25":1,"26":1,"27":1,"28":1,"29":1,"30":1,"31":1,"32":1,"33":1,"34":1,"35":1,"36":1,"37":1,"38":1,"39":1,"40":1,"41":1,"42":1,"43":1,"44":1},"f":{"0":2,"1":0,"2":0},"b":{"0":[1,1,1],"1":[0,2],"2":[2,2]},"inputSourceMap":{"version":3,"file":"C:/Users/p/Desktop/Falgun/my-doctors/myDoctorServer/src/routes/route.ts","sources":["C:/Users/p/Desktop/Falgun/my-doctors/myDoctorServer/src/routes/route.ts"],"names":[],"mappings":";;;;;;AAAA,sDAA8B;AAC9B,oDAA2B;AAC3B,8DAAkF;AAClF,oDAAoF;AACpF,oDAA0D;AAC1D,sDAA2E;AAC3E,kEAA+D;AAC/D,oEAAiE;AACjE,kEAA+D;AAC/D,kEAA8D;AAC9D,gEAA6D;AAC7D,8CAA2C;AAC3C,sDAAmD;AACnD,gDAA0E;AAC1E,4DAAwF;AACxF,4DAAyD;AAC5C,QAAA,KAAK,GAAC,iBAAO,CAAC,MAAM,EAAE,CAAC;AAIvB,QAAA,OAAO,GAAG,gBAAM,CAAC,WAAW,CAAC;IACtC,WAAW,EAAE,UAAU,GAAG,EAAE,IAAI,EAAE,EAAE;QAClC,EAAE,CAAC,IAAI,EAAE,+BAA+B,CAAC,CAAA;IAC3C,CAAC;IACD,QAAQ,EAAE,UAAU,GAAG,EAAE,IAAI,EAAE,EAAE;QAC/B,EAAE,CAAC,IAAI,EAAE,IAAI,CAAC,YAAY,CAAE,CAAA;IAC9B,CAAC;CACF,CAAC,CAAA;AAEF,MAAM,MAAM,GAAG,IAAA,gBAAM,EAAC,EAAE,OAAO,EAAE,eAAO,EAAE,CAAC,CAAA;AAE3C,aAAK,CAAC,IAAI,CAAC,aAAa,EAAE,iCAAkB,CAAC,CAAC;AAC/C,aAAK,CAAC,IAAI,CAAC,UAAU,EAAC,0BAAgB,CAAC,CAAA;AACvC,aAAK,CAAC,IAAI,CAAC,SAAS,EAAC,yBAAe,CAAC,CAAC;AACtC,aAAK,CAAC,IAAI,CAAC,WAAW,EAAC,4BAAiB,CAAC,CAAC;AAC1C,aAAK,CAAC,IAAI,CAAC,iBAAiB,EAAC,+BAAc,CAAC,CAAC;AAC7C,aAAK,CAAC,IAAI,CAAC,kBAAkB,EAAC,iCAAe,CAAC,CAAC;AAC/C,aAAK,CAAC,IAAI,CAAC,iBAAiB,EAAC,+BAAc,CAAC,CAAC;AAC7C,aAAK,CAAC,GAAG,CAAC,sBAAsB,EAAE,MAAM,CAAC,MAAM,CAAC,OAAO,CAAC,EAAC,8BAAa,CAAC,CAAC;AACxE,aAAK,CAAC,IAAI,CAAC,QAAQ,EAAC,mBAAW,CAAC,CAAA;AAChC,aAAK,CAAC,GAAG,CAAC,sBAAsB,EAAC,WAAI,EAAC,6BAAa,CAAC,CAAC;AACrD,aAAK,CAAC,MAAM,CAAC,QAAQ,EAAC,mBAAW,CAAC,CAAA;AACnC,+CAA+C;AAC/C,aAAK,CAAC,GAAG,CAAC,QAAQ,EAAC,gBAAQ,CAAC,CAAA;AAC3B,aAAK,CAAC,GAAG,CAAC,iBAAiB,EAAC,mBAAQ,CAAC,CAAC;AACvC,aAAK,CAAC,GAAG,CAAC,kBAAkB,EAAC,8BAAe,CAAC,CAAA;AAC5C,aAAK,CAAC,GAAG,CAAC,YAAY,EAAC,uBAAY,CAAC,CAAA;AACrC,aAAK,CAAC,GAAG,CAAC,UAAU,EAAC,oBAAU,CAAC,CAAA;AAChC,aAAK,CAAC,GAAG,CAAC,aAAa,EAAC,uBAAa,CAAC,CAAA;AACtC,aAAK,CAAC,IAAI,CAAC,UAAU,EAAC,yBAAW,EAAC,qBAAO,CAAC,CAAA;AAC1C,aAAK,CAAC,GAAG,CAAC,eAAe,EAAC,4BAAc,CAAC,CAAA;AACzC,aAAK,CAAC,MAAM,CAAC,eAAe,EAAC,+BAAiB,CAAC,CAAA","sourcesContent":["import express from \"express\";\r\nimport multer from \"multer\"\r\nimport { createSpecialities, getSpecialities } from \"../controllers/specialities\";\r\nimport { getDoctors, getDoctorById, registerDoctors } from \"../controllers/doctors\";\r\nimport { registerPatients } from \"../controllers/patient\";\r\nimport {  getHospitals, registerHospitals } from \"../controllers/hospital\";\r\nimport { authentication } from \"../controllers/authentication\";\r\nimport { otpVerification } from \"../controllers/otpVerification\";\r\nimport { changePassword } from \"../controllers/changePassword\";\r\nimport { updateProfile } from \"../controllers/updateProfiles\";\r\nimport { authorization } from \"../controllers/authorization\";\r\nimport { auth } from \"../middlewares/auth\";\r\nimport { isUnique } from \"../controllers/accounts\";\r\nimport { createSlots, deleteSlots, getSlots } from \"../controllers/slots\";\r\nimport { deleteAppointment, getAppointment, payment } from \"../controllers/appointment\";\r\nimport { paymentAuth } from \"../middlewares/paymentAuth\";\r\nexport const route=express.Router();\r\n\r\n\r\n\r\nexport const storage = multer.diskStorage({\r\n    destination: function (req, file, cb) {\r\n      cb(null, 'public/assests/images/uploads')\r\n    },\r\n    filename: function (req, file, cb) {\r\n      cb(null, file.originalname )\r\n    }\r\n  })\r\n  \r\n  const upload = multer({ storage: storage })\r\n\r\n  route.post(\"/speciality\", createSpecialities);\r\n route.post(\"/patient\",registerPatients)\r\n route.post(\"/doctor\",registerDoctors);\r\n route.post(\"/hospital\",registerHospitals);\r\n route.post(\"/authentication\",authentication);\r\n route.post(\"/otpverification\",otpVerification);\r\n route.post(\"/changepassword\",changePassword);\r\n route.put(\"/updateProfile/:role\", upload.single('image'),updateProfile);\r\n route.post(\"/slots\",createSlots)\r\n route.get(\"/authorization/:role\",auth,authorization);\r\n route.delete(\"/slots\",deleteSlots)\r\n//  route.get(\"/hospital/:id\",getHospitalById);\r\nroute.get(\"/slots\",getSlots)\r\n route.get(\"/accounts/:role\",isUnique);\r\nroute.get(\"/specializations\",getSpecialities)\r\n route.get(\"/hospitals\",getHospitals)\r\nroute.get(\"/doctors\",getDoctors)\r\nroute.get(\"/doctor/:Id\",getDoctorById)\r\nroute.post(\"/payment\",paymentAuth,payment)\r\nroute.get(\"/appointments\",getAppointment)\r\nroute.delete(\"/appointments\",deleteAppointment)"]},"_coverageSchema":"1a1c01bbd47fc00a2c39e90264f33305004495a9","hash":"c006a9812e913a7501ce6f11a0ea92cde5de21fb","contentHash":"89addd068ac79f94e79e371ed98638814a291260f5cfa605b4342d256a10ca8a"},"C:\\Users\\p\\Desktop\\Falgun\\my-doctors\\myDoctorServer\\src\\controllers\\specialities.ts":{"path":"C:\\Users\\p\\Desktop\\Falgun\\my-doctors\\myDoctorServer\\src\\controllers\\specialities.ts","statementMap":{"0":{"start":{"line":2,"column":16},"end":{"line":10,"column":1}},"1":{"start":{"line":3,"column":28},"end":{"line":3,"column":110}},"2":{"start":{"line":3,"column":91},"end":{"line":3,"column":106}},"3":{"start":{"line":4,"column":4},"end":{"line":9,"column":7}},"4":{"start":{"line":5,"column":36},"end":{"line":5,"column":97}},"5":{"start":{"line":5,"column":42},"end":{"line":5,"column":70}},"6":{"start":{"line":5,"column":85},"end":{"line":5,"column":95}},"7":{"start":{"line":6,"column":35},"end":{"line":6,"column":100}},"8":{"start":{"line":6,"column":41},"end":{"line":6,"column":73}},"9":{"start":{"line":6,"column":88},"end":{"line":6,"column":98}},"10":{"start":{"line":7,"column":32},"end":{"line":7,"column":116}},"11":{"start":{"line":8,"column":8},"end":{"line":8,"column":78}},"12":{"start":{"line":11,"column":0},"end":{"line":11,"column":62}},"13":{"start":{"line":12,"column":0},"end":{"line":12,"column":62}},"14":{"start":{"line":13,"column":20},"end":{"line":13,"column":40}},"15":{"start":{"line":14,"column":21},"end":{"line":14,"column":52}},"16":{"start":{"line":15,"column":24},"end":{"line":34,"column":2}},"17":{"start":{"line":15,"column":38},"end":{"line":34,"column":2}},"18":{"start":{"line":16,"column":17},"end":{"line":16,"column":31}},"19":{"start":{"line":18,"column":4},"end":{"line":29,"column":5}},"20":{"start":{"line":19,"column":8},"end":{"line":19,"column":63}},"21":{"start":{"line":22,"column":8},"end":{"line":28,"column":11}},"22":{"start":{"line":30,"column":4},"end":{"line":33,"column":7}},"23":{"start":{"line":35,"column":0},"end":{"line":35,"column":42}},"24":{"start":{"line":36,"column":27},"end":{"line":39,"column":2}},"25":{"start":{"line":36,"column":41},"end":{"line":39,"column":2}},"26":{"start":{"line":37,"column":17},"end":{"line":37,"column":143}},"27":{"start":{"line":37,"column":40},"end":{"line":37,"column":142}},"28":{"start":{"line":37,"column":89},"end":{"line":37,"column":139}},"29":{"start":{"line":38,"column":4},"end":{"line":38,"column":31}},"30":{"start":{"line":40,"column":0},"end":{"line":40,"column":48}}},"fnMap":{"0":{"name":"(anonymous_0)","decl":{"start":{"line":2,"column":44},"end":{"line":2,"column":45}},"loc":{"start":{"line":2,"column":89},"end":{"line":10,"column":1}},"line":2},"1":{"name":"adopt","decl":{"start":{"line":3,"column":13},"end":{"line":3,"column":18}},"loc":{"start":{"line":3,"column":26},"end":{"line":3,"column":112}},"line":3},"2":{"name":"(anonymous_2)","decl":{"start":{"line":3,"column":70},"end":{"line":3,"column":71}},"loc":{"start":{"line":3,"column":89},"end":{"line":3,"column":108}},"line":3},"3":{"name":"(anonymous_3)","decl":{"start":{"line":4,"column":36},"end":{"line":4,"column":37}},"loc":{"start":{"line":4,"column":63},"end":{"line":9,"column":5}},"line":4},"4":{"name":"fulfilled","decl":{"start":{"line":5,"column":17},"end":{"line":5,"column":26}},"loc":{"start":{"line":5,"column":34},"end":{"line":5,"column":99}},"line":5},"5":{"name":"rejected","decl":{"start":{"line":6,"column":17},"end":{"line":6,"column":25}},"loc":{"start":{"line":6,"column":33},"end":{"line":6,"column":102}},"line":6},"6":{"name":"step","decl":{"start":{"line":7,"column":17},"end":{"line":7,"column":21}},"loc":{"start":{"line":7,"column":30},"end":{"line":7,"column":118}},"line":7},"7":{"name":"(anonymous_7)","decl":{"start":{"line":15,"column":24},"end":{"line":15,"column":25}},"loc":{"start":{"line":15,"column":38},"end":{"line":34,"column":2}},"line":15},"8":{"name":"(anonymous_8)","decl":{"start":{"line":15,"column":72},"end":{"line":15,"column":73}},"loc":{"start":{"line":15,"column":85},"end":{"line":34,"column":1}},"line":15},"9":{"name":"(anonymous_9)","decl":{"start":{"line":36,"column":27},"end":{"line":36,"column":28}},"loc":{"start":{"line":36,"column":41},"end":{"line":39,"column":2}},"line":36},"10":{"name":"(anonymous_10)","decl":{"start":{"line":36,"column":75},"end":{"line":36,"column":76}},"loc":{"start":{"line":36,"column":88},"end":{"line":39,"column":1}},"line":36},"11":{"name":"(anonymous_11)","decl":{"start":{"line":37,"column":30},"end":{"line":37,"column":31}},"loc":{"start":{"line":37,"column":40},"end":{"line":37,"column":142}},"line":37},"12":{"name":"(anonymous_12)","decl":{"start":{"line":37,"column":74},"end":{"line":37,"column":75}},"loc":{"start":{"line":37,"column":87},"end":{"line":37,"column":141}},"line":37}},"branchMap":{"0":{"loc":{"start":{"line":2,"column":16},"end":{"line":10,"column":1}},"type":"binary-expr","locations":[{"start":{"line":2,"column":17},"end":{"line":2,"column":21}},{"start":{"line":2,"column":25},"end":{"line":2,"column":39}},{"start":{"line":2,"column":44},"end":{"line":10,"column":1}}],"line":2},"1":{"loc":{"start":{"line":3,"column":35},"end":{"line":3,"column":109}},"type":"cond-expr","locations":[{"start":{"line":3,"column":56},"end":{"line":3,"column":61}},{"start":{"line":3,"column":64},"end":{"line":3,"column":109}}],"line":3},"2":{"loc":{"start":{"line":4,"column":16},"end":{"line":4,"column":34}},"type":"binary-expr","locations":[{"start":{"line":4,"column":16},"end":{"line":4,"column":17}},{"start":{"line":4,"column":22},"end":{"line":4,"column":33}}],"line":4},"3":{"loc":{"start":{"line":7,"column":32},"end":{"line":7,"column":115}},"type":"cond-expr","locations":[{"start":{"line":7,"column":46},"end":{"line":7,"column":67}},{"start":{"line":7,"column":70},"end":{"line":7,"column":115}}],"line":7},"4":{"loc":{"start":{"line":8,"column":51},"end":{"line":8,"column":67}},"type":"binary-expr","locations":[{"start":{"line":8,"column":51},"end":{"line":8,"column":61}},{"start":{"line":8,"column":65},"end":{"line":8,"column":67}}],"line":8},"5":{"loc":{"start":{"line":18,"column":4},"end":{"line":29,"column":5}},"type":"if","locations":[{"start":{"line":18,"column":4},"end":{"line":29,"column":5}},{"start":{"line":18,"column":4},"end":{"line":29,"column":5}}],"line":18}},"s":{"0":1,"1":0,"2":0,"3":0,"4":0,"5":0,"6":0,"7":0,"8":0,"9":0,"10":0,"11":0,"12":1,"13":1,"14":1,"15":1,"16":1,"17":0,"18":0,"19":0,"20":0,"21":0,"22":0,"23":1,"24":1,"25":0,"26":0,"27":0,"28":0,"29":0,"30":1},"f":{"0":0,"1":0,"2":0,"3":0,"4":0,"5":0,"6":0,"7":0,"8":0,"9":0,"10":0,"11":0,"12":0},"b":{"0":[1,1,1],"1":[0,0],"2":[0,0],"3":[0,0],"4":[0,0],"5":[0,0]},"inputSourceMap":{"version":3,"file":"C:/Users/p/Desktop/Falgun/my-doctors/myDoctorServer/src/controllers/specialities.ts","sources":["C:/Users/p/Desktop/Falgun/my-doctors/myDoctorServer/src/controllers/specialities.ts"],"names":[],"mappings":";;;;;;;;;;;;AAAA,yCAA+B;AAC/B,qDAAwE;AAGjE,MAAM,eAAe,GAAC,CAAM,GAAW,EAAC,GAAY,EAAC,EAAE;IAG9D,MAAM,IAAI,GAAC,GAAG,CAAC,KAAK,CAAC,IAAc,CAAA;IACnC,IAAI,YAA0B,CAAC;IAE/B,IAAG,CAAC,IAAI,EAAC;QACJ,YAAY,GAAC,MAAM,uBAAU,CAAC,OAAO,EAAE,CAAA;KAC3C;SACG;QACA,YAAY,GAAC,MAAM,uBAAU,CAAC,OAAO,CAAC;YACtC,KAAK,EAAC;gBACF,IAAI,EAAC;oBACD,CAAC,cAAE,CAAC,OAAO,CAAC,EAAC,IAAI;iBACpB;aACJ;SAAC,CAAC,CAAA;KACN;IAED,GAAG,CAAC,MAAM,CAAC,GAAG,CAAC,CAAC,IAAI,CAAC;QACjB,KAAK,EAAC,YAAY,CAAC,MAAM;QACzB,IAAI,EAAC,YAAY;KACpB,CAAC,CAAA;AACF,CAAC,CAAA,CAAA;AAtBY,QAAA,eAAe,mBAsB3B;AAGM,MAAM,kBAAkB,GAAC,CAAO,GAAW,EAAE,GAAY,EAAE,EAAE;IAChE,MAAM,IAAI,GAAG,GAAG,CAAC,IAAI,CAAC,GAAG,CAAC,CAAO,IAAyB,EAAE,EAAE,kDAAC,OAAA,MAAM,uBAAU,CAAC,MAAM,CAAC,IAAI,CAAC,CAAA,GAAA,CAAC,CAAC;IAC9F,GAAG,CAAC,MAAM,CAAC,GAAG,CAAC,CAAC,IAAI,CAAC,IAAI,CAAC,CAAC;AAC7B,CAAC,CAAA,CAAA;AAHU,QAAA,kBAAkB,sBAG5B","sourcesContent":["import { Op } from \"sequelize\";\r\nimport { speciality, specialityAttributes } from \"../models/speciality\";\r\nimport { Request, Response } from \"express\";\r\n\r\nexport const getSpecialities=async(req:Request,res:Response)=>{\r\n    \r\n    \r\nconst name=req.query.name as string\r\nlet specialities:Array<Object>;\r\n\r\nif(!name){\r\n     specialities=await speciality.findAll()\r\n}\r\nelse{\r\n    specialities=await speciality.findAll({\r\n    where:{\r\n        name:{\r\n            [Op.iRegexp]:name\r\n        }\r\n    }})\r\n}\r\n\r\nres.status(200).json({\r\n    total:specialities.length,\r\n    data:specialities\r\n})\r\n}\r\n\r\n\r\nexport const createSpecialities=async (req:Request, res:Response) => {\r\n    const resp = req.body.map(async (item:specialityAttributes) => await speciality.create(item));\r\n    res.status(201).json(resp);\r\n  }"]},"_coverageSchema":"1a1c01bbd47fc00a2c39e90264f33305004495a9","hash":"802c33e138b726485ac9d89dbebfc5fd73302d4e","contentHash":"0d1fe36a56aacce0c98af0ee820760892822e073347a6b50c55864969f952996"},"C:\\Users\\p\\Desktop\\Falgun\\my-doctors\\myDoctorServer\\src\\controllers\\doctors.ts":{"path":"C:\\Users\\p\\Desktop\\Falgun\\my-doctors\\myDoctorServer\\src\\controllers\\doctors.ts","statementMap":{"0":{"start":{"line":2,"column":16},"end":{"line":10,"column":1}},"1":{"start":{"line":3,"column":28},"end":{"line":3,"column":110}},"2":{"start":{"line":3,"column":91},"end":{"line":3,"column":106}},"3":{"start":{"line":4,"column":4},"end":{"line":9,"column":7}},"4":{"start":{"line":5,"column":36},"end":{"line":5,"column":97}},"5":{"start":{"line":5,"column":42},"end":{"line":5,"column":70}},"6":{"start":{"line":5,"column":85},"end":{"line":5,"column":95}},"7":{"start":{"line":6,"column":35},"end":{"line":6,"column":100}},"8":{"start":{"line":6,"column":41},"end":{"line":6,"column":73}},"9":{"start":{"line":6,"column":88},"end":{"line":6,"column":98}},"10":{"start":{"line":7,"column":32},"end":{"line":7,"column":116}},"11":{"start":{"line":8,"column":8},"end":{"line":8,"column":78}},"12":{"start":{"line":11,"column":0},"end":{"line":11,"column":62}},"13":{"start":{"line":12,"column":0},"end":{"line":12,"column":78}},"14":{"start":{"line":13,"column":18},"end":{"line":13,"column":46}},"15":{"start":{"line":14,"column":16},"end":{"line":14,"column":42}},"16":{"start":{"line":15,"column":21},"end":{"line":15,"column":52}},"17":{"start":{"line":16,"column":19},"end":{"line":16,"column":48}},"18":{"start":{"line":17,"column":20},"end":{"line":17,"column":40}},"19":{"start":{"line":18,"column":19},"end":{"line":95,"column":2}},"20":{"start":{"line":18,"column":33},"end":{"line":95,"column":2}},"21":{"start":{"line":19,"column":17},"end":{"line":19,"column":31}},"22":{"start":{"line":20,"column":26},"end":{"line":20,"column":46}},"23":{"start":{"line":21,"column":4},"end":{"line":21,"column":31}},"24":{"start":{"line":23,"column":4},"end":{"line":94,"column":5}},"25":{"start":{"line":25,"column":8},"end":{"line":88,"column":9}},"26":{"start":{"line":26,"column":12},"end":{"line":52,"column":15}},"27":{"start":{"line":54,"column":13},"end":{"line":88,"column":9}},"28":{"start":{"line":55,"column":12},"end":{"line":72,"column":15}},"29":{"start":{"line":75,"column":12},"end":{"line":87,"column":15}},"30":{"start":{"line":89,"column":8},"end":{"line":89,"column":35}},"31":{"start":{"line":92,"column":8},"end":{"line":92,"column":27}},"32":{"start":{"line":93,"column":8},"end":{"line":93,"column":66}},"33":{"start":{"line":96,"column":0},"end":{"line":96,"column":32}},"34":{"start":{"line":97,"column":24},"end":{"line":111,"column":2}},"35":{"start":{"line":97,"column":38},"end":{"line":111,"column":2}},"36":{"start":{"line":99,"column":4},"end":{"line":99,"column":29}},"37":{"start":{"line":100,"column":4},"end":{"line":110,"column":5}},"38":{"start":{"line":101,"column":21},"end":{"line":101,"column":56}},"39":{"start":{"line":102,"column":8},"end":{"line":104,"column":11}},"40":{"start":{"line":106,"column":8},"end":{"line":106,"column":35}},"41":{"start":{"line":109,"column":8},"end":{"line":109,"column":36}},"42":{"start":{"line":112,"column":0},"end":{"line":112,"column":42}},"43":{"start":{"line":113,"column":22},"end":{"line":138,"column":2}},"44":{"start":{"line":113,"column":36},"end":{"line":138,"column":2}},"45":{"start":{"line":114,"column":15},"end":{"line":114,"column":28}},"46":{"start":{"line":115,"column":4},"end":{"line":115,"column":20}},"47":{"start":{"line":116,"column":4},"end":{"line":137,"column":5}},"48":{"start":{"line":117,"column":21},"end":{"line":132,"column":10}},"49":{"start":{"line":133,"column":8},"end":{"line":133,"column":35}},"50":{"start":{"line":136,"column":8},"end":{"line":136,"column":36}},"51":{"start":{"line":139,"column":0},"end":{"line":139,"column":38}}},"fnMap":{"0":{"name":"(anonymous_0)","decl":{"start":{"line":2,"column":44},"end":{"line":2,"column":45}},"loc":{"start":{"line":2,"column":89},"end":{"line":10,"column":1}},"line":2},"1":{"name":"adopt","decl":{"start":{"line":3,"column":13},"end":{"line":3,"column":18}},"loc":{"start":{"line":3,"column":26},"end":{"line":3,"column":112}},"line":3},"2":{"name":"(anonymous_2)","decl":{"start":{"line":3,"column":70},"end":{"line":3,"column":71}},"loc":{"start":{"line":3,"column":89},"end":{"line":3,"column":108}},"line":3},"3":{"name":"(anonymous_3)","decl":{"start":{"line":4,"column":36},"end":{"line":4,"column":37}},"loc":{"start":{"line":4,"column":63},"end":{"line":9,"column":5}},"line":4},"4":{"name":"fulfilled","decl":{"start":{"line":5,"column":17},"end":{"line":5,"column":26}},"loc":{"start":{"line":5,"column":34},"end":{"line":5,"column":99}},"line":5},"5":{"name":"rejected","decl":{"start":{"line":6,"column":17},"end":{"line":6,"column":25}},"loc":{"start":{"line":6,"column":33},"end":{"line":6,"column":102}},"line":6},"6":{"name":"step","decl":{"start":{"line":7,"column":17},"end":{"line":7,"column":21}},"loc":{"start":{"line":7,"column":30},"end":{"line":7,"column":118}},"line":7},"7":{"name":"(anonymous_7)","decl":{"start":{"line":18,"column":19},"end":{"line":18,"column":20}},"loc":{"start":{"line":18,"column":33},"end":{"line":95,"column":2}},"line":18},"8":{"name":"(anonymous_8)","decl":{"start":{"line":18,"column":67},"end":{"line":18,"column":68}},"loc":{"start":{"line":18,"column":80},"end":{"line":95,"column":1}},"line":18},"9":{"name":"(anonymous_9)","decl":{"start":{"line":97,"column":24},"end":{"line":97,"column":25}},"loc":{"start":{"line":97,"column":38},"end":{"line":111,"column":2}},"line":97},"10":{"name":"(anonymous_10)","decl":{"start":{"line":97,"column":72},"end":{"line":97,"column":73}},"loc":{"start":{"line":97,"column":85},"end":{"line":111,"column":1}},"line":97},"11":{"name":"(anonymous_11)","decl":{"start":{"line":113,"column":22},"end":{"line":113,"column":23}},"loc":{"start":{"line":113,"column":36},"end":{"line":138,"column":2}},"line":113},"12":{"name":"(anonymous_12)","decl":{"start":{"line":113,"column":70},"end":{"line":113,"column":71}},"loc":{"start":{"line":113,"column":83},"end":{"line":138,"column":1}},"line":113}},"branchMap":{"0":{"loc":{"start":{"line":2,"column":16},"end":{"line":10,"column":1}},"type":"binary-expr","locations":[{"start":{"line":2,"column":17},"end":{"line":2,"column":21}},{"start":{"line":2,"column":25},"end":{"line":2,"column":39}},{"start":{"line":2,"column":44},"end":{"line":10,"column":1}}],"line":2},"1":{"loc":{"start":{"line":3,"column":35},"end":{"line":3,"column":109}},"type":"cond-expr","locations":[{"start":{"line":3,"column":56},"end":{"line":3,"column":61}},{"start":{"line":3,"column":64},"end":{"line":3,"column":109}}],"line":3},"2":{"loc":{"start":{"line":4,"column":16},"end":{"line":4,"column":34}},"type":"binary-expr","locations":[{"start":{"line":4,"column":16},"end":{"line":4,"column":17}},{"start":{"line":4,"column":22},"end":{"line":4,"column":33}}],"line":4},"3":{"loc":{"start":{"line":7,"column":32},"end":{"line":7,"column":115}},"type":"cond-expr","locations":[{"start":{"line":7,"column":46},"end":{"line":7,"column":67}},{"start":{"line":7,"column":70},"end":{"line":7,"column":115}}],"line":7},"4":{"loc":{"start":{"line":8,"column":51},"end":{"line":8,"column":67}},"type":"binary-expr","locations":[{"start":{"line":8,"column":51},"end":{"line":8,"column":61}},{"start":{"line":8,"column":65},"end":{"line":8,"column":67}}],"line":8},"5":{"loc":{"start":{"line":25,"column":8},"end":{"line":88,"column":9}},"type":"if","locations":[{"start":{"line":25,"column":8},"end":{"line":88,"column":9}},{"start":{"line":25,"column":8},"end":{"line":88,"column":9}}],"line":25},"6":{"loc":{"start":{"line":54,"column":13},"end":{"line":88,"column":9}},"type":"if","locations":[{"start":{"line":54,"column":13},"end":{"line":88,"column":9}},{"start":{"line":54,"column":13},"end":{"line":88,"column":9}}],"line":54}},"s":{"0":1,"1":0,"2":0,"3":0,"4":0,"5":0,"6":0,"7":0,"8":0,"9":0,"10":0,"11":0,"12":1,"13":1,"14":1,"15":1,"16":1,"17":1,"18":1,"19":1,"20":0,"21":0,"22":0,"23":0,"24":0,"25":0,"26":0,"27":0,"28":0,"29":0,"30":0,"31":0,"32":0,"33":1,"34":1,"35":0,"36":0,"37":0,"38":0,"39":0,"40":0,"41":0,"42":1,"43":1,"44":0,"45":0,"46":0,"47":0,"48":0,"49":0,"50":0,"51":1},"f":{"0":0,"1":0,"2":0,"3":0,"4":0,"5":0,"6":0,"7":0,"8":0,"9":0,"10":0,"11":0,"12":0},"b":{"0":[1,1,1],"1":[0,0],"2":[0,0],"3":[0,0],"4":[0,0],"5":[0,0],"6":[0,0]},"inputSourceMap":{"version":3,"file":"C:/Users/p/Desktop/Falgun/my-doctors/myDoctorServer/src/controllers/doctors.ts","sources":["C:/Users/p/Desktop/Falgun/my-doctors/myDoctorServer/src/controllers/doctors.ts"],"names":[],"mappings":";;;;;;;;;;;;AACA,+CAA4C;AAC5C,2CAAuC;AACvC,qDAAkD;AAClD,iDAA8C;AAC9C,yCAA+B;AACxB,MAAM,UAAU,GAAG,CAAO,GAAY,EAAE,GAAa,EAAE,EAAE;IAC9D,MAAM,IAAI,GAAG,GAAG,CAAC,KAAK,CAAC,IAAc,CAAC;IAEtC,MAAM,aAAa,GAAG,GAAG,CAAC,KAAK,CAAC,UAAoB,CAAC;IACrD,OAAO,CAAC,GAAG,CAAC,aAAa,CAAC,CAAC;IAC3B,IAAI,MAAqB,CAAC;IAC1B,IAAI;QACF,IAAI,IAAI,CAAC;QACT,IAAI,IAAI,EAAE;YACR,IAAI,GAAG,MAAM,iBAAO,CAAC,OAAO,CAAC;gBAC3B,OAAO,EAAE;oBACP;wBACE,KAAK,EAAE,YAAI;wBACX,KAAK,EAAE;4BACL,CAAC,cAAE,CAAC,EAAE,CAAC,EAAE;gCACP;oCACE,SAAS,EAAE;wCACT,CAAC,cAAE,CAAC,OAAO,CAAC,EAAE,IAAI;qCACnB;iCACF;gCACD;oCACE,QAAQ,EAAE;wCACR,CAAC,cAAE,CAAC,OAAO,CAAC,EAAE,IAAI;qCACnB;iCACF;6BACF;yBACF;qBACF;oBACD;wBACE,KAAK,EAAE,uBAAU;qBAClB;oBACD;wBACE,KAAK,EAAE,mBAAQ;qBAChB;iBACF;aACF,CAAC,CAAC;SACJ;aACI,IAAG,aAAa,EAAE;YACrB,IAAI,GAAG,MAAM,iBAAO,CAAC,OAAO,CAAC;gBAC3B,OAAO,EAAE;oBACP;wBACE,KAAK,EAAE,YAAI;qBACZ;oBACD;wBACE,KAAK,EAAE,uBAAU;wBACjB,KAAK,EAAC;4BACJ,IAAI,EAAC;gCACH,CAAC,cAAE,CAAC,OAAO,CAAC,EAAC,aAAa;6BAC7B;yBACA;qBACF;oBACD;wBACE,KAAK,EAAE,mBAAQ;qBAChB;iBACF;aACF,CAAC,CAAC;SACJ;aAEI;YACH,IAAI,GAAG,MAAM,iBAAO,CAAC,OAAO,CAAC;gBAC3B,OAAO,EAAE;oBACP;wBACE,KAAK,EAAE,YAAI;qBACZ;oBACD;wBACE,KAAK,EAAE,uBAAU;qBAClB;oBACD;wBACE,KAAK,EAAE,mBAAQ;qBAChB;iBACF;aACF,CAAC,CAAC;SACJ;QACD,GAAG,CAAC,MAAM,CAAC,GAAG,CAAC,CAAC,IAAI,CAAC,IAAI,CAAC,CAAC;KAC5B;IAAC,OAAO,KAAK,EAAE;QACd,OAAO,CAAC,GAAG,CAAC,KAAK,CAAC,CAAC;QACnB,GAAG,CAAC,MAAM,CAAC,GAAG,CAAC,CAAC,IAAI,CAAC,EAAE,OAAO,EAAE,sBAAsB,EAAE,CAAC,CAAC;KAC3D;AACH,CAAC,CAAA,CAAC;AA9EW,QAAA,UAAU,cA8ErB;AAEK,MAAM,eAAe,GAAG,CAAO,GAAY,EAAE,GAAa,EAAE,EAAE;IACnE,wBAAwB;IACxB,GAAG,CAAC,IAAI,CAAC,IAAI,GAAG,QAAQ,CAAC;IACzB,IAAI;QACF,MAAM,IAAI,GAAG,MAAM,YAAI,CAAC,MAAM,CAAC,GAAG,CAAC,IAAI,CAAC,CAAC;QAEzC,MAAM,iBAAO,CAAC,MAAM,CAAC;YACnB,MAAM,EAAE,IAAI,CAAC,EAAE;SAChB,CAAC,CAAC;QACH,qBAAqB;QACrB,GAAG,CAAC,MAAM,CAAC,GAAG,CAAC,CAAC,IAAI,CAAC,IAAI,CAAC,CAAC;KAC5B;IAAC,OAAO,KAAK,EAAE;QACd,GAAG,CAAC,MAAM,CAAC,GAAG,CAAC,CAAC,IAAI,CAAC,KAAK,CAAC,CAAC;KAC7B;AACH,CAAC,CAAA,CAAC;AAdW,QAAA,eAAe,mBAc1B;A
[...]
1":0,"42":1,"43":1,"44":0,"45":0,"46":0,"47":0,"48":0,"49":0,"50":0,"51":0,"52":0,"53":0,"54":0,"55":0,"56":1,"57":1,"58":0,"59":0,"60":0,"61":0,"62":1},"f":{"0":0,"1":0,"2":0,"3":0,"4":0,"5":0,"6":0,"7":0,"8":0,"9":0,"10":0,"11":0,"12":0},"b":{"0":[1,1,1],"1":[0,0],"2":[0,0],"3":[0,0],"4":[0,0],"5":[0,0],"6":[0,0],"7":[0,0],"8":[0,0]},"inputSourceMap":{"version":3,"file":"C:/Users/p/Desktop/Falgun/my-doctors/myDoctorServer/src/controllers/appointment.ts","sources":["C:/Users/p/Desktop/Falgun/my-doctors/myDoctorServer/src/controllers/appointment.ts"],"names":[],"mappings":";;;;;;;;;;;;AACA,kDAA+C;AAC/C,uDAAoD;AACpD,+CAA4C;AAC5C,2CAAwC;AACxC,2CAAuC;AACvC,+CAA4C;AAC5C,MAAM,MAAM,GAAG,OAAO,CAAC,QAAQ,CAAC,CAAC;AAE1B,MAAM,OAAO,GAAG,CAAO,GAAY,EAAE,GAAa,EAAE,EAAE;IAC3D,OAAO,CAAC,GAAG,CAAC,GAAG,CAAC,IAAI,CAAC,CAAC;IACtB,MAAM,MAAM,GAAG,MAAM,CAAC,OAAO,CAAC,GAAG,CAAC,iBAAiB,CAAC,CAAC;IACrD,MAAM,QAAQ,GAAG,GAAG,CAAC,MAAM,CAAC,IAAI,CAAC;IACjC,IAAI;QACF,MAAM,MAAM,GAAG,IAAA,qBAAS,EAAC,GAAG,CAAC,IAAI,CAAC,UAAU,CAAC,CAAC;QAE9C,MAAM,KAAK,GAAG,MAAM,MAAM,CAAC,MAAM,CAAC,MAAM,CAAC;YACvC,IAAI,EAAE;gBACJ,MAAM,EAAE,GAAG,CAAC,IAAI,CAAC,UAAU;gBAC3B,SAAS,EAAE,MAAM,CAAC,KAAK;gBACvB,QAAQ,EAAE,MAAM,CAAC,IAAI;gBACrB,GAAG,EAAE,GAAG,CAAC,IAAI,CAAC,GAAG;aAClB;SACF,CAAC,CAAC;QACH,OAAO,CAAC,GAAG,CAAC,KAAK,CAAC,CAAC;QAEnB,MAAM,aAAa,GAAG,MAAM,MAAM,CAAC,cAAc,CAAC,MAAM,CAAC;YACvD,QAAQ,EAAE,KAAK;YACf,MAAM,EAAE,GAAG,CAAC,IAAI,CAAC,gBAAgB,GAAG,GAAG;YACvC,mBAAmB,EAAE;gBACnB,IAAI,EAAE,MAAM;gBACZ,IAAI,EAAE;oBACJ,KAAK,EAAE,KAAK,CAAC,EAAE;iBAChB;aACF;SACF,CAAC,CAAC;QACH,GAAG,CAAC,IAAI,CAAC,SAAS,GAAG,QAAQ,CAAC,EAAE,CAAC;QACjC,MAAM,QAAQ,GAAG,MAAM,aAAK,CAAC,OAAO,CAAC;YACnC,KAAK,EAAE;gBACL,EAAE,EAAE,GAAG,CAAC,IAAI,CAAC,MAAM;aACpB;SACF,CAAC,CAAC;QACH,OAAO,CAAC,GAAG,CAAC,QAAQ,CAAC,CAAC;QACtB,IAAI,QAAQ,EAAE;YACZ,IAAI,KAAK,GAAG,QAAQ,CAAC,KAAK,GAAG,CAAC,CAAC;YAC/B,MAAM,aAAK,CAAC,MAAM,CAChB;gBACE,KAAK,EAAE,KAAK;aACb,EACD;gBACE,KAAK,EAAE;oBACL,EAAE,EAAE,GAAG,CAAC,IAAI,CAAC,MAAM;iBACpB;aACF,CACF,CAAC;SACH;QACD,MAAM,IAAI,GAAG,MAAM,yBAAW,CAAC,MAAM,CAAC,GAAG,CAAC,IAAI,CAAC,CAAC;QAChD,GAAG,CAAC,MAAM,CAAC,GAAG,CAAC,CAAC,IAAI,CAAC;YACnB,aAAa,EAAE,IAAI,CAAC,EAAE;YACtB,MAAM,EAAE,gCAAgC;YACxC,OAAO,EAAE,oBAAoB;SAC9B,CAAC,CAAC;KACJ;IAAC,OAAO,KAAU,EAAE;QACnB,OAAO,CAAC,GAAG,CAAC,KAAK,CAAC,IAAI,CAAC,CAAC;QACxB,IAAI,KAAK,CAAC,IAAI,KAAK,iBAAiB,EAAE;YACpC,GAAG,CAAC,MAAM,CAAC,GAAG,CAAC,CAAC,IAAI,CAAC;gBACnB,IAAI,EAAE,0BAA0B;gBAChC,OAAO,EAAE,+BAA+B;gBACxC,IAAI,EAAE,GAAG;gBACT,SAAS,EAAE,mBAAmB;gBAC9B,IAAI,EAAE;oBACJ,UAAU,EAAE,GAAG,CAAC,IAAI,CAAC,UAAU;oBAC/B,UAAU,EAAE,GAAG,CAAC,IAAI,CAAC,UAAU;oBAC/B,GAAG,EAAE,GAAG,CAAC,IAAI,CAAC,GAAG;oBACjB,MAAM,EAAE,GAAG,CAAC,IAAI,CAAC,OAAO;oBACxB,QAAQ,EAAE,GAAG,CAAC,IAAI,CAAC,QAAQ;iBAC5B;gBACD,MAAM,EAAE,EAAE;aACX,CAAC,CAAC;SACJ;KACF;AACH,CAAC,CAAA,CAAC;AAxEW,QAAA,OAAO,WAwElB;AACK,MAAM,cAAc,GAAG,CAAO,GAAY,EAAE,GAAa,EAAE,EAAE;IAClE,MAAM,SAAS,GAAG,GAAG,CAAC,KAAK,CAAC,SAAmB,CAAC;IAChD,MAAM,QAAQ,GAAG,GAAG,CAAC,KAAK,CAAC,QAAkB,CAAC;IAC9C,OAAO,CAAC,GAAG,CAAC,SAAS,EAAE,QAAQ,CAAC,CAAC;IACjC,IAAI,IAAI,CAAC;IACT,IAAI;QACF,IAAI,SAAS,EAAE;YACb,IAAI,GAAG,MAAM,yBAAW,CAAC,OAAO,CAAC;gBAC/B,KAAK,EAAE;oBACL,SAAS,EAAE,SAAS;iBACrB;gBACD,OAAO,EAAE;oBACP;wBACE,KAAK,EAAE,iBAAO;wBACd,OAAO,EAAE;4BACP;gCACE,KAAK,EAAE,YAAI;6BACZ;yBACF;qBACF;oBACD;wBACE,KAAK,EAAE,aAAK;qBACb;iBACF;aACF,CAAC,CAAC;SACJ;QACD,IAAI,QAAQ,EAAE;YACZ,IAAI,GAAG,MAAM,yBAAW,CAAC,OAAO,CAAC;gBAC/B,KAAK,EAAE;oBACL,QAAQ,EAAE,QAAQ;iBACnB;gBACD,OAAO,EAAE;oBACP;wBACE,KAAK,EAAE,iBAAO;wBACd,OAAO,EAAE;4BACP;gCACE,KAAK,EAAE,YAAI;6BACZ;yBACF;qBACF;oBACD;wBACE,KAAK,EAAE,aAAK;qBACb;iBACF;aACF,CAAC,CAAC;SACJ;QACD,GAAG,CAAC,MAAM,CAAC,GAAG,CAAC,CAAC,IAAI,CAAC,IAAI,CAAC,CAAC;KAC5B;IAAC,OAAO,KAAK,EAAE;QACd,OAAO,CAAC,GAAG,CAAC,KAAK,CAAC,CAAC;QAEnB,GAAG,CAAC,MAAM,CAAC,GAAG,CAAC,CAAC,IAAI,CAAC,EAAE,OAAO,EAAE,sBAAsB,EAAE,CAAC,CAAC;KAC3D;AACH,CAAC,CAAA,CAAC;AApDW,QAAA,cAAc,kBAoDzB;AACK,MAAM,iBAAiB,GAAG,CAAO,GAAY,EAAE,GAAa,EAAE,EAAE;IACrE,MAAM,aAAa,GAAG,GAAG,CAAC,KAAK,CAAC,aAAuB,CAAC;IACxD,MAAM,IAAI,GAAG,MAAM,yBAAW,CAAC,OAAO,CAAC;QACrC,KAAK,EAAE;YACL,EAAE,EAAE,aAAa;SAClB;KACF,CAAC,CAAC;IACH,GAAG,CAAC,MAAM,CAAC,GAAG,CAAC,CAAC,IAAI,CAAC,EAAE,OAAO,EAAE,kCAAkC,EAAE,CAAC,CAAC;AACxE,CAAC,CAAA,CAAC;AARW,QAAA,iBAAiB,qBAQ5B","sourcesContent":["import { Request, Response } from \"express\";\r\nimport { getExpiry } from \"../utils/getExpiry\";\r\nimport { appointment } from \"../models/appointment\";\r\nimport { patient } from \"../models/patient\";\r\nimport { slots } from \"../models/slots\";\r\nimport { user } from \"../models/users\";\r\nimport { doctors } from \"../models/doctors\";\r\nconst Stripe = require(\"stripe\");\r\n\r\nexport const payment = async (req: Request, res: Response) => {\r\n  console.log(req.body);\r\n  const stripe = Stripe(process.env.STRIPE_SECRET_KEY);\r\n  const userData = res.locals.user;\r\n  try {\r\n    const expiry = getExpiry(req.body.expiryDate);\r\n\r\n    const token = await stripe.tokens.create({\r\n      card: {\r\n        number: req.body.cardNumber,\r\n        exp_month: expiry.month,\r\n        exp_year: expiry.year,\r\n        cvc: req.body.cvv,\r\n      },\r\n    });\r\n    console.log(token);\r\n\r\n    const paymentIntent = await stripe.paymentIntents.create({\r\n      currency: \"INR\",\r\n      amount: req.body.consultancyPrice * 100,\r\n      payment_method_data: {\r\n        type: \"card\",\r\n        card: {\r\n          token: token.id,\r\n        },\r\n      },\r\n    });\r\n    req.body.patientId = userData.Id;\r\n    const slotData = await slots.findOne({\r\n      where: {\r\n        Id: req.body.slotId,\r\n      },\r\n    });\r\n    console.log(slotData);\r\n    if (slotData) {\r\n      let count = slotData.count + 1;\r\n      await slots.update(\r\n        {\r\n          count: count,\r\n        },\r\n        {\r\n          where: {\r\n            Id: req.body.slotId,\r\n          },\r\n        }\r\n      );\r\n    }\r\n    const resp = await appointment.create(req.body);\r\n    res.status(201).json({\r\n      appointmentId: resp.Id,\r\n      status: \"appointment booked sucessfully\",\r\n      payment: \"payment sucessfull\",\r\n    });\r\n  } catch (error: any) {\r\n    console.log(error.type);\r\n    if (error.type === \"StripeCardError\") {\r\n      res.status(427).json({\r\n        name: \"invalid-cardNumber-field\",\r\n        message: \"field `cardNumber` is invalid\",\r\n        code: 427,\r\n        className: \"InvalidFieldError\",\r\n        data: {\r\n          cardNumber: req.body.cardNumber,\r\n          expiryDate: req.body.expiryDate,\r\n          cvv: req.body.cvv,\r\n          slotId: req.body.slotsId,\r\n          doctorId: req.body.doctorId,\r\n        },\r\n        errors: {},\r\n      });\r\n    }\r\n  }\r\n};\r\nexport const getAppointment = async (req: Request, res: Response) => {\r\n  const patientId = req.query.patientId as string;\r\n  const doctorId = req.query.doctorId as string;\r\n  console.log(patientId, doctorId);\r\n  let resp;\r\n  try {\r\n    if (patientId) {\r\n      resp = await appointment.findAll({\r\n        where: {\r\n          patientId: patientId,\r\n        },\r\n        include: [\r\n          {\r\n            model: doctors,\r\n            include: [\r\n              {\r\n                model: user,\r\n              },\r\n            ],\r\n          },\r\n          {\r\n            model: slots,\r\n          },\r\n        ],\r\n      });\r\n    }\r\n    if (doctorId) {\r\n      resp = await appointment.findAll({\r\n        where: {\r\n          doctorId: doctorId,\r\n        },\r\n        include: [\r\n          {\r\n            model: patient,\r\n            include: [\r\n              {\r\n                model: user,\r\n              },\r\n            ],\r\n          },\r\n          {\r\n            model: slots,\r\n          },\r\n        ],\r\n      });\r\n    }\r\n    res.status(200).json(resp);\r\n  } catch (error) {\r\n    console.log(error);\r\n\r\n    res.status(500).json({ message: \"Something went wrong\" });\r\n  }\r\n};\r\nexport const deleteAppointment = async (req: Request, res: Response) => {\r\n  const appointmentId = req.query.appointmentId as string;\r\n  const resp = await appointment.destroy({\r\n    where: {\r\n      Id: appointmentId,\r\n    },\r\n  });\r\n  res.status(200).json({ message: \"Appointment Deleted successfully\" });\r\n};\r\n"]},"_coverageSchema":"1a1c01bbd47fc00a2c39e90264f33305004495a9","hash":"e4b1f4921101e64c6a01b543324f5aba78afe661","contentHash":"94b4ff27516bef04eee43da15b694ea4fc2e527e27fcb502572497120269a161"},"C:\\Users\\p\\Desktop\\Falgun\\my-doctors\\myDoctorServer\\src\\utils\\getExpiry.ts":{"path":"C:\\Users\\p\\Desktop\\Falgun\\my-doctors\\myDoctorServer\\src\\utils\\getExpiry.ts","statementMap":{"0":{"start":{"line":2,"column":22},"end":{"line":4,"column":1}},"1":{"start":{"line":3,"column":4},"end":{"line":3,"column":62}},"2":{"start":{"line":5,"column":0},"end":{"line":5,"column":62}},"3":{"start":{"line":6,"column":0},"end":{"line":6,"column":27}},"4":{"start":{"line":7,"column":17},"end":{"line":7,"column":51}},"5":{"start":{"line":8,"column":18},"end":{"line":14,"column":1}},"6":{"start":{"line":9,"column":17},"end":{"line":9,"column":69}},"7":{"start":{"line":10,"column":4},"end":{"line":13,"column":6}},"8":{"start":{"line":15,"column":0},"end":{"line":15,"column":30}}},"fnMap":{"0":{"name":"(anonymous_0)","decl":{"start":{"line":2,"column":56},"end":{"line":2,"column":57}},"loc":{"start":{"line":2,"column":71},"end":{"line":4,"column":1}},"line":2},"1":{"name":"(anonymous_1)","decl":{"start":{"line":8,"column":18},"end":{"line":8,"column":19}},"loc":{"start":{"line":8,"column":34},"end":{"line":14,"column":1}},"line":8}},"branchMap":{"0":{"loc":{"start":{"line":2,"column":22},"end":{"line":4,"column":1}},"type":"binary-expr","locations":[{"start":{"line":2,"column":23},"end":{"line":2,"column":27}},{"start":{"line":2,"column":31},"end":{"line":2,"column":51}},{"start":{"line":2,"column":56},"end":{"line":4,"column":1}}],"line":2},"1":{"loc":{"start":{"line":3,"column":11},"end":{"line":3,"column":61}},"type":"cond-expr","locations":[{"start":{"line":3,"column":37},"end":{"line":3,"column":40}},{"start":{"line":3,"column":43},"end":{"line":3,"column":61}}],"line":3},"2":{"loc":{"start":{"line":3,"column":12},"end":{"line":3,"column":33}},"type":"binary-expr","locations":[{"start":{"line":3,"column":12},"end":{"line":3,"column":15}},{"start":{"line":3,"column":19},"end":{"line":3,"column":33}}],"line":3}},"s":{"0":1,"1":1,"2":1,"3":1,"4":1,"5":1,"6":0,"7":0,"8":1},"f":{"0":1,"1":0},"b":{"0":[1,1,1],"1":[0,1],"2":[1,1]},"inputSourceMap":{"version":3,"file":"C:/Users/p/Desktop/Falgun/my-doctors/myDoctorServer/src/utils/getExpiry.ts","sources":["C:/Users/p/Desktop/Falgun/my-doctors/myDoctorServer/src/utils/getExpiry.ts"],"names":[],"mappings":";;;;;;AAAA,oDAA4B;AAErB,MAAM,SAAS,GAAC,CAAC,UAAiB,EAAC,EAAE;IACxC,MAAM,IAAI,GAAE,IAAA,gBAAM,EAAC,SAAS,EAAC,SAAS,CAAC,CAAC,MAAM,EAAE,CAAC;IACjD,OAAO;QACH,KAAK,EAAC,IAAA,gBAAM,EAAC,IAAI,CAAC,CAAC,MAAM,CAAC,GAAG,CAAC;QAC9B,IAAI,EAAC,IAAA,gBAAM,EAAC,IAAI,CAAC,CAAC,MAAM,CAAC,MAAM,CAAC;KACnC,CAAA;AACL,CAAC,CAAA;AANY,QAAA,SAAS,aAMrB","sourcesContent":["import moment from \"moment\";\r\n\r\nexport const getExpiry=(dateString:string)=>{\r\n    const date= moment(\"01-2024\",\"MM-YYYY\").toDate();\r\n    return {\r\n        month:moment(date).format(\"M\"),\r\n        year:moment(date).format(\"YYYY\")\r\n    }\r\n}"]},"_coverageSchema":"1a1c01bbd47fc00a2c39e90264f33305004495a9","hash":"45f22c6957159e44439d51ee2b5376dda666edae","contentHash":"8dc4d828289affad74b48af81b24a3bd92097a0b0dfb2c2dafea1bd9514ed3e7"},"C:\\Users\\p\\Desktop\\Falgun\\my-doctors\\myDoctorServer\\src\\middlewares\\paymentAuth.ts":{"path":"C:\\Users\\p\\Desktop\\Falgun\\my-doctors\\myDoctorServer\\src\\middlewares\\paymentAuth.ts","statementMap":{"0":{"start":{"line":2,"column":16},"end":{"line":10,"column":1}},"1":{"start":{"line":3,"column":28},"end":{"line":3,"column":110}},"2":{"start":{"line":3,"column":91},"end":{"line":3,"column":106}},"3":{"start":{"line":4,"column":4},"end":{"line":9,"column":7}},"4":{"start":{"line":5,"column":36},"end":{"line":5,"column":97}},"5":{"start":{"line":5,"column":42},"end":{"line":5,"column":70}},"6":{"start":{"line":5,"column":85},"end":{"line":5,"column":95}},"7":{"start":{"line":6,"column":35},"end":{"line":6,"column":100}},"8":{"start":{"line":6,"column":41},"end":{"line":6,"column":73}},"9":{"start":{"line":6,"column":88},"end":{"line":6,"column":98}},"10":{"start":{"line":7,"column":32},"end":{"line":7,"column":116}},"11":{"start":{"line":8,"column":8},"end":{"line":8,"column":78}},"12":{"start":{"line":11,"column":0},"end":{"line":11,"column":62}},"13":{"start":{"line":12,"column":0},"end":{"line":12,"column":29}},"14":{"start":{"line":13,"column":14},"end":{"line":13,"column":37}},"15":{"start":{"line":14,"column":18},"end":{"line":14,"column":46}},"16":{"start":{"line":15,"column":16},"end":{"line":15,"column":42}},"17":{"start":{"line":16,"column":20},"end":{"line":50,"column":2}},"18":{"start":{"line":16,"column":40},"end":{"line":50,"column":2}},"19":{"start":{"line":17,"column":4},"end":{"line":49,"column":5}},"20":{"start":{"line":18,"column":8},"end":{"line":39,"column":9}},"21":{"start":{"line":19,"column":28},"end":{"line":19,"column":77}},"22":{"start":{"line":21,"column":27},"end":{"line":28,"column":14}},"23":{"start":{"line":29,"column":12},"end":{"line":35,"column":13}},"24":{"start":{"line":30,"column":16},"end":{"line":30,"column":50}},"25":{"start":{"line":33,"column":16},"end":{"line":33,"column":43}},"26":{"start":{"line":34,"column":16},"end":{"line":34,"column":23}},"27":{"start":{"line":38,"column":12},"end":{"line":38,"column":46}},"28":{"start":{"line":42,"column":8},"end":{"line":48,"column":11}},"29":{"start":{"line":51,"column":0},"end":{"line":51,"column":34}}},"fnMap":{"0":{"name":"(anonymous_0)","decl":{"start":{"line":2,"column":44},"end":{"line":2,"column":45}},"loc":{"start":{"line":2,"column":89},"end":{"line":10,"column":1}},"line":2},"1":{"name":"adopt","decl":{"start":{"line":3,"column":13},"end":{"line":3,"column":18}},"loc":{"start":{"line":3,"column":26},"end":{"line":3,"column":112}},"line":3},"2":{"name":"(anonymous_2)","decl":{"start":{"line":3,"column":70},"end":{"line":3,"column":71}},"loc":{"start":{"line":3,"column":89},"end":{"line":3,"column":108}},"line":3},"3":{"name":"(anonymous_3)","decl":{"start":{"line":4,"column":36},"end":{"line":4,"column":37}},"loc":{"start":{"line":4,"column":63},"end":{"line":9,"column":5}},"line":4},"4":{"name":"fulfilled","decl":{"start":{"line":5,"column":17},"end":{"line":5,"column":26}},"loc":{"start":{"line":5,"column":34},"end":{"line":5,"column":99}},"line":5},"5":{"name":"rejected","decl":{"start":{"line":6,"column":17},"end":{"line":6,"column":25}},"loc":{"start":{"line":6,"column":33},"end":{"line":6,"column":102}},"line":6},"6":{"name":"step","decl":{"start":{"line":7,"column":17},"end":{"line":7,"column":21}},"loc":{"start":{"line":7,"column":30},"end":{"line":7,"column":118}},"line":7},"7":{"name":"(anonymous_7)","decl":{"start":{"line":16,"column":20},"end":{"line":16,"column":21}},"loc":{"start":{"line":16,"column":40},"end":{"line":50,"column":2}},"line":16},"8":{"name":"(anonymous_8)","decl":{"start":{"line":16,"column":74},"end":{"line":16,"column":75}},"loc":{"start":{"line":16,"column":87},"end":{"line":50,"column":1}},"line":16}},"branchMap":{"0":{"loc":{"start":{"line":2,"column":16},"end":{"line":10,"column":1}},"type":"binary-expr","locations":[{"start":{"line":2,"column":17},"end":{"line":2,"column":21}},{"start":{"line":2,"column":25},"end":{"line":2,"column":39}},{"start":{"line":2,"column":44},"end":{"line":10,"column":1}}],"line":2},"1":{"loc":{"start":{"line":3,"column":35},"end":{"line":3,"column":109}},"type":"cond-expr","locations":[{"start":{"line":3,"column":56},"end":{"line":3,"column":61}},{"start":{"line":3,"column":64},"end":{"line":3,"column":109}}],"line":3},"2":{"loc":{"start":{"line":4,"column":16},"end":{"line":4,"column":34}},"type":"binary-expr","locations":[{"start":{"line":4,"column":16},"end":{"line":4,"column":17}},{"start":{"line":4,"column":22},"end":{"line":4,"column":33}}],"line":4},"3":{"loc":{"start":{"line":7,"column":32},"end":{"line":7,"column":115}},"type":"cond-expr","locations":[{"start":{"line":7,"column":46},"end":{"line":7,"column":67}},{"start":{"line":7,"column":70},"end":{"line":7,"column":115}}],"line":7},"4":{"loc":{"start":{"line":8,"column":51},"end":{"line":8,"column":67}},"type":"binary-expr","locations":[{"start":{"line":8,"column":51},"end":{"line":8,"column":61}},{"start":{"line":8,"column":65},"end":{"line":8,"column":67}}],"line":8},"5":{"loc":{"start":{"line":18,"column":8},"end":{"line":39,"column":9}},"type":"if","locations":[{"start":{"line":18,"column":8},"end":{"line":39,"column":9}},{"start":{"line":18,"column":8},"end":{"line":39,"column":9}}],"line":18},"6":{"loc":{"start":{"line":29,"column":12},"end":{"line":35,"column":13}},"type":"if","locations":[{"start":{"line":29,"column":12},"end":{"line":35,"column":13}},{"start":{"line":29,"column":12},"end":{"line":35,"column":13}}],"line":29}},"s":{"0":1,"1":0,"2":0,"3":0,"4":0,"5":0,"6":0,"7":0,"8":0,"9":0,"10":0,"11":0,"12":1,"13":1,"14":1,"15":1,"16":1,"17":1,"18":0,"19":0,"20":0,"21":0,"22":0,"23":0,"24":0,"25":0,"26":0,"27":0,"28":0,"29":1},"f":{"0":0,"1":0,"2":0,"3":0,"4":0,"5":0,"6":0,"7":0,"8":0},"b":{"0":[1,1,1],"1":[0,0],"2":[0,0],"3":[0,0],"4":[0,0],"5":[0,0],"6":[0,0]},"inputSourceMap":{"version":3,"file":"C:/Users/p/Desktop/Falgun/my-doctors/myDoctorServer/src/middlewares/paymentAuth.ts","sources":["C:/Users/p/Desktop/Falgun/my-doctors/myDoctorServer/src/middlewares/paymentAuth.ts"],"names":[],"mappings":";;;;;;;;;;;;AACA,sCAA2C;AAC3C,+CAA4C;AAC5C,2CAAuC;AAEhC,MAAM,WAAW,GAAG,CAAO,GAAW,EAAE,GAAY,EAAE,IAAiB,EAAE,EAAE;IAE9E,IAAI;QACF,IAAG,GAAG,CAAC,OAAO,CAAC,aAAa,EAAC;YACzB,MAAM,OAAO,GAAG,IAAA,iBAAW,EAAC,GAAG,CAAC,OAAO,CAAC,aAAa,CAAC,CAAC;YACvD,wBAAwB;YAC5B,IAAK,QAAQ,GAAG,MAAM,iBAAO,CAAC,OAAO,CAAC;gBAClC,OAAO,EAAE;oBACP,KAAK,EAAE,YAAI;oBACX,KAAK,EAAE;wBACL,EAAE,EAAE,OAAO,CAAC,EAAE;qBACf;iBACF;aACF,CAAC,CAAC;YAGL,IAAI,CAAC,QAAQ,EAAE;gBACb,MAAM,IAAI,KAAK,CAAC,gBAAgB,CAAC,CAAC;aACnC;iBAAM;gBACL,GAAG,CAAC,MAAM,CAAC,IAAI,GAAG,QAAQ,CAAC;gBAC3B,IAAI,EAAE,CAAC;aACR;SACJ;aACG;YACF,MAAM,IAAI,KAAK,CAAC,gBAAgB,CAAC,CAAC;SACnC;KACE;IAAC,OAAO,KAAK,EAAE;QAEd,GAAG,CAAC,MAAM,CAAC,GAAG,CAAC,CAAC,IAAI,CAAC;YACnB,IAAI,EAAE,WAAW;YACjB,OAAO,EAAE,gCAAgC;YACzC,IAAI,EAAE,GAAG;YACT,SAAS,EAAE,WAAW;YACtB,MAAM,EAAE,EAAE;SACb,CAAC,CAAC;KACF;AACH,CAAC,CAAA,CAAC;AApCS,QAAA,WAAW,eAoCpB","sourcesContent":["import { NextFunction, Request, Response } from \"express\";\r\nimport { verifyToken } from \"../utils/jwt\";\r\nimport { patient } from \"../models/patient\";\r\nimport { user } from \"../models/users\";\r\n\r\nexport const paymentAuth = async (req:Request, res:Response, next:NextFunction) => {\r\n \r\n    try {\r\n      if(req.headers.authorization){\r\n          const payload = verifyToken(req.headers.authorization);\r\n          // console.log(payload);\r\n      let  userData = await patient.findOne({\r\n          include: {\r\n            model: user,\r\n            where: {\r\n              Id: payload.Id,\r\n            },\r\n          },\r\n        });\r\n      \r\n      \r\n      if (!userData) {\r\n        throw new Error(\"User not found\");\r\n      } else {\r\n        res.locals.user = userData;\r\n        next();\r\n      }\r\n  }\r\n  else{\r\n    throw new Error(\"User not found\");\r\n  }\r\n    } catch (error) {\r\n    \r\n      res.status(403).json({\r\n        name: \"Forbidden\",\r\n        message: \"Not allowed to create payments\",\r\n        code: 403,\r\n        className: \"forbidden\",\r\n        errors: {}\r\n    });\r\n    }\r\n  };\r\n"]},"_coverageSchema":"1a1c01bbd47fc00a2c39e90264f33305004495a9","hash":"9ac4b4b91c5f4f23ce3df2c9e79f70713f2c6b19","contentHash":"4c72cbbba6a74b7f2943ee5a4e251e2bb63f9eda523297dfa79e9378d09c8c7f"}}