{"C:\\Users\\p\\Desktop\\Falgun\\my-doctors\\myDoctorServer\\src\\app.ts":{"path":"C:\\Users\\p\\Desktop\\Falgun\\my-doctors\\myDoctorServer\\src\\app.ts","statementMap":{"0":{"start":{"line":2,"column":16},"end":{"line":10,"column":1}},"1":{"start":{"line":3,"column":28},"end":{"line":3,"column":110}},"2":{"start":{"line":3,"column":91},"end":{"line":3,"column":106}},"3":{"start":{"line":4,"column":4},"end":{"line":9,"column":7}},"4":{"start":{"line":5,"column":36},"end":{"line":5,"column":97}},"5":{"start":{"line":5,"column":42},"end":{"line":5,"column":70}},"6":{"start":{"line":5,"column":85},"end":{"line":5,"column":95}},"7":{"start":{"line":6,"column":35},"end":{"line":6,"column":100}},"8":{"start":{"line":6,"column":41},"end":{"line":6,"column":73}},"9":{"start":{"line":6,"column":88},"end":{"line":6,"column":98}},"10":{"start":{"line":7,"column":32},"end":{"line":7,"column":116}},"11":{"start":{"line":8,"column":8},"end":{"line":8,"column":78}},"12":{"start":{"line":11,"column":22},"end":{"line":13,"column":1}},"13":{"start":{"line":12,"column":4},"end":{"line":12,"column":62}},"14":{"start":{"line":14,"column":0},"end":{"line":14,"column":62}},"15":{"start":{"line":15,"column":0},"end":{"line":15,"column":60}},"16":{"start":{"line":16,"column":18},"end":{"line":16,"column":53}},"17":{"start":{"line":17,"column":15},"end":{"line":17,"column":47}},"18":{"start":{"line":18,"column":17},"end":{"line":18,"column":51}},"19":{"start":{"line":19,"column":19},"end":{"line":19,"column":40}},"20":{"start":{"line":20,"column":16},"end":{"line":20,"column":41}},"21":{"start":{"line":21,"column":18},"end":{"line":21,"column":45}},"22":{"start":{"line":22,"column":18},"end":{"line":22,"column":45}},"23":{"start":{"line":23,"column":19},"end":{"line":23,"column":47}},"24":{"start":{"line":24,"column":16},"end":{"line":24,"column":41}},"25":{"start":{"line":25,"column":22},"end":{"line":25,"column":53}},"26":{"start":{"line":26,"column":21},"end":{"line":26,"column":51}},"27":{"start":{"line":27,"column":34},"end":{"line":27,"column":77}},"28":{"start":{"line":28,"column":32},"end":{"line":28,"column":73}},"29":{"start":{"line":29,"column":16},"end":{"line":29,"column":41}},"30":{"start":{"line":30,"column":0},"end":{"line":30,"column":26}},"31":{"start":{"line":31,"column":12},"end":{"line":31,"column":36}},"32":{"start":{"line":32,"column":0},"end":{"line":32,"column":18}},"33":{"start":{"line":33,"column":20},"end":{"line":54,"column":2}},"34":{"start":{"line":33,"column":26},"end":{"line":54,"column":2}},"35":{"start":{"line":34,"column":4},"end":{"line":34,"column":46}},"36":{"start":{"line":35,"column":4},"end":{"line":35,"column":51}},"37":{"start":{"line":36,"column":4},"end":{"line":36,"column":30}},"38":{"start":{"line":37,"column":4},"end":{"line":37,"column":41}},"39":{"start":{"line":38,"column":4},"end":{"line":38,"column":37}},"40":{"start":{"line":39,"column":4},"end":{"line":39,"column":45}},"41":{"start":{"line":40,"column":4},"end":{"line":40,"column":35}},"42":{"start":{"line":41,"column":4},"end":{"line":41,"column":43}},"43":{"start":{"line":42,"column":4},"end":{"line":42,"column":35}},"44":{"start":{"line":43,"column":4},"end":{"line":43,"column":44}},"45":{"start":{"line":44,"column":4},"end":{"line":44,"column":63}},"46":{"start":{"line":45,"column":4},"end":{"line":45,"column":51}},"47":{"start":{"line":46,"column":4},"end":{"line":46,"column":31}},"48":{"start":{"line":47,"column":4},"end":{"line":47,"column":41}},"49":{"start":{"line":48,"column":4},"end":{"line":48,"column":41}},"50":{"start":{"line":49,"column":4},"end":{"line":49,"column":47}},"51":{"start":{"line":50,"column":4},"end":{"line":50,"column":43}},"52":{"start":{"line":51,"column":4},"end":{"line":51,"column":48}},"53":{"start":{"line":52,"column":4},"end":{"line":52,"column":67}},"54":{"start":{"line":53,"column":4},"end":{"line":53,"column":53}},"55":{"start":{"line":55,"column":0},"end":{"line":55,"column":34}},"56":{"start":{"line":56,"column":0},"end":{"line":56,"column":14}},"57":{"start":{"line":57,"column":0},"end":{"line":57,"column":31}},"58":{"start":{"line":58,"column":0},"end":{"line":58,"column":34}},"59":{"start":{"line":59,"column":0},"end":{"line":59,"column":44}},"60":{"start":{"line":60,"column":0},"end":{"line":60,"column":27}},"61":{"start":{"line":61,"column":15},"end":{"line":63,"column":2}},"62":{"start":{"line":62,"column":4},"end":{"line":62,"column":63}},"63":{"start":{"line":64,"column":0},"end":{"line":64,"column":24}}},"fnMap":{"0":{"name":"(anonymous_0)","decl":{"start":{"line":2,"column":44},"end":{"line":2,"column":45}},"loc":{"start":{"line":2,"column":89},"end":{"line":10,"column":1}},"line":2},"1":{"name":"adopt","decl":{"start":{"line":3,"column":13},"end":{"line":3,"column":18}},"loc":{"start":{"line":3,"column":26},"end":{"line":3,"column":112}},"line":3},"2":{"name":"(anonymous_2)","decl":{"start":{"line":3,"column":70},"end":{"line":3,"column":71}},"loc":{"start":{"line":3,"column":89},"end":{"line":3,"column":108}},"line":3},"3":{"name":"(anonymous_3)","decl":{"start":{"line":4,"column":36},"end":{"line":4,"column":37}},"loc":{"start":{"line":4,"column":63},"end":{"line":9,"column":5}},"line":4},"4":{"name":"fulfilled","decl":{"start":{"line":5,"column":17},"end":{"line":5,"column":26}},"loc":{"start":{"line":5,"column":34},"end":{"line":5,"column":99}},"line":5},"5":{"name":"rejected","decl":{"start":{"line":6,"column":17},"end":{"line":6,"column":25}},"loc":{"start":{"line":6,"column":33},"end":{"line":6,"column":102}},"line":6},"6":{"name":"step","decl":{"start":{"line":7,"column":17},"end":{"line":7,"column":21}},"loc":{"start":{"line":7,"column":30},"end":{"line":7,"column":118}},"line":7},"7":{"name":"(anonymous_7)","decl":{"start":{"line":11,"column":56},"end":{"line":11,"column":57}},"loc":{"start":{"line":11,"column":71},"end":{"line":13,"column":1}},"line":11},"8":{"name":"(anonymous_8)","decl":{"start":{"line":33,"column":20},"end":{"line":33,"column":21}},"loc":{"start":{"line":33,"column":26},"end":{"line":54,"column":2}},"line":33},"9":{"name":"(anonymous_9)","decl":{"start":{"line":33,"column":60},"end":{"line":33,"column":61}},"loc":{"start":{"line":33,"column":73},"end":{"line":54,"column":1}},"line":33},"10":{"name":"(anonymous_10)","decl":{"start":{"line":61,"column":44},"end":{"line":61,"column":45}},"loc":{"start":{"line":61,"column":50},"end":{"line":63,"column":1}},"line":61}},"branchMap":{"0":{"loc":{"start":{"line":2,"column":16},"end":{"line":10,"column":1}},"type":"binary-expr","locations":[{"start":{"line":2,"column":17},"end":{"line":2,"column":21}},{"start":{"line":2,"column":25},"end":{"line":2,"column":39}},{"start":{"line":2,"column":44},"end":{"line":10,"column":1}}],"line":2},"1":{"loc":{"start":{"line":3,"column":35},"end":{"line":3,"column":109}},"type":"cond-expr","locations":[{"start":{"line":3,"column":56},"end":{"line":3,"column":61}},{"start":{"line":3,"column":64},"end":{"line":3,"column":109}}],"line":3},"2":{"loc":{"start":{"line":4,"column":16},"end":{"line":4,"column":34}},"type":"binary-expr","locations":[{"start":{"line":4,"column":16},"end":{"line":4,"column":17}},{"start":{"line":4,"column":22},"end":{"line":4,"column":33}}],"line":4},"3":{"loc":{"start":{"line":7,"column":32},"end":{"line":7,"column":115}},"type":"cond-expr","locations":[{"start":{"line":7,"column":46},"end":{"line":7,"column":67}},{"start":{"line":7,"column":70},"end":{"line":7,"column":115}}],"line":7},"4":{"loc":{"start":{"line":8,"column":51},"end":{"line":8,"column":67}},"type":"binary-expr","locations":[{"start":{"line":8,"column":51},"end":{"line":8,"column":61}},{"start":{"line":8,"column":65},"end":{"line":8,"column":67}}],"line":8},"5":{"loc":{"start":{"line":11,"column":22},"end":{"line":13,"column":1}},"type":"binary-expr","locations":[{"start":{"line":11,"column":23},"end":{"line":11,"column":27}},{"start":{"line":11,"column":31},"end":{"line":11,"column":51}},{"start":{"line":11,"column":56},"end":{"line":13,"column":1}}],"line":11},"6":{"loc":{"start":{"line":12,"column":11},"end":{"line":12,"column":61}},"type":"cond-expr","locations":[{"start":{"line":12,"column":37},"end":{"line":12,"column":40}},{"start":{"line":12,"column":43},"end":{"line":12,"column":61}}],"line":12},"7":{"loc":{"start":{"line":12,"column":12},"end":{"line":12,"column":33}},"type":"binary-expr","locations":[{"start":{"line":12,"column":12},"end":{"line":12,"column":15}},{"start":{"line":12,"column":19},"end":{"line":12,"column":33}}],"line":12}},"s":{"0":1,"1":10,"2":0,"3":1,"4":10,"5":10,"6":0,"7":0,"8":0,"9":0,"10":11,"11":1,"12":1,"13":3,"14":1,"15":1,"16":1,"17":1,"18":1,"19":1,"20":1,"21":1,"22":1,"23":1,"24":1,"25":1,"26":1,"27":1,"28":1,"29":1,"30":1,"31":1,"32":1,"33":1,"34":1,"35":1,"36":1,"37":1,"38":1,"39":1,"40":1,"41":1,"42":1,"43":1,"44":1,"45":1,"46":1,"47":1,"48":1,"49":1,"50":1,"51":1,"52":1,"53":1,"54":1,"55":1,"56":1,"57":1,"58":1,"59":1,"60":1,"61":1,"62":1,"63":1},"f":{"0":1,"1":10,"2":0,"3":1,"4":10,"5":0,"6":11,"7":3,"8":1,"9":1,"10":1},"b":{"0":[1,1,1],"1":[10,0],"2":[1,1],"3":[1,10],"4":[1,1],"5":[1,1,1],"6":[0,3],"7":[3,3]},"inputSourceMap":{"version":3,"file":"C:/Users/p/Desktop/Falgun/my-doctors/myDoctorServer/src/app.ts","sources":["C:/Users/p/Desktop/Falgun/my-doctors/myDoctorServer/src/app.ts"],"names":[],"mappings":";;;;;;;;;;;;;;;AACA,sDAA8B;AAC9B,gDAAwB;AACxB,oDAA4B;AAC5B,yCAAuC;AACvC,0CAAsC;AACtC,8CAA2C;AAC3C,8CAA2C;AAC3C,gDAA6C;AAC7C,0CAAuC;AACvC,sDAAmD;AACnD,oDAAiD;AACjD,8EAA2E;AAC3E,0EAAuE;AACvE,0CAAuC;AACvC,gBAAM,CAAC,MAAM,EAAE,CAAA;AACf,MAAM,GAAG,GAAG,IAAA,iBAAO,GAAE,CAAC;AA0Cb,kBAAG;AAxCZ,MAAM,WAAW,GAAG,GAAS,EAAE;IAC7B,MAAM,oBAAS,CAAC,YAAY,EAAE,CAAC;IAC/B,OAAO,CAAC,GAAG,CAAC,iCAAiC,CAAC,CAAC;IAC/C,MAAM,YAAI,CAAC,IAAI,EAAE,CAAC;IAClB,OAAO,CAAC,GAAG,CAAC,uBAAuB,CAAC,CAAC;IAErC,MAAM,mBAAQ,CAAC,IAAI,EAAE,CAAC;IACtB,OAAO,CAAC,GAAG,CAAC,2BAA2B,CAAC,CAAC;IAEzC,MAAM,iBAAO,CAAC,IAAI,EAAE,CAAC;IACrB,OAAO,CAAC,GAAG,CAAC,yBAAyB,CAAC,CAAC;IAEvC,MAAM,iBAAO,CAAC,IAAI,EAAE,CAAC;IACrB,OAAO,CAAC,GAAG,CAAC,0BAA0B,CAAC,CAAC;IAExC,MAAM,6CAAqB,CAAC,IAAI,EAAE,CAAC;IACnC,OAAO,CAAC,GAAG,CAAC,iCAAiC,CAAC,CAAC;IAE/C,MAAM,aAAK,CAAC,IAAI,EAAE,CAAC;IACnB,OAAO,CAAC,GAAG,CAAC,uBAAuB,CAAC,CAAC;IAErC,MAAM,uBAAU,CAAC,IAAI,EAAE,CAAC;IACxB,OAAO,CAAC,GAAG,CAAC,6BAA6B,CAAC,CAAC;IAE3C,MAAM,yBAAW,CAAC,IAAI,EAAE,CAAC;IACzB,OAAO,CAAC,GAAG,CAAC,8BAA8B,CAAC,CAAC;IAE5C,MAAM,iDAAuB,CAAC,IAAI,EAAE,CAAA;IACpC,OAAO,CAAC,GAAG,CAAC,mCAAmC,CAAC,CAAA;AAClD,CAAC,CAAA,CAAC;AAYE,kCAAW;AAXf,WAAW,EAAE,CAAC;AACd,GAAG,CAAC,GAAG,CAAC,IAAA,cAAI,GAAE,CAAC,CAAC;AAChB,GAAG,CAAC,GAAG,CAAC,iBAAO,CAAC,IAAI,EAAE,CAAC,CAAC;AACxB,GAAG,CAAC,GAAG,CAAC,iBAAO,CAAC,MAAM,CAAC,QAAQ,CAAC,CAAC,CAAC;AAClC,GAAG,CAAC,GAAG,CAAC,EAAE,EAAE,aAAK,CAAC,CAAC;AAEnB,MAAM,MAAM,GAAG,GAAG,CAAC,MAAM,CAAC,OAAO,CAAC,GAAG,CAAC,IAAI,EAAE,GAAG,EAAE;IAC/C,OAAO,CAAC,GAAG,CAAC,2BAA2B,OAAO,CAAC,GAAG,CAAC,IAAI,EAAE,CAAC,CAAC;AAC7D,CAAC,CAAC,CAAC;AAEW,wBAAM","sourcesContent":["\r\nimport express from \"express\";\r\nimport cors from \"cors\";\r\nimport dotenv from \"dotenv\";\r\nimport { sequelize } from \"./database\";\r\nimport { user } from \"./models/users\";\r\nimport { doctors } from \"./models/doctors\";\r\nimport { patient } from \"./models/patient\";\r\nimport { hospital } from \"./models/hospital\";\r\nimport { slots } from \"./models/slots\";\r\nimport { appointment } from \"./models/appointment\";\r\nimport { speciality } from \"./models/speciality\";\r\nimport { doctorSpecialityMapping } from \"./models/doctorSpecialityMapping\";\r\nimport { hospitalDoctorMapping } from \"./models/hospitalDoctorMapping\";\r\nimport { route } from \"./routes/route\";\r\ndotenv.config()\r\nconst app = express();\r\n\r\nconst createModel = async () => {\r\n  await sequelize.authenticate();\r\n  console.log(\"Database Successfully connected\");\r\n  await user.sync();\r\n  console.log(\"User model is created\");\r\n\r\n  await hospital.sync();\r\n  console.log(\"Hospital model is created\");\r\n\r\n  await doctors.sync();\r\n  console.log(\"Doctor model is created\");\r\n\r\n  await patient.sync();\r\n  console.log(\"Patient model is created\");\r\n\r\n  await hospitalDoctorMapping.sync();\r\n  console.log(\"HospitalDoctor model is created\");\r\n\r\n  await slots.sync();\r\n  console.log(\"Slot model is created\");\r\n\r\n  await speciality.sync();\r\n  console.log(\"Speciality model is created\");\r\n\r\n  await appointment.sync();\r\n  console.log(\"Appointment model is created\");\r\n\r\n  await doctorSpecialityMapping.sync()\r\n  console.log(\"DoctorSpeciality model is created\")\r\n};\r\ncreateModel();\r\napp.use(cors());\r\napp.use(express.json());\r\napp.use(express.static(\"public\"));\r\napp.use(\"\", route);\r\n\r\nconst server = app.listen(process.env.PORT, () => {\r\n  console.log(`The app is listening at ${process.env.PORT}`);\r\n});\r\n\r\nexport { app, server,\r\n    createModel\r\n};\r\n"]},"_coverageSchema":"1a1c01bbd47fc00a2c39e90264f33305004495a9","hash":"bc2640c64795a7489ff732032730ce222857e467","contentHash":"9fbd8f592100a95437232f426a3d20812d8b620d75405d77e3b979bc3d7c3814"},"C:\\Users\\p\\Desktop\\Falgun\\my-doctors\\myDoctorServer\\src\\database.ts":{"path":"C:\\Users\\p\\Desktop\\Falgun\\my-doctors\\myDoctorServer\\src\\database.ts","statementMap":{"0":{"start":{"line":2,"column":0},"end":{"line":2,"column":62}},"1":{"start":{"line":3,"column":0},"end":{"line":3,"column":27}},"2":{"start":{"line":4,"column":20},"end":{"line":4,"column":40}},"3":{"start":{"line":5,"column":0},"end":{"line":9,"column":3}}},"fnMap":{},"branchMap":{},"s":{"0":1,"1":1,"2":1,"3":1},"f":{},"b":{},"inputSourceMap":{"version":3,"file":"C:/Users/p/Desktop/Falgun/my-doctors/myDoctorServer/src/database.ts","sources":["C:/Users/p/Desktop/Falgun/my-doctors/myDoctorServer/src/database.ts"],"names":[],"mappings":";;;AACA,yCAAmC;AACtB,QAAA,SAAS,GAAG,IAAI,qBAAS,CAAC,YAAY,EAAE,UAAU,EAAE,UAAU,EAAE;IACzE,IAAI,EAAE,WAAW;IACjB,OAAO,EAAE,UAAU;IACnB,OAAO,EAAC,KAAK;CACd,CAAC,CAAC","sourcesContent":["\r\nimport {Sequelize} from \"sequelize\"\r\nexport const sequelize = new Sequelize(\"My Doctors\", \"postgres\", \"mydoctor\", {\r\n    host: \"localhost\",\r\n    dialect: \"postgres\",\r\n    logging:false\r\n  });\r\n"]},"_coverageSchema":"1a1c01bbd47fc00a2c39e90264f33305004495a9","hash":"31fc00ddc2eb51a02f15eee6eb5fe20678db8d7b","contentHash":"bef2e28bc352c646732edd5ef3ff0c8520f3f8f8e4a4305387257589fc58631e"},"C:\\Users\\p\\Desktop\\Falgun\\my-doctors\\myDoctorServer\\src\\models\\users.ts":{"path":"C:\\Users\\p\\Desktop\\Falgun\\my-doctors\\myDoctorServer\\src\\models\\users.ts","statementMap":{"0":{"start":{"line":2,"column":0},"end":{"line":2,"column":62}},"1":{"start":{"line":3,"column":0},"end":{"line":3,"column":22}},"2":{"start":{"line":4,"column":20},"end":{"line":4,"column":40}},"3":{"start":{"line":5,"column":19},"end":{"line":5,"column":41}},"4":{"start":{"line":6,"column":19},"end":{"line":6,"column":47}},"5":{"start":{"line":7,"column":0},"end":{"line":53,"column":3}},"6":{"start":{"line":35,"column":12},"end":{"line":35,"column":82}}},"fnMap":{"0":{"name":"(anonymous_0)","decl":{"start":{"line":34,"column":8},"end":{"line":34,"column":9}},"loc":{"start":{"line":34,"column":19},"end":{"line":36,"column":9}},"line":34}},"branchMap":{},"s":{"0":1,"1":1,"2":1,"3":1,"4":1,"5":1,"6":1},"f":{"0":1},"b":{},"inputSourceMap":{"version":3,"file":"C:/Users/p/Desktop/Falgun/my-doctors/myDoctorServer/src/models/users.ts","sources":["C:/Users/p/Desktop/Falgun/my-doctors/myDoctorServer/src/models/users.ts"],"names":[],"mappings":";;;AAAA,yCAA6C;AAC7C,0CAAwC;AACxC,gDAAoD;AAoBvC,QAAA,IAAI,GAAG,oBAAS,CAAC,MAAM,CAAe,MAAM,EAAE;IACzD,EAAE,EAAE;QACF,IAAI,EAAE,qBAAS,CAAC,IAAI;QACpB,YAAY,EAAE,qBAAS,CAAC,MAAM;QAC9B,UAAU,EAAE,IAAI;QAChB,SAAS,EAAE,KAAK;KACjB;IACD,SAAS,EAAE;QACT,IAAI,EAAE,qBAAS,CAAC,MAAM;QACtB,SAAS,EAAE,KAAK;KACjB;IACD,QAAQ,EAAE;QACR,IAAI,EAAE,qBAAS,CAAC,MAAM;KACvB;IACD,KAAK,EAAE;QACL,IAAI,EAAE,qBAAS,CAAC,MAAM;QACtB,SAAS,EAAE,KAAK;QAChB,MAAM,EAAE,IAAI;KACb;IACD,aAAa,EAAE;QACb,IAAI,EAAE,qBAAS,CAAC,MAAM;QACtB,SAAS,EAAE,KAAK;QAChB,MAAM,EAAE,IAAI;KACb;IACD,QAAQ,EAAE;QACR,IAAI,EAAE,qBAAS,CAAC,MAAM;QACtB,SAAS,EAAE,KAAK;QAChB,GAAG,CAAC,KAAY;YACZ,IAAI,CAAC,YAAY,CAAC,UAAU,EAAC,IAAA,0BAAe,EAAC,KAAK,CAAC,CAAC,CAAA;QACxD,CAAC;KACF;IACD,MAAM,EAAE;QACN,IAAI,EAAE,qBAAS,CAAC,IAAI,CAAC,MAAM,EAAE,QAAQ,EAAE,QAAQ,CAAC;KACjD;IACD,IAAI,EAAE;QACJ,IAAI,EAAE,qBAAS,CAAC,IAAI,CAAC,OAAO,EAAE,QAAQ,EAAE,SAAS,CAAC;QAClD,SAAS,EAAE,KAAK;KACjB;IACD,OAAO,EAAE;QACP,IAAI,EAAE,qBAAS,CAAC,OAAO;QACvB,YAAY,EAAE,IAAI;KACnB;IACD,OAAO,EAAE;QACP,IAAI,EAAE,qBAAS,CAAC,OAAO;QACvB,YAAY,EAAE,KAAK;KACpB;CACF,CAAC,CAAC","sourcesContent":["import { Model, DataTypes } from \"sequelize\";\r\nimport { sequelize } from \"../database\";\r\nimport { getHashPassword } from \"../utils/password\";\r\n\r\nexport interface userAttributes {\r\n  Id: string;\r\n  firstName: string;\r\n  lastName: string;\r\n  email: string;\r\n  contactNumber: string;\r\n  password: string;\r\n  gender: string;\r\n  role: string;\r\n  enabled: boolean;\r\n  deleted: boolean;\r\n}\r\ninterface userInstance extends Model<userAttributes>, \r\nuserAttributes {\r\n  createdAt?: Date;\r\n  updatedAt?: Date;\r\n}\r\n\r\nexport const user = sequelize.define<userInstance>(\"user\", {\r\n  Id: {\r\n    type: DataTypes.UUID,\r\n    defaultValue: DataTypes.UUIDV4,\r\n    primaryKey: true,\r\n    allowNull: false, \r\n  },\r\n  firstName: {\r\n    type: DataTypes.STRING,\r\n    allowNull: false,\r\n  },\r\n  lastName: {\r\n    type: DataTypes.STRING,\r\n  },\r\n  email: {\r\n    type: DataTypes.STRING,\r\n    allowNull: false,\r\n    unique: true,\r\n  },\r\n  contactNumber: {\r\n    type: DataTypes.STRING,\r\n    allowNull: false,\r\n    unique: true,\r\n  },\r\n  password: {\r\n    type: DataTypes.STRING,\r\n    allowNull: false,\r\n    set(value:string){\r\n        this.setDataValue('password',getHashPassword(value))\r\n    }\r\n  },\r\n  gender: {\r\n    type: DataTypes.ENUM(\"male\", \"female\", \"others\"),\r\n  },\r\n  role: {\r\n    type: DataTypes.ENUM(\"admin\", \"doctor\", \"patient\"),\r\n    allowNull: false,\r\n  },\r\n  enabled: {\r\n    type: DataTypes.BOOLEAN,\r\n    defaultValue: true,\r\n  },\r\n  deleted: {\r\n    type: DataTypes.BOOLEAN,\r\n    defaultValue: false,\r\n  },\r\n});\r\n\r\n"]},"_coverageSchema":"1a1c01bbd47fc00a2c39e90264f33305004495a9","hash":"15650b01bbd887db8779719a5fdc222e6231df76","contentHash":"b6b231ba2ee84280fa888a0aa3e1d7cccb23386022b1aac13549c1c25b2cbf7b"},"C:\\Users\\p\\Desktop\\Falgun\\my-doctors\\myDoctorServer\\src\\utils\\password.ts":{"path":"C:\\Users\\p\\Desktop\\Falgun\\my-doctors\\myDoctorServer\\src\\utils\\password.ts","statementMap":{"0":{"start":{"line":2,"column":22},"end":{"line":4,"column":1}},"1":{"start":{"line":3,"column":4},"end":{"line":3,"column":62}},"2":{"start":{"line":5,"column":0},"end":{"line":5,"column":62}},"3":{"start":{"line":6,"column":0},"end":{"line":6,"column":59}},"4":{"start":{"line":7,"column":19},"end":{"line":7,"column":55}},"5":{"start":{"line":8,"column":24},"end":{"line":12,"column":1}},"6":{"start":{"line":9,"column":17},"end":{"line":9,"column":51}},"7":{"start":{"line":10,"column":17},"end":{"line":10,"column":56}},"8":{"start":{"line":11,"column":4},"end":{"line":11,"column":16}},"9":{"start":{"line":13,"column":0},"end":{"line":13,"column":42}},"10":{"start":{"line":14,"column":24},"end":{"line":16,"column":1}},"11":{"start":{"line":15,"column":4},"end":{"line":15,"column":60}},"12":{"start":{"line":17,"column":0},"end":{"line":17,"column":42}}},"fnMap":{"0":{"name":"(anonymous_0)","decl":{"start":{"line":2,"column":56},"end":{"line":2,"column":57}},"loc":{"start":{"line":2,"column":71},"end":{"line":4,"column":1}},"line":2},"1":{"name":"(anonymous_1)","decl":{"start":{"line":8,"column":24},"end":{"line":8,"column":25}},"loc":{"start":{"line":8,"column":34},"end":{"line":12,"column":1}},"line":8},"2":{"name":"(anonymous_2)","decl":{"start":{"line":14,"column":24},"end":{"line":14,"column":25}},"loc":{"start":{"line":14,"column":46},"end":{"line":16,"column":1}},"line":14}},"branchMap":{"0":{"loc":{"start":{"line":2,"column":22},"end":{"line":4,"column":1}},"type":"binary-expr","locations":[{"start":{"line":2,"column":23},"end":{"line":2,"column":27}},{"start":{"line":2,"column":31},"end":{"line":2,"column":51}},{"start":{"line":2,"column":56},"end":{"line":4,"column":1}}],"line":2},"1":{"loc":{"start":{"line":3,"column":11},"end":{"line":3,"column":61}},"type":"cond-expr","locations":[{"start":{"line":3,"column":37},"end":{"line":3,"column":40}},{"start":{"line":3,"column":43},"end":{"line":3,"column":61}}],"line":3},"2":{"loc":{"start":{"line":3,"column":12},"end":{"line":3,"column":33}},"type":"binary-expr","locations":[{"start":{"line":3,"column":12},"end":{"line":3,"column":15}},{"start":{"line":3,"column":19},"end":{"line":3,"column":33}}],"line":3}},"s":{"0":1,"1":1,"2":1,"3":1,"4":1,"5":1,"6":3,"7":3,"8":3,"9":1,"10":1,"11":4,"12":1},"f":{"0":1,"1":3,"2":4},"b":{"0":[1,1,1],"1":[0,1],"2":[1,1]},"inputSourceMap":{"version":3,"file":"C:/Users/p/Desktop/Falgun/my-doctors/myDoctorServer/src/utils/password.ts","sources":["C:/Users/p/Desktop/Falgun/my-doctors/myDoctorServer/src/utils/password.ts"],"names":[],"mappings":";;;;;;AACA,wDAA6B;AAC7B,MAAM,eAAe,GAAC,CAAC,IAAW,EAAQ,EAAE;IACzC,MAAM,IAAI,GAAG,kBAAM,CAAC,WAAW,CAAC,EAAE,CAAC,CAAC;IACvC,MAAM,IAAI,GAAG,kBAAM,CAAC,QAAQ,CAAC,IAAI,EAAE,IAAI,CAAC,CAAA;IACxC,OAAO,IAAI,CAAC;AACZ,CAAC,CAAA;AAOM,0CAAe;AAJtB,MAAM,eAAe,GAAC,CAAC,IAAW,EAAC,UAAiB,EAAS,EAAE;IAE7D,OAAQ,kBAAM,CAAC,WAAW,CAAC,IAAI,EAAE,UAAU,CAAC,CAAC;AAC/C,CAAC,CAAA;AACsB,0CAAe","sourcesContent":["\r\nimport bcrypt from \"bcryptjs\"\r\nconst getHashPassword=(pswd:string):string=>{\r\n   const salt = bcrypt.genSaltSync(10);\r\nconst hash = bcrypt.hashSync(pswd, salt)\r\nreturn hash;\r\n}\r\n\r\n\r\nconst matchedPassword=(pswd:string,storedPswd:string):boolean=>\r\n{\r\n  return  bcrypt.compareSync(pswd, storedPswd); \r\n}\r\nexport{getHashPassword,matchedPassword}"]},"_coverageSchema":"1a1c01bbd47fc00a2c39e90264f33305004495a9","hash":"f79a64fb5746f18e3dc1fdd3b1e01cf3e42e62bb","contentHash":"f4b5ca5422a88c0527df079786a5fbb0f2000f08ebebe3b61fef1f0d341d7d9e"},"C:\\Users\\p\\Desktop\\Falgun\\my-doctors\\myDoctorServer\\src\\models\\doctors.ts":{"path":"C:\\Users\\p\\Desktop\\Falgun\\my-doctors\\myDoctorServer\\src\\models\\doctors.ts","statementMap":{"0":{"start":{"line":2,"column":0},"end":{"line":2,"column":62}},"1":{"start":{"line":3,"column":0},"end":{"line":3,"column":25}},"2":{"start":{"line":4,"column":20},"end":{"line":4,"column":40}},"3":{"start":{"line":5,"column":19},"end":{"line":5,"column":41}},"4":{"start":{"line":6,"column":16},"end":{"line":6,"column":34}},"5":{"start":{"line":7,"column":0},"end":{"line":39,"column":3}},"6":{"start":{"line":40,"column":0},"end":{"line":40,"column":40}}},"fnMap":{},"branchMap":{},"s":{"0":1,"1":1,"2":1,"3":1,"4":1,"5":1,"6":1},"f":{},"b":{},"inputSourceMap":{"version":3,"file":"C:/Users/p/Desktop/Falgun/my-doctors/myDoctorServer/src/models/doctors.ts","sources":["C:/Users/p/Desktop/Falgun/my-doctors/myDoctorServer/src/models/doctors.ts"],"names":[],"mappings":";;;AAAA,yCAAuD;AACvD,0CAAwC;AACxC,mCAA+B;AAqBlB,QAAA,OAAO,GAAG,oBAAS,CAAC,MAAM,CAAiB,QAAQ,EAAE;IAChE,EAAE,EAAE;QACF,IAAI,EAAE,qBAAS,CAAC,IAAI;QACpB,YAAY,EAAE,qBAAS,CAAC,MAAM;QAC9B,UAAU,EAAE,IAAI;QAChB,SAAS,EAAE,KAAK,EAAE,sBAAsB;KACzC;IACD,MAAM,EAAE;QACN,IAAI,EAAE,qBAAS,CAAC,IAAI;QACpB,UAAU,EAAE;YACV,KAAK,EAAE,YAAI;YACX,GAAG,EAAE,IAAI;SACV;KACF;IACD,SAAS,EAAE;QACT,IAAI,EAAE,qBAAS,CAAC,KAAK,CAAC,qBAAS,CAAC,IAAI,CAAC;KACtC;IACD,GAAG,EAAE;QACH,IAAI,EAAE,qBAAS,CAAC,MAAM;KACvB;IACD,KAAK,EAAE;QACL,IAAI,EAAE,qBAAS,CAAC,MAAM;KACvB;IACD,aAAa,EAAE;QACb,IAAI,EAAE,qBAAS,CAAC,KAAK,CAAC,qBAAS,CAAC,IAAI,CAAC;KACtC;IACD,aAAa,EAAE;QACb,IAAI,EAAE,qBAAS,CAAC,MAAM;KACvB;IACD,UAAU,EAAE;QACV,IAAI,EAAE,qBAAS,CAAC,KAAK,CAAC,qBAAS,CAAC,IAAI,CAAC;KACtC;CACF,CAAC,CAAC;AAEH,eAAO,CAAC,SAAS,CAAC,YAAI,CAAC,CAAC","sourcesContent":["import { Model, DataTypes, Optional } from \"sequelize\";\r\nimport { sequelize } from \"../database\";\r\nimport { user } from \"./users\";\r\n\r\n\r\nexport interface doctorAttributes {\r\n  Id: string;\r\n  userId:string;\r\n  languages?:Array<string>;\r\n  bio?:string;\r\n  image?:string;\r\n  Qualification?:Array<string>;\r\n  licenceNumber?:string;\r\n  experience?:Array<string>\r\n}\r\ninterface doctorCreationAttributes\r\n  extends Optional<doctorAttributes, 'Id'> {}\r\ninterface doctorInstance extends Model<doctorAttributes,doctorCreationAttributes>, \r\ndoctorAttributes {\r\n  createdAt?: Date;\r\n  updatedAt?: Date;\r\n}\r\n\r\nexport const doctors = sequelize.define<doctorInstance>(\"doctor\", {\r\n  Id: {\r\n    type: DataTypes.UUID,\r\n    defaultValue: DataTypes.UUIDV4,\r\n    primaryKey: true,\r\n    allowNull: false, // Or DataTypes.UUIDV1\r\n  },\r\n  userId: {\r\n    type: DataTypes.UUID,\r\n    references: {\r\n      model: user,\r\n      key: \"Id\",\r\n    },\r\n  },\r\n  languages: {\r\n    type: DataTypes.ARRAY(DataTypes.JSON),\r\n  },\r\n  bio: {\r\n    type: DataTypes.STRING,\r\n  },\r\n  image: {\r\n    type: DataTypes.STRING,\r\n  },\r\n  Qualification: {\r\n    type: DataTypes.ARRAY(DataTypes.JSON),\r\n  },\r\n  licenceNumber: {\r\n    type: DataTypes.STRING,\r\n  },\r\n  experience: {\r\n    type: DataTypes.ARRAY(DataTypes.JSON),\r\n  },\r\n});\r\n\r\ndoctors.belongsTo(user);\r\n\r\n"]},"_coverageSchema":"1a1c01bbd47fc00a2c39e90264f33305004495a9","hash":"637517082b00d1460cd40f21faedfbfa1c2d08f1","contentHash":"cf53f4bfc69512531adc57bcdc57c78e5dda88a3308a38149466013fbd9ba945"},"C:\\Users\\p\\Desktop\\Falgun\\my-doctors\\myDoctorServer\\src\\models\\patient.ts":{"path":"C:\\Users\\p\\Desktop\\Falgun\\my-doctors\\myDoctorServer\\src\\models\\patient.ts","statementMap":{"0":{"start":{"line":2,"column":0},"end":{"line":2,"column":62}},"1":{"start":{"line":3,"column":0},"end":{"line":3,"column":25}},"2":{"start":{"line":4,"column":20},"end":{"line":4,"column":40}},"3":{"start":{"line":5,"column":19},"end":{"line":5,"column":41}},"4":{"start":{"line":6,"column":16},"end":{"line":6,"column":34}},"5":{"start":{"line":7,"column":0},"end":{"line":48,"column":3}},"6":{"start":{"line":49,"column":0},"end":{"line":49,"column":40}}},"fnMap":{},"branchMap":{},"s":{"0":1,"1":1,"2":1,"3":1,"4":1,"5":1,"6":1},"f":{},"b":{},"inputSourceMap":{"version":3,"file":"C:/Users/p/Desktop/Falgun/my-doctors/myDoctorServer/src/models/patient.ts","sources":["C:/Users/p/Desktop/Falgun/my-doctors/myDoctorServer/src/models/patient.ts"],"names":[],"mappings":";;;AAAA,yCAAuD;AACvD,0CAAwC;AACxC,mCAA+B;AAyBlB,QAAA,OAAO,GAAG,oBAAS,CAAC,MAAM,CAAkB,SAAS,EAAE;IAClE,EAAE,EAAE;QACF,IAAI,EAAE,qBAAS,CAAC,IAAI;QACpB,YAAY,EAAE,qBAAS,CAAC,MAAM;QAC9B,UAAU,EAAE,IAAI;QAChB,SAAS,EAAE,KAAK,EAAE,sBAAsB;KACzC;IACD,MAAM,EAAE;QACN,IAAI,EAAE,qBAAS,CAAC,IAAI;QACpB,UAAU,EAAE;YACV,KAAK,EAAE,YAAI;YACX,GAAG,EAAE,IAAI;SACV;KACF;IACD,GAAG,EAAE;QACH,IAAI,EAAE,qBAAS,CAAC,MAAM;KACvB;IACD,UAAU,EAAE;QACV,IAAI,EAAE,qBAAS,CAAC,MAAM;KACvB;IACD,OAAO,EAAE;QACP,IAAI,EAAE,qBAAS,CAAC,MAAM;KACvB;IACD,MAAM,EAAE;QACN,IAAI,EAAE,qBAAS,CAAC,MAAM;KACvB;IACD,IAAI,EAAE;QACJ,IAAI,EAAE,qBAAS,CAAC,MAAM;KACvB;IACD,KAAK,EAAE;QACL,IAAI,EAAE,qBAAS,CAAC,MAAM;KACvB;IACD,OAAO,EAAE;QACP,IAAI,EAAE,qBAAS,CAAC,MAAM;KACvB;IACD,OAAO,EAAE;QACP,IAAI,EAAE,qBAAS,CAAC,MAAM;KACvB;IACD,KAAK,EAAE;QACL,IAAI,EAAE,qBAAS,CAAC,MAAM;KACvB;CACF,CAAC,CAAC;AACH,eAAO,CAAC,SAAS,CAAC,YAAI,CAAC,CAAA","sourcesContent":["import { Model, DataTypes, Optional } from \"sequelize\";\r\nimport { sequelize } from \"../database\";\r\nimport { user } from \"./users\";\r\n\r\n\r\nexport interface patientAttributes {\r\n  Id: string;\r\n  userId:string;\r\n  dob?:string;\r\n  BloodGroup?:string;\r\n  HouseNo?:string;\r\n  Colony?:string;\r\n  city?:string;\r\n  state?:string;\r\n  country?:string;\r\n  pincode?:string;\r\n  image?:string;\r\n}\r\ninterface patientCreationAttributes\r\n  extends Optional<patientAttributes, 'Id'> {}\r\ninterface patientInstance extends Model<patientAttributes,patientCreationAttributes>, \r\npatientAttributes {\r\n  createdAt?: Date;\r\n  updatedAt?: Date;\r\n}\r\n\r\n\r\nexport const patient = sequelize.define<patientInstance>(\"patient\", {\r\n  Id: {\r\n    type: DataTypes.UUID,\r\n    defaultValue: DataTypes.UUIDV4,\r\n    primaryKey: true,\r\n    allowNull: false, // Or DataTypes.UUIDV1\r\n  },\r\n  userId: {\r\n    type: DataTypes.UUID,\r\n    references: {\r\n      model: user,\r\n      key: \"Id\",\r\n    },\r\n  },\r\n  dob: {\r\n    type: DataTypes.STRING,\r\n  },\r\n  BloodGroup: {\r\n    type: DataTypes.STRING,\r\n  },\r\n  HouseNo: {\r\n    type: DataTypes.STRING,\r\n  },\r\n  Colony: {\r\n    type: DataTypes.STRING,\r\n  },\r\n  city: {\r\n    type: DataTypes.STRING,\r\n  },\r\n  state: {\r\n    type: DataTypes.STRING,\r\n  },\r\n  country: {\r\n    type: DataTypes.STRING,\r\n  },\r\n  pincode: {\r\n    type: DataTypes.STRING,\r\n  },\r\n  image: {\r\n    type: DataTypes.STRING,\r\n  },\r\n});\r\npatient.belongsTo(user)\r\n\r\n"]},"_coverageSchema":"1a1c01bbd47fc00a2c39e90264f33305004495a9","hash":"ce8f90bb6e3e5434f357f6c7d108c3f2a8901e1a","contentHash":"12a3224c265fc026ea192757c65752bf9523f9af5c332438f98c5b185349b891"},"C:\\Users\\p\\Desktop\\Falgun\\my-doctors\\myDoctorServer\\src\\models\\hospital.ts":{"path":"C:\\Users\\p\\Desktop\\Falgun\\my-doctors\\myDoctorServer\\src\\models\\hospital.ts","statementMap":{"0":{"start":{"line":2,"column":0},"end":{"line":2,"column":62}},"1":{"start":{"line":3,"column":0},"end":{"line":3,"column":26}},"2":{"start":{"line":4,"column":20},"end":{"line":4,"column":40}},"3":{"start":{"line":5,"column":19},"end":{"line":5,"column":41}},"4":{"start":{"line":6,"column":19},"end":{"line":6,"column":47}},"5":{"start":{"line":7,"column":0},"end":{"line":47,"column":3}},"6":{"start":{"line":32,"column":12},"end":{"line":32,"column":82}}},"fnMap":{"0":{"name":"(anonymous_0)","decl":{"start":{"line":31,"column":8},"end":{"line":31,"column":9}},"loc":{"start":{"line":31,"column":19},"end":{"line":33,"column":9}},"line":31}},"branchMap":{},"s":{"0":1,"1":1,"2":1,"3":1,"4":1,"5":1,"6":1},"f":{"0":1},"b":{},"inputSourceMap":{"version":3,"file":"C:/Users/p/Desktop/Falgun/my-doctors/myDoctorServer/src/models/hospital.ts","sources":["C:/Users/p/Desktop/Falgun/my-doctors/myDoctorServer/src/models/hospital.ts"],"names":[],"mappings":";;;AAAA,yCAA6C;AAC7C,0CAAwC;AACxC,gDAAoD;AAiBvC,QAAA,QAAQ,GAAC,oBAAS,CAAC,MAAM,CAAmB,UAAU,EAAC;IAChE,EAAE,EAAC;QACC,IAAI,EAAE,qBAAS,CAAC,IAAI;QACpB,YAAY,EAAE,qBAAS,CAAC,MAAM;QAC9B,UAAU,EAAC,IAAI;QACf,SAAS,EAAC,KAAK,CAAC,sBAAsB;KACvC;IACH,YAAY,EAAC;QACT,IAAI,EAAC,qBAAS,CAAC,MAAM;QACrB,SAAS,EAAC,KAAK;KAClB;IAED,KAAK,EAAC;QACF,IAAI,EAAC,qBAAS,CAAC,MAAM;QACrB,SAAS,EAAC,KAAK;QACf,MAAM,EAAC,IAAI;KACd;IACD,aAAa,EAAC;QACV,IAAI,EAAC,qBAAS,CAAC,MAAM;QACrB,SAAS,EAAC,KAAK;QACf,MAAM,EAAC,IAAI;KACd;IACD,QAAQ,EAAC;QACL,IAAI,EAAC,qBAAS,CAAC,MAAM;QACrB,SAAS,EAAC,KAAK;QACf,GAAG,CAAC,KAAY;YACZ,IAAI,CAAC,YAAY,CAAC,UAAU,EAAC,IAAA,0BAAe,EAAC,KAAK,CAAC,CAAC,CAAA;QACxD,CAAC;KACJ;IACD,QAAQ,EAAC;QACH,IAAI,EAAC,qBAAS,CAAC,MAAM;QACrB,SAAS,EAAC,KAAK;KACpB;IACD,OAAO,EAAC;QACJ,IAAI,EAAC,qBAAS,CAAC,OAAO;QACtB,YAAY,EAAE,IAAI;KACrB;IACD,OAAO,EAAC;QACJ,IAAI,EAAC,qBAAS,CAAC,OAAO;QACtB,YAAY,EAAE,KAAK;KACtB;CACJ,CAAC,CAAA","sourcesContent":["import { Model, DataTypes } from \"sequelize\";\r\nimport { sequelize } from \"../database\";\r\nimport { getHashPassword } from \"../utils/password\";\r\n\r\nexport interface hospitalAttributes {\r\n  Id: string;\r\n  hospitalName: string;\r\n  email: string;\r\n  contactNumber: string;\r\n  password: string;\r\n  location: string;\r\n  enabled: boolean;\r\n  deleted: boolean;\r\n}\r\ninterface hospitalInstance extends Model<hospitalAttributes>, \r\nhospitalAttributes {\r\n  createdAt?: Date;\r\n  updatedAt?: Date;\r\n}\r\nexport const hospital=sequelize.define<hospitalInstance>('hospital',{\r\n    Id:{\r\n        type: DataTypes.UUID,\r\n        defaultValue: DataTypes.UUIDV4,\r\n        primaryKey:true,\r\n        allowNull:false // Or DataTypes.UUIDV1\r\n      },\r\n    hospitalName:{\r\n        type:DataTypes.STRING,\r\n        allowNull:false,\r\n    },\r\n   \r\n    email:{\r\n        type:DataTypes.STRING,\r\n        allowNull:false,\r\n        unique:true\r\n    },\r\n    contactNumber:{\r\n        type:DataTypes.STRING,\r\n        allowNull:false,\r\n        unique:true\r\n    },\r\n    password:{\r\n        type:DataTypes.STRING,\r\n        allowNull:false,\r\n        set(value:string){\r\n            this.setDataValue('password',getHashPassword(value))\r\n        }      \r\n    },\r\n    location:{\r\n          type:DataTypes.STRING,\r\n          allowNull:false\r\n    },\r\n    enabled:{\r\n        type:DataTypes.BOOLEAN,\r\n        defaultValue: true \r\n    },\r\n    deleted:{\r\n        type:DataTypes.BOOLEAN,\r\n        defaultValue: false\r\n    },\r\n})\r\n\r\n"]},"_coverageSchema":"1a1c01bbd47fc00a2c39e90264f33305004495a9","hash":"8f10587d5f4526399adbc81969e99969d93ddb31","contentHash":"15b5bf734c2d0d58dddd76138ff22c7a614f59fda5f540eb69a3753bf50d05b2"},"C:\\Users\\p\\Desktop\\Falgun\\my-doctors\\myDoctorServer\\src\\models\\slots.ts":{"path":"C:\\Users\\p\\Desktop\\Falgun\\my-doctors\\myDoctorServer\\src\\models\\slots.ts","statementMap":{"0":{"start":{"line":2,"column":0},"end":{"line":2,"column":62}},"1":{"start":{"line":3,"column":0},"end":{"line":3,"column":23}},"2":{"start":{"line":4,"column":20},"end":{"line":4,"column":40}},"3":{"start":{"line":5,"column":19},"end":{"line":5,"column":41}},"4":{"start":{"line":6,"column":18},"end":{"line":6,"column":38}},"5":{"start":{"line":7,"column":0},"end":{"line":42,"column":3}}},"fnMap":{},"branchMap":{},"s":{"0":1,"1":1,"2":1,"3":1,"4":1,"5":1},"f":{},"b":{},"inputSourceMap":{"version":3,"file":"C:/Users/p/Desktop/Falgun/my-doctors/myDoctorServer/src/models/slots.ts","sources":["C:/Users/p/Desktop/Falgun/my-doctors/myDoctorServer/src/models/slots.ts"],"names":[],"mappings":";;;AAAA,yCAA6C;AAC7C,0CAAwC;AACxC,uCAAoC;AAgBvB,QAAA,KAAK,GAAG,oBAAS,CAAC,MAAM,CAAgB,MAAM,EAAC;IAC1D,EAAE,EAAE;QACF,IAAI,EAAE,qBAAS,CAAC,IAAI;QACpB,YAAY,EAAE,qBAAS,CAAC,MAAM;QAC9B,UAAU,EAAE,IAAI;QAChB,SAAS,EAAE,KAAK,EAAE,sBAAsB;KACzC;IACD,SAAS,EAAE;QACT,IAAI,EAAE,qBAAS,CAAC,IAAI;QACpB,SAAS,EAAE,KAAK;KACjB;IACD,OAAO,EAAE;QACP,IAAI,EAAE,qBAAS,CAAC,IAAI;QACpB,SAAS,EAAE,KAAK;KACjB;IACD,QAAQ,EAAC;QACP,IAAI,EAAE,qBAAS,CAAC,IAAI;QACpB,UAAU,EAAC;YACP,KAAK,EAAC,iBAAO;YACb,GAAG,EAAC,IAAI;SACX;QACD,SAAS,EAAC,KAAK;KAChB;IACD,OAAO,EAAE;QACP,IAAI,EAAE,qBAAS,CAAC,OAAO;QACvB,YAAY,EAAE,KAAK;KACpB;IACD,IAAI,EAAC;QACH,IAAI,EAAC,qBAAS,CAAC,OAAO;QACtB,SAAS,EAAC,KAAK;KAChB;IACD,KAAK,EAAC;QACJ,IAAI,EAAC,qBAAS,CAAC,OAAO;QACtB,SAAS,EAAC,KAAK;KAChB;CACF,CAAC,CAAC","sourcesContent":["import { Model, DataTypes } from \"sequelize\";\r\nimport { sequelize } from \"../database\";\r\nimport { doctors } from \"./doctors\";\r\ninterface slotsAttributes {\r\n  Id: string;\r\n  startTime:Date;\r\n  endTime:Date;\r\n  doctorId:string;\r\n  deleted:boolean;\r\n  size:number;\r\n  count:number\r\n}\r\ninterface slotsInstance extends Model<slotsAttributes>, \r\nslotsAttributes {\r\n  createdAt?: Date;\r\n  updatedAt?: Date;\r\n}\r\n\r\nexport const slots = sequelize.define<slotsInstance>(\"slot\",{\r\n  Id: {\r\n    type: DataTypes.UUID,\r\n    defaultValue: DataTypes.UUIDV4,\r\n    primaryKey: true,\r\n    allowNull: false, // Or DataTypes.UUIDV1\r\n  },\r\n  startTime: {\r\n    type: DataTypes.DATE,\r\n    allowNull: false,\r\n  },\r\n  endTime: {\r\n    type: DataTypes.DATE,\r\n    allowNull: false,\r\n  },\r\n  doctorId:{\r\n    type: DataTypes.UUID,\r\n    references:{\r\n        model:doctors,\r\n        key:\"Id\"\r\n    },\r\n    allowNull:false\r\n  },\r\n  deleted: {\r\n    type: DataTypes.BOOLEAN,\r\n    defaultValue: false,\r\n  },\r\n  size:{\r\n    type:DataTypes.INTEGER,\r\n    allowNull:false\r\n  },\r\n  count:{\r\n    type:DataTypes.INTEGER,\r\n    allowNull:false\r\n  },\r\n});\r\n\r\n"]},"_coverageSchema":"1a1c01bbd47fc00a2c39e90264f33305004495a9","hash":"3a77359ab799c82f49d2172c10fa1b3e1d963329","contentHash":"c0340b6840c67e496df121b7cebf72785f75a36191af361fec93c5c27d840ac2"},"C:\\Users\\p\\Desktop\\Falgun\\my-doctors\\myDoctorServer\\src\\models\\appointment.ts":{"path":"C:\\Users\\p\\Desktop\\Falgun\\my-doctors\\myDoctorServer\\src\\models\\appointment.ts","statementMap":{"0":{"start":{"line":2,"column":0},"end":{"line":2,"column":62}},"1":{"start":{"line":3,"column":0},"end":{"line":3,"column":29}},"2":{"start":{"line":4,"column":20},"end":{"line":4,"column":40}},"3":{"start":{"line":5,"column":19},"end":{"line":5,"column":41}},"4":{"start":{"line":6,"column":16},"end":{"line":6,"column":34}},"5":{"start":{"line":7,"column":18},"end":{"line":7,"column":38}},"6":{"start":{"line":8,"column":18},"end":{"line":8,"column":38}},"7":{"start":{"line":9,"column":0},"end":{"line":41,"column":3}}},"fnMap":{},"branchMap":{},"s":{"0":1,"1":1,"2":1,"3":1,"4":1,"5":1,"6":1,"7":1},"f":{},"b":{},"inputSourceMap":{"version":3,"file":"C:/Users/p/Desktop/Falgun/my-doctors/myDoctorServer/src/models/appointment.ts","sources":["C:/Users/p/Desktop/Falgun/my-doctors/myDoctorServer/src/models/appointment.ts"],"names":[],"mappings":";;;AAAA,yCAA6C;AAC7C,0CAAwC;AACxC,mCAAgC;AAChC,uCAAoC;AACpC,uCAAoC;AAavB,QAAA,WAAW,GAAC,oBAAS,CAAC,MAAM,CAAsB,cAAc,EAAC;IAC1E,EAAE,EAAE;QACA,IAAI,EAAE,qBAAS,CAAC,IAAI;QACpB,YAAY,EAAE,qBAAS,CAAC,MAAM;QAC9B,UAAU,EAAE,IAAI;QAChB,SAAS,EAAE,KAAK,EAAE,sBAAsB;KACzC;IACF,SAAS,EAAE;QACR,IAAI,EAAE,qBAAS,CAAC,IAAI;QACpB,UAAU,EAAE;YACV,KAAK,EAAE,iBAAO;YACd,GAAG,EAAE,IAAI;SACV;KACF;IACD,QAAQ,EAAE;QACR,IAAI,EAAE,qBAAS,CAAC,IAAI;QACpB,UAAU,EAAE;YACV,KAAK,EAAE,iBAAO;YACd,GAAG,EAAE,IAAI;SACV;KACF;IACF,OAAO,EAAE;QACN,IAAI,EAAE,qBAAS,CAAC,IAAI;QACpB,UAAU,EAAE;YACV,KAAK,EAAE,aAAK;YACZ,GAAG,EAAE,IAAI;SACV;KACF;IACD,iBAAiB,EAAC;QAChB,IAAI,EAAC,qBAAS,CAAC,IAAI,CAAC,YAAY,EAAC,SAAS,EAAC,WAAW,EAAC,WAAW,CAAC;QACnE,YAAY,EAAC,YAAY;KAC1B;CACN,CAAC,CAAA","sourcesContent":["import { Model, DataTypes } from \"sequelize\";\r\nimport { sequelize } from \"../database\";\r\nimport { slots } from \"./slots\";\r\nimport { doctors } from \"./doctors\";\r\nimport { patient } from \"./patient\";\r\ninterface appointmentAttributes {\r\n    Id: string;\r\n    patientId:string;\r\n    doctorId:string;\r\n    slotsId:string;\r\n    appointmentStatus:string\r\n  }\r\n  interface appointmentInstance extends Model<appointmentAttributes>, \r\n appointmentAttributes {\r\n    createdAt?: Date;\r\n    updatedAt?: Date;\r\n  }\r\nexport const appointment=sequelize.define<appointmentInstance>(\"appointments\",{\r\n    Id: {\r\n        type: DataTypes.UUID,\r\n        defaultValue: DataTypes.UUIDV4,\r\n        primaryKey: true,\r\n        allowNull: false, // Or DataTypes.UUIDV1\r\n      },\r\n     patientId: {\r\n        type: DataTypes.UUID,\r\n        references: {\r\n          model: patient,\r\n          key: \"Id\",\r\n        },\r\n      },\r\n      doctorId: {\r\n        type: DataTypes.UUID,\r\n        references: {\r\n          model: doctors,\r\n          key: \"Id\",\r\n        },\r\n      },\r\n     slotsId: {\r\n        type: DataTypes.UUID,\r\n        references: {\r\n          model: slots,\r\n          key: \"Id\",\r\n        },\r\n      },\r\n      appointmentStatus:{\r\n        type:DataTypes.ENUM(\"notStarted\",\"ongoing\",\"completed\",\"cancelled\"),\r\n        defaultValue:\"notStarted\"\r\n      }\r\n})\r\n"]},"_coverageSchema":"1a1c01bbd47fc00a2c39e90264f33305004495a9","hash":"1406db0484a0c7438ab082cc5face4b868c485ab","contentHash":"b141b2ea7af860068856f14d9b3a7367370f24e171a227c2d9676574ec4ff606"},"C:\\Users\\p\\Desktop\\Falgun\\my-doctors\\myDoctorServer\\src\\models\\speciality.ts":{"path":"C:\\Users\\p\\Desktop\\Falgun\\my-doctors\\myDoctorServer\\src\\models\\speciality.ts","statementMap":{"0":{"start":{"line":2,"column":0},"end":{"line":2,"column":62}},"1":{"start":{"line":3,"column":0},"end":{"line":3,"column":28}},"2":{"start":{"line":4,"column":20},"end":{"line":4,"column":40}},"3":{"start":{"line":5,"column":19},"end":{"line":5,"column":41}},"4":{"start":{"line":6,"column":0},"end":{"line":33,"column":3}}},"fnMap":{},"branchMap":{},"s":{"0":1,"1":1,"2":1,"3":1,"4":1},"f":{},"b":{},"inputSourceMap":{"version":3,"file":"C:/Users/p/Desktop/Falgun/my-doctors/myDoctorServer/src/models/speciality.ts","sources":["C:/Users/p/Desktop/Falgun/my-doctors/myDoctorServer/src/models/speciality.ts"],"names":[],"mappings":";;;AAAA,yCAA6C;AAC7C,0CAAwC;AAgB3B,QAAA,UAAU,GAAG,oBAAS,CAAC,MAAM,CAAqB,YAAY,EAAE;IAC3E,EAAE,EAAE;QACF,IAAI,EAAE,qBAAS,CAAC,IAAI;QACpB,YAAY,EAAE,qBAAS,CAAC,MAAM;QAC9B,UAAU,EAAE,IAAI;QAChB,SAAS,EAAE,KAAK,EAAE,sBAAsB;KACzC;IACD,IAAI,EAAE;QACJ,IAAI,EAAE,qBAAS,CAAC,MAAM;QACtB,SAAS,EAAE,KAAK;KACjB;IACD,OAAO,EAAE;QACP,IAAI,EAAE,qBAAS,CAAC,OAAO;QACvB,YAAY,EAAE,IAAI;KACnB;IACD,QAAQ,EAAE;QACR,IAAI,EAAE,qBAAS,CAAC,OAAO;QACvB,YAAY,EAAE,IAAI;KACnB;IACD,OAAO,EAAE;QACP,IAAI,EAAE,qBAAS,CAAC,OAAO;QACvB,YAAY,EAAE,KAAK;KACpB;IACD,QAAQ,EAAE;QACR,IAAI,EAAE,qBAAS,CAAC,MAAM;QACtB,SAAS,EAAE,KAAK;KACjB;CACF,CAAC,CAAC","sourcesContent":["import { Model, DataTypes } from \"sequelize\";\r\nimport { sequelize } from \"../database\";\r\n\r\nexport interface specialityAttributes {\r\n  Id: string;\r\n name:string;\r\n enabled:boolean;\r\n reviewed:boolean;\r\n deleted:boolean;\r\n imageUrl:string\r\n}\r\nexport interface specialityInstance extends Model<specialityAttributes>, \r\nspecialityAttributes {\r\n  createdAt?: Date;\r\n  updatedAt?: Date;\r\n}\r\n\r\nexport const speciality = sequelize.define<specialityInstance>(\"speciality\", {\r\n  Id: {\r\n    type: DataTypes.UUID,\r\n    defaultValue: DataTypes.UUIDV4,\r\n    primaryKey: true,\r\n    allowNull: false, // Or DataTypes.UUIDV1\r\n  },\r\n  name: {\r\n    type: DataTypes.STRING,\r\n    allowNull: false,\r\n  },\r\n  enabled: {\r\n    type: DataTypes.BOOLEAN,\r\n    defaultValue: true,\r\n  },\r\n  reviewed: {\r\n    type: DataTypes.BOOLEAN,\r\n    defaultValue: true,\r\n  },\r\n  deleted: {\r\n    type: DataTypes.BOOLEAN,\r\n    defaultValue: false,\r\n  },\r\n  imageUrl: {\r\n    type: DataTypes.STRING,\r\n    allowNull: false,\r\n  },\r\n});\r\n\r\n"]},"_coverageSchema":"1a1c01bbd47fc00a2c39e90264f33305004495a9","hash":"e90efac4d461598a7a0cf800b427d45cf1cd75e9","contentHash":"185068d39761bfcab682f843212ea5aeae77889eeab075248698fe73f476cb67"},"C:\\Users\\p\\Desktop\\Falgun\\my-doctors\\myDoctorServer\\src\\models\\doctorSpecialityMapping.ts":{"path":"C:\\Users\\p\\Desktop\\Falgun\\my-doctors\\myDoctorServer\\src\\models\\doctorSpecialityMapping.ts","statementMap":{"0":{"start":{"line":2,"column":0},"end":{"line":2,"column":62}},"1":{"start":{"line":3,"column":0},"end":{"line":3,"column":41}},"2":{"start":{"line":4,"column":20},"end":{"line":4,"column":40}},"3":{"start":{"line":5,"column":19},"end":{"line":5,"column":41}},"4":{"start":{"line":6,"column":18},"end":{"line":6,"column":38}},"5":{"start":{"line":7,"column":21},"end":{"line":7,"column":44}},"6":{"start":{"line":8,"column":0},"end":{"line":29,"column":3}},"7":{"start":{"line":30,"column":0},"end":{"line":30,"column":103}},"8":{"start":{"line":31,"column":0},"end":{"line":31,"column":103}}},"fnMap":{},"branchMap":{},"s":{"0":1,"1":1,"2":1,"3":1,"4":1,"5":1,"6":1,"7":1,"8":1},"f":{},"b":{},"inputSourceMap":{"version":3,"file":"C:/Users/p/Desktop/Falgun/my-doctors/myDoctorServer/src/models/doctorSpecialityMapping.ts","sources":["C:/Users/p/Desktop/Falgun/my-doctors/myDoctorServer/src/models/doctorSpecialityMapping.ts"],"names":[],"mappings":";;;AAAA,yCAAuD;AACvD,0CAAwC;AACxC,uCAAoC;AACpC,6CAA0C;AAe7B,QAAA,uBAAuB,GAAC,oBAAS,CAAC,MAAM,CAA2B,yBAAyB,EAAC;IACtG,EAAE,EAAC;QACC,IAAI,EAAE,qBAAS,CAAC,IAAI;QACpB,YAAY,EAAE,qBAAS,CAAC,MAAM;QAC9B,UAAU,EAAC,IAAI;QACf,SAAS,EAAC,KAAK,CAAC,sBAAsB;KACvC;IACD,QAAQ,EAAC;QACP,IAAI,EAAC,qBAAS,CAAC,IAAI;QACnB,UAAU,EAAE;YACR,KAAK,EAAE,iBAAO;YACd,GAAG,EAAE,IAAI;SACV;KACJ;IACD,YAAY,EAAC;QACX,IAAI,EAAC,qBAAS,CAAC,IAAI;QACnB,UAAU,EAAE;YACR,KAAK,EAAE,uBAAU;YACjB,GAAG,EAAE,IAAI;SACV;KACJ;CACN,CAAC,CAAA;AACF,iBAAO,CAAC,aAAa,CAAC,uBAAU,EAAC,EAAC,OAAO,EAAC,+BAAuB,EAAC,CAAC,CAAA;AACnE,uBAAU,CAAC,aAAa,CAAC,iBAAO,EAAC,EAAC,OAAO,EAAC,+BAAuB,EAAC,CAAC,CAAA","sourcesContent":["import { Model, DataTypes, Optional } from \"sequelize\";\r\nimport { sequelize } from \"../database\";\r\nimport { doctors } from \"./doctors\";\r\nimport { speciality } from \"./speciality\";\r\n\r\ninterface DoctorSpecialityAttributes {\r\n    Id: string;\r\n    doctorId:string;\r\n    specialityId:string;\r\n  }\r\n  interface DoctorSpecialityCreationAttributes\r\n  extends Optional<DoctorSpecialityAttributes, 'Id'> {}\r\n  interface DoctorSpecialityInstance extends Model<DoctorSpecialityAttributes,DoctorSpecialityCreationAttributes>, \r\n  DoctorSpecialityAttributes {\r\n    createdAt?: Date;\r\n    updatedAt?: Date;\r\n  }\r\n\r\nexport const doctorSpecialityMapping=sequelize.define<DoctorSpecialityInstance>(\"doctorSpecialityMapping\",{\r\n    Id:{\r\n        type: DataTypes.UUID,\r\n        defaultValue: DataTypes.UUIDV4,\r\n        primaryKey:true,\r\n        allowNull:false // Or DataTypes.UUIDV1\r\n      },\r\n      doctorId:{\r\n        type:DataTypes.UUID,\r\n        references: {\r\n            model: doctors,\r\n            key: \"Id\",\r\n          },\r\n      },\r\n      specialityId:{\r\n        type:DataTypes.UUID,\r\n        references: {\r\n            model: speciality,\r\n            key: \"Id\",\r\n          },\r\n      }\r\n})\r\ndoctors.belongsToMany(speciality,{through:doctorSpecialityMapping})\r\nspeciality.belongsToMany(doctors,{through:doctorSpecialityMapping})\r\n"]},"_coverageSchema":"1a1c01bbd47fc00a2c39e90264f33305004495a9","hash":"8e3d2b786bd824194514b82e821e9f28cfdf80cd","contentHash":"e60dedc79b017c6e08b95e068d676909a82d35acadb0a8ab87fa434751fcbf1b"},"C:\\Users\\p\\Desktop\\Falgun\\my-doctors\\myDoctorServer\\src\\models\\hospitalDoctorMapping.ts":{"path":"C:\\Users\\p\\Desktop\\Falgun\\my-doctors\\myDoctorServer\\src\\models\\hospitalDoctorMapping.ts","statementMap":{"0":{"start":{"line":2,"column":0},"end":{"line":2,"column":62}},"1":{"start":{"line":3,"column":0},"end":{"line":3,"column":39}},"2":{"start":{"line":4,"column":20},"end":{"line":4,"column":40}},"3":{"start":{"line":5,"column":19},"end":{"line":5,"column":41}},"4":{"start":{"line":6,"column":18},"end":{"line":6,"column":38}},"5":{"start":{"line":7,"column":19},"end":{"line":7,"column":40}},"6":{"start":{"line":8,"column":0},"end":{"line":37,"column":3}},"7":{"start":{"line":38,"column":0},"end":{"line":38,"column":97}},"8":{"start":{"line":39,"column":0},"end":{"line":39,"column":97}}},"fnMap":{},"branchMap":{},"s":{"0":1,"1":1,"2":1,"3":1,"4":1,"5":1,"6":1,"7":1,"8":1},"f":{},"b":{},"inputSourceMap":{"version":3,"file":"C:/Users/p/Desktop/Falgun/my-doctors/myDoctorServer/src/models/hospitalDoctorMapping.ts","sources":["C:/Users/p/Desktop/Falgun/my-doctors/myDoctorServer/src/models/hospitalDoctorMapping.ts"],"names":[],"mappings":";;;AAAA,yCAAuD;AACvD,0CAAwC;AACxC,uCAAoC;AACpC,yCAAsC;AAkBzB,QAAA,qBAAqB,GAAC,oBAAS,CAAC,MAAM,CAAyB,uBAAuB,EAAC;IAChG,EAAE,EAAC;QACC,IAAI,EAAE,qBAAS,CAAC,IAAI;QACpB,YAAY,EAAE,qBAAS,CAAC,MAAM;QAC9B,UAAU,EAAC,IAAI;QACf,SAAS,EAAC,KAAK,CAAC,sBAAsB;KACvC;IACD,UAAU,EAAC;QACT,IAAI,EAAC,qBAAS,CAAC,IAAI;QACnB,UAAU,EAAE;YACR,KAAK,EAAE,mBAAQ;YACf,GAAG,EAAE,IAAI;SACV;KACJ;IACD,QAAQ,EAAC;QACP,IAAI,EAAC,qBAAS,CAAC,IAAI;QACnB,UAAU,EAAE;YACR,KAAK,EAAE,iBAAO;YACd,GAAG,EAAE,IAAI;SACV;KACJ;IACD,eAAe,EAAC;QACd,IAAI,EAAC,qBAAS,CAAC,OAAO;QACtB,SAAS,EAAC,KAAK;KAChB;IACD,QAAQ,EAAC;QACP,IAAI,EAAC,qBAAS,CAAC,MAAM;QACrB,SAAS,EAAC,KAAK;KAChB;CACN,CAAC,CAAA;AACF,iBAAO,CAAC,aAAa,CAAC,mBAAQ,EAAC,EAAC,OAAO,EAAC,6BAAqB,EAAC,CAAC,CAAA;AAC/D,mBAAQ,CAAC,aAAa,CAAC,iBAAO,EAAC,EAAC,OAAO,EAAC,6BAAqB,EAAC,CAAC,CAAA","sourcesContent":["import { Model, DataTypes, Optional } from \"sequelize\";\r\nimport { sequelize } from \"../database\";\r\nimport { doctors } from \"./doctors\";\r\nimport { hospital } from \"./hospital\";\r\n\r\n\r\nexport interface DoctorHospitalAttributes {\r\n    Id: string;\r\n    hospitalId:string;\r\n    doctorId:string;\r\n    consultationFee:number;\r\n    position:string\r\n  }\r\n  interface DoctorHospitalCreationAttributes\r\n  extends Optional<DoctorHospitalAttributes, 'Id'> {}\r\n  interface DoctorHospitalInstance extends Model<DoctorHospitalAttributes,DoctorHospitalCreationAttributes>, \r\n  DoctorHospitalAttributes {\r\n    createdAt?: Date;\r\n    updatedAt?: Date;\r\n  }\r\n\r\nexport const hospitalDoctorMapping=sequelize.define<DoctorHospitalInstance>(\"hospitalDoctorMapping\",{\r\n    Id:{\r\n        type: DataTypes.UUID,\r\n        defaultValue: DataTypes.UUIDV4,\r\n        primaryKey:true,\r\n        allowNull:false // Or DataTypes.UUIDV1\r\n      },\r\n      hospitalId:{\r\n        type:DataTypes.UUID,\r\n        references: {\r\n            model: hospital,\r\n            key: \"Id\",\r\n          },\r\n      },\r\n      doctorId:{\r\n        type:DataTypes.UUID,\r\n        references: {\r\n            model: doctors,\r\n            key: \"Id\",\r\n          },\r\n      },\r\n      consultationFee:{\r\n        type:DataTypes.INTEGER,\r\n        allowNull:false\r\n      },\r\n      position:{\r\n        type:DataTypes.STRING,\r\n        allowNull:false\r\n      }\r\n})\r\ndoctors.belongsToMany(hospital,{through:hospitalDoctorMapping})\r\nhospital.belongsToMany(doctors,{through:hospitalDoctorMapping})\r\n"]},"_coverageSchema":"1a1c01bbd47fc00a2c39e90264f33305004495a9","hash":"7310e2a26924239a83263058c60e302d75c30c16","contentHash":"d6d15f73cd47032700af97d45f18b876290337a7e0353c3cd089fcf08e385d23"},"C:\\Users\\p\\Desktop\\Falgun\\my-doctors\\myDoctorServer\\src\\routes\\route.ts":{"path":"C:\\Users\\p\\Desktop\\Falgun\\my-doctors\\myDoctorServer\\src\\routes\\route.ts","statementMap":{"0":{"start":{"line":2,"column":22},"end":{"line":4,"column":1}},"1":{"start":{"line":3,"column":4},"end":{"line":3,"column":62}},"2":{"start":{"line":5,"column":0},"end":{"line":5,"column":62}},"3":{"start":{"line":6,"column":0},"end":{"line":6,"column":41}},"4":{"start":{"line":7,"column":18},"end":{"line":7,"column":53}},"5":{"start":{"line":8,"column":17},"end":{"line":8,"column":51}},"6":{"start":{"line":9,"column":23},"end":{"line":9,"column":61}},"7":{"start":{"line":10,"column":18},"end":{"line":10,"column":51}},"8":{"start":{"line":11,"column":18},"end":{"line":11,"column":51}},"9":{"start":{"line":12,"column":19},"end":{"line":12,"column":53}},"10":{"start":{"line":13,"column":25},"end":{"line":13,"column":65}},"11":{"start":{"line":14,"column":26},"end":{"line":14,"column":67}},"12":{"start":{"line":15,"column":25},"end":{"line":15,"column":65}},"13":{"start":{"line":16,"column":25},"end":{"line":16,"column":65}},"14":{"start":{"line":17,"column":24},"end":{"line":17,"column":63}},"15":{"start":{"line":18,"column":15},"end":{"line":18,"column":45}},"16":{"start":{"line":19,"column":19},"end":{"line":19,"column":53}},"17":{"start":{"line":20,"column":0},"end":{"line":20,"column":43}},"18":{"start":{"line":21,"column":0},"end":{"line":28,"column":3}},"19":{"start":{"line":23,"column":8},"end":{"line":23,"column":50}},"20":{"start":{"line":26,"column":8},"end":{"line":26,"column":36}},"21":{"start":{"line":29,"column":15},"end":{"line":29,"column":66}},"22":{"start":{"line":30,"column":0},"end":{"line":30,"column":69}},"23":{"start":{"line":31,"column":0},"end":{"line":31,"column":59}},"24":{"start":{"line":32,"column":0},"end":{"line":32,"column":57}},"25":{"start":{"line":33,"column":0},"end":{"line":33,"column":62}},"26":{"start":{"line":34,"column":0},"end":{"line":34,"column":71}},"27":{"start":{"line":35,"column":0},"end":{"line":35,"column":74}},"28":{"start":{"line":36,"column":0},"end":{"line":36,"column":71}},"29":{"start":{"line":37,"column":0},"end":{"line":37,"column":98}},"30":{"start":{"line":38,"column":0},"end":{"line":38,"column":86}},"31":{"start":{"line":40,"column":0},"end":{"line":40,"column":58}},"32":{"start":{"line":41,"column":0},"end":{"line":41,"column":70}},"33":{"start":{"line":42,"column":0},"end":{"line":42,"column":57}},"34":{"start":{"line":43,"column":0},"end":{"line":43,"column":52}}},"fnMap":{"0":{"name":"(anonymous_0)","decl":{"start":{"line":2,"column":56},"end":{"line":2,"column":57}},"loc":{"start":{"line":2,"column":71},"end":{"line":4,"column":1}},"line":2},"1":{"name":"(anonymous_1)","decl":{"start":{"line":22,"column":17},"end":{"line":22,"column":18}},"loc":{"start":{"line":22,"column":42},"end":{"line":24,"column":5}},"line":22},"2":{"name":"(anonymous_2)","decl":{"start":{"line":25,"column":14},"end":{"line":25,"column":15}},"loc":{"start":{"line":25,"column":39},"end":{"line":27,"column":5}},"line":25}},"branchMap":{"0":{"loc":{"start":{"line":2,"column":22},"end":{"line":4,"column":1}},"type":"binary-expr","locations":[{"start":{"line":2,"column":23},"end":{"line":2,"column":27}},{"start":{"line":2,"column":31},"end":{"line":2,"column":51}},{"start":{"line":2,"column":56},"end":{"line":4,"column":1}}],"line":2},"1":{"loc":{"start":{"line":3,"column":11},"end":{"line":3,"column":61}},"type":"cond-expr","locations":[{"start":{"line":3,"column":37},"end":{"line":3,"column":40}},{"start":{"line":3,"column":43},"end":{"line":3,"column":61}}],"line":3},"2":{"loc":{"start":{"line":3,"column":12},"end":{"line":3,"column":33}},"type":"binary-expr","locations":[{"start":{"line":3,"column":12},"end":{"line":3,"column":15}},{"start":{"line":3,"column":19},"end":{"line":3,"column":33}}],"line":3}},"s":{"0":1,"1":2,"2":1,"3":1,"4":1,"5":1,"6":1,"7":1,"8":1,"9":1,"10":1,"11":1,"12":1,"13":1,"14":1,"15":1,"16":1,"17":1,"18":1,"19":4,"20":4,"21":1,"22":1,"23":1,"24":1,"25":1,"26":1,"27":1,"28":1,"29":1,"30":1,"31":1,"32":1,"33":1,"34":1},"f":{"0":2,"1":4,"2":4},"b":{"0":[1,1,1],"1":[0,2],"2":[2,2]},"inputSourceMap":{"version":3,"file":"C:/Users/p/Desktop/Falgun/my-doctors/myDoctorServer/src/routes/route.ts","sources":["C:/Users/p/Desktop/Falgun/my-doctors/myDoctorServer/src/routes/route.ts"],"names":[],"mappings":";;;;;;AAAA,sDAA8B;AAC9B,oDAA2B;AAC3B,8DAAkF;AAClF,oDAAqE;AACrE,oDAA0D;AAC1D,sDAA2E;AAC3E,kEAA+D;AAC/D,oEAAiE;AACjE,kEAA+D;AAC/D,kEAA8D;AAC9D,gEAA6D;AAC7D,8CAA2C;AAC3C,sDAAmD;AACtC,QAAA,KAAK,GAAC,iBAAO,CAAC,MAAM,EAAE,CAAC;AAIvB,QAAA,OAAO,GAAG,gBAAM,CAAC,WAAW,CAAC;IACtC,WAAW,EAAE,UAAU,GAAG,EAAE,IAAI,EAAE,EAAE;QAClC,EAAE,CAAC,IAAI,EAAE,+BAA+B,CAAC,CAAA;IAC3C,CAAC;IACD,QAAQ,EAAE,UAAU,GAAG,EAAE,IAAI,EAAE,EAAE;QAC/B,EAAE,CAAC,IAAI,EAAE,IAAI,CAAC,YAAY,CAAE,CAAA;IAC9B,CAAC;CACF,CAAC,CAAA;AAEF,MAAM,MAAM,GAAG,IAAA,gBAAM,EAAC,EAAE,OAAO,EAAE,eAAO,EAAE,CAAC,CAAA;AAE3C,aAAK,CAAC,IAAI,CAAC,aAAa,EAAE,iCAAkB,CAAC,CAAC;AAC/C,aAAK,CAAC,IAAI,CAAC,UAAU,EAAC,0BAAgB,CAAC,CAAA;AACvC,aAAK,CAAC,IAAI,CAAC,SAAS,EAAC,yBAAe,CAAC,CAAC;AACtC,aAAK,CAAC,IAAI,CAAC,WAAW,EAAC,4BAAiB,CAAC,CAAC;AAC1C,aAAK,CAAC,IAAI,CAAC,iBAAiB,EAAC,+BAAc,CAAC,CAAC;AAC7C,aAAK,CAAC,IAAI,CAAC,kBAAkB,EAAC,iCAAe,CAAC,CAAC;AAC/C,aAAK,CAAC,IAAI,CAAC,iBAAiB,EAAC,+BAAc,CAAC,CAAC;AAC7C,aAAK,CAAC,GAAG,CAAC,sBAAsB,EAAE,MAAM,CAAC,MAAM,CAAC,OAAO,CAAC,EAAC,8BAAa,CAAC,CAAC;AACxE,aAAK,CAAC,GAAG,CAAC,sBAAsB,EAAC,WAAI,EAAC,6BAAa,CAAC,CAAC;AACtD,+CAA+C;AAC9C,aAAK,CAAC,GAAG,CAAC,iBAAiB,EAAC,mBAAQ,CAAC,CAAC;AACvC,aAAK,CAAC,GAAG,CAAC,kBAAkB,EAAC,8BAAe,CAAC,CAAA;AAC5C,aAAK,CAAC,GAAG,CAAC,YAAY,EAAC,uBAAY,CAAC,CAAA;AACrC,aAAK,CAAC,GAAG,CAAC,UAAU,EAAC,oBAAU,CAAC,CAAA","sourcesContent":["import express from \"express\";\r\nimport multer from \"multer\"\r\nimport { createSpecialities, getSpecialities } from \"../controllers/specialities\";\r\nimport { getDoctors, registerDoctors } from \"../controllers/doctors\";\r\nimport { registerPatients } from \"../controllers/patient\";\r\nimport {  getHospitals, registerHospitals } from \"../controllers/hospital\";\r\nimport { authentication } from \"../controllers/authentication\";\r\nimport { otpVerification } from \"../controllers/otpVerification\";\r\nimport { changePassword } from \"../controllers/changePassword\";\r\nimport { updateProfile } from \"../controllers/updateProfiles\";\r\nimport { authorization } from \"../controllers/authorization\";\r\nimport { auth } from \"../middlewares/auth\";\r\nimport { isUnique } from \"../controllers/accounts\";\r\nexport const route=express.Router();\r\n\r\n\r\n\r\nexport const storage = multer.diskStorage({\r\n    destination: function (req, file, cb) {\r\n      cb(null, 'public/assests/images/uploads')\r\n    },\r\n    filename: function (req, file, cb) {\r\n      cb(null, file.originalname )\r\n    }\r\n  })\r\n  \r\n  const upload = multer({ storage: storage })\r\n\r\n  route.post(\"/speciality\", createSpecialities);\r\n route.post(\"/patient\",registerPatients)\r\n route.post(\"/doctor\",registerDoctors);\r\n route.post(\"/hospital\",registerHospitals);\r\n route.post(\"/authentication\",authentication);\r\n route.post(\"/otpverification\",otpVerification);\r\n route.post(\"/changepassword\",changePassword);\r\n route.put(\"/updateProfile/:role\", upload.single('image'),updateProfile);\r\n route.get(\"/authorization/:role\",auth,authorization);\r\n//  route.get(\"/hospital/:id\",getHospitalById);\r\n route.get(\"/accounts/:role\",isUnique);\r\nroute.get(\"/specializations\",getSpecialities)\r\n route.get(\"/hospitals\",getHospitals)\r\nroute.get(\"/doctors\",getDoctors)\r\n"]},"_coverageSchema":"1a1c01bbd47fc00a2c39e90264f33305004495a9","hash":"191c4fa8796ead5a38ec7b87ba943a21b7fc0399","contentHash":"daad8a957018eb5127ed8a9dbd38863df68bc1814b037f34097ad2d7a3612a30"},"C:\\Users\\p\\Desktop\\Falgun\\my-doctors\\myDoctorServer\\src\\controllers\\specialities.ts":{"path":"C:\\Users\\p\\Desktop\\Falgun\\my-doctors\\myDoctorServer\\src\\controllers\\specialities.ts","statementMap":{"0":{"start":{"line":2,"column":16},"end":{"line":10,"column":1}},"1":{"start":{"line":3,"column":28},"end":{"line":3,"column":110}},"2":{"start":{"line":3,"column":91},"end":{"line":3,"column":106}},"3":{"start":{"line":4,"column":4},"end":{"line":9,"column":7}},"4":{"start":{"line":5,"column":36},"end":{"line":5,"column":97}},"5":{"start":{"line":5,"column":42},"end":{"line":5,"column":70}},"6":{"start":{"line":5,"column":85},"end":{"line":5,"column":95}},"7":{"start":{"line":6,"column":35},"end":{"line":6,"column":100}},"8":{"start":{"line":6,"column":41},"end":{"line":6,"column":73}},"9":{"start":{"line":6,"column":88},"end":{"line":6,"column":98}},"10":{"start":{"line":7,"column":32},"end":{"line":7,"column":116}},"11":{"start":{"line":8,"column":8},"end":{"line":8,"column":78}},"12":{"start":{"line":11,"column":0},"end":{"line":11,"column":62}},"13":{"start":{"line":12,"column":0},"end":{"line":12,"column":62}},"14":{"start":{"line":13,"column":20},"end":{"line":13,"column":40}},"15":{"start":{"line":14,"column":21},"end":{"line":14,"column":52}},"16":{"start":{"line":15,"column":24},"end":{"line":34,"column":2}},"17":{"start":{"line":15,"column":38},"end":{"line":34,"column":2}},"18":{"start":{"line":16,"column":17},"end":{"line":16,"column":31}},"19":{"start":{"line":18,"column":4},"end":{"line":29,"column":5}},"20":{"start":{"line":19,"column":8},"end":{"line":19,"column":63}},"21":{"start":{"line":22,"column":8},"end":{"line":28,"column":11}},"22":{"start":{"line":30,"column":4},"end":{"line":33,"column":7}},"23":{"start":{"line":35,"column":0},"end":{"line":35,"column":42}},"24":{"start":{"line":36,"column":27},"end":{"line":39,"column":2}},"25":{"start":{"line":36,"column":41},"end":{"line":39,"column":2}},"26":{"start":{"line":37,"column":17},"end":{"line":37,"column":143}},"27":{"start":{"line":37,"column":40},"end":{"line":37,"column":142}},"28":{"start":{"line":37,"column":89},"end":{"line":37,"column":139}},"29":{"start":{"line":38,"column":4},"end":{"line":38,"column":31}},"30":{"start":{"line":40,"column":0},"end":{"line":40,"column":48}}},"fnMap":{"0":{"name":"(anonymous_0)","decl":{"start":{"line":2,"column":44},"end":{"line":2,"column":45}},"loc":{"start":{"line":2,"column":89},"end":{"line":10,"column":1}},"line":2},"1":{"name":"adopt","decl":{"start":{"line":3,"column":13},"end":{"line":3,"column":18}},"loc":{"start":{"line":3,"column":26},"end":{"line":3,"column":112}},"line":3},"2":{"name":"(anonymous_2)","decl":{"start":{"line":3,"column":70},"end":{"line":3,"column":71}},"loc":{"start":{"line":3,"column":89},"end":{"line":3,"column":108}},"line":3},"3":{"name":"(anonymous_3)","decl":{"start":{"line":4,"column":36},"end":{"line":4,"column":37}},"loc":{"start":{"line":4,"column":63},"end":{"line":9,"column":5}},"line":4},"4":{"name":"fulfilled","decl":{"start":{"line":5,"column":17},"end":{"line":5,"column":26}},"loc":{"start":{"line":5,"column":34},"end":{"line":5,"column":99}},"line":5},"5":{"name":"rejected","decl":{"start":{"line":6,"column":17},"end":{"line":6,"column":25}},"loc":{"start":{"line":6,"column":33},"end":{"line":6,"column":102}},"line":6},"6":{"name":"step","decl":{"start":{"line":7,"column":17},"end":{"line":7,"column":21}},"loc":{"start":{"line":7,"column":30},"end":{"line":7,"column":118}},"line":7},"7":{"name":"(anonymous_7)","decl":{"start":{"line":15,"column":24},"end":{"line":15,"column":25}},"loc":{"start":{"line":15,"column":38},"end":{"line":34,"column":2}},"line":15},"8":{"name":"(anonymous_8)","decl":{"start":{"line":15,"column":72},"end":{"line":15,"column":73}},"loc":{"start":{"line":15,"column":85},"end":{"line":34,"column":1}},"line":15},"9":{"name":"(anonymous_9)","decl":{"start":{"line":36,"column":27},"end":{"line":36,"column":28}},"loc":{"start":{"line":36,"column":41},"end":{"line":39,"column":2}},"line":36},"10":{"name":"(anonymous_10)","decl":{"start":{"line":36,"column":75},"end":{"line":36,"column":76}},"loc":{"start":{"line":36,"column":88},"end":{"line":39,"column":1}},"line":36},"11":{"name":"(anonymous_11)","decl":{"start":{"line":37,"column":30},"end":{"line":37,"column":31}},"loc":{"start":{"line":37,"column":40},"end":{"line":37,"column":142}},"line":37},"12":{"name":"(anonymous_12)","decl":{"start":{"line":37,"column":74},"end":{"line":37,"column":75}},"loc":{"start":{"line":37,"column":87},"end":{"line":37,"column":141}},"line":37}},"branchMap":{"0":{"loc":{"start":{"line":2,"column":16},"end":{"line":10,"column":1}},"type":"binary-expr","locations":[{"start":{"line":2,"column":17},"end":{"line":2,"column":21}},{"start":{"line":2,"column":25},"end":{"line":2,"column":39}},{"start":{"line":2,"column":44},"end":{"line":10,"column":1}}],"line":2},"1":{"loc":{"start":{"line":3,"column":35},"end":{"line":3,"column":109}},"type":"cond-expr","locations":[{"start":{"line":3,"column":56},"end":{"line":3,"column":61}},{"start":{"line":3,"column":64},"end":{"line":3,"column":109}}],"line":3},"2":{"loc":{"start":{"line":4,"column":16},"end":{"line":4,"column":34}},"type":"binary-expr","locations":[{"start":{"line":4,"column":16},"end":{"line":4,"column":17}},{"start":{"line":4,"column":22},"end":{"line":4,"column":33}}],"line":4},"3":{"loc":{"start":{"line":7,"column":32},"end":{"line":7,"column":115}},"type":"cond-expr","locations":[{"start":{"line":7,"column":46},"end":{"line":7,"column":67}},{"start":{"line":7,"column":70},"end":{"line":7,"column":115}}],"line":7},"4":{"loc":{"start":{"line":8,"column":51},"end":{"line":8,"column":67}},"type":"binary-expr","locations":[{"start":{"line":8,"column":51},"end":{"line":8,"column":61}},{"start":{"line":8,"column":65},"end":{"line":8,"column":67}}],"line":8},"5":{"loc":{"start":{"line":18,"column":4},"end":{"line":29,"column":5}},"type":"if","locations":[{"start":{"line":18,"column":4},"end":{"line":29,"column":5}},{"start":{"line":18,"column":4},"end":{"line":29,"column":5}}],"line":18}},"s":{"0":1,"1":22,"2":20,"3":23,"4":22,"5":22,"6":0,"7":0,"8":0,"9":0,"10":45,"11":23,"12":1,"13":1,"14":1,"15":1,"16":1,"17":2,"18":2,"19":2,"20":1,"21":1,"22":2,"23":1,"24":1,"25":1,"26":1,"27":20,"28":20,"29":1,"30":1},"f":{"0":23,"1":22,"2":20,"3":23,"4":22,"5":0,"6":45,"7":2,"8":2,"9":1,"10":1,"11":20,"12":20},"b":{"0":[1,1,1],"1":[2,20],"2":[23,23],"3":[23,22],"4":[23,23],"5":[1,1]},"inputSourceMap":{"version":3,"file":"C:/Users/p/Desktop/Falgun/my-doctors/myDoctorServer/src/controllers/specialities.ts","sources":["C:/Users/p/Desktop/Falgun/my-doctors/myDoctorServer/src/controllers/specialities.ts"],"names":[],"mappings":";;;;;;;;;;;;AAAA,yCAA+B;AAC/B,qDAAwE;AAGjE,MAAM,eAAe,GAAC,CAAM,GAAW,EAAC,GAAY,EAAC,EAAE;IAG9D,MAAM,IAAI,GAAC,GAAG,CAAC,KAAK,CAAC,IAAc,CAAA;IACnC,IAAI,YAA0B,CAAC;IAE/B,IAAG,CAAC,IAAI,EAAC;QACJ,YAAY,GAAC,MAAM,uBAAU,CAAC,OAAO,EAAE,CAAA;KAC3C;SACG;QACA,YAAY,GAAC,MAAM,uBAAU,CAAC,OAAO,CAAC;YACtC,KAAK,EAAC;gBACF,IAAI,EAAC;oBACD,CAAC,cAAE,CAAC,OAAO,CAAC,EAAC,IAAI;iBACpB;aACJ;SAAC,CAAC,CAAA;KACN;IAED,GAAG,CAAC,MAAM,CAAC,GAAG,CAAC,CAAC,IAAI,CAAC;QACjB,KAAK,EAAC,YAAY,CAAC,MAAM;QACzB,IAAI,EAAC,YAAY;KACpB,CAAC,CAAA;AACF,CAAC,CAAA,CAAA;AAtBY,QAAA,eAAe,mBAsB3B;AAGM,MAAM,kBAAkB,GAAC,CAAO,GAAW,EAAE,GAAY,EAAE,EAAE;IAChE,MAAM,IAAI,GAAG,GAAG,CAAC,IAAI,CAAC,GAAG,CAAC,CAAO,IAAyB,EAAE,EAAE,kDAAC,OAAA,MAAM,uBAAU,CAAC,MAAM,CAAC,IAAI,CAAC,CAAA,GAAA,CAAC,CAAC;IAC9F,GAAG,CAAC,MAAM,CAAC,GAAG,CAAC,CAAC,IAAI,CAAC,IAAI,CAAC,CAAC;AAC7B,CAAC,CAAA,CAAA;AAHU,QAAA,kBAAkB,sBAG5B","sourcesContent":["import { Op } from \"sequelize\";\r\nimport { speciality, specialityAttributes } from \"../models/speciality\";\r\nimport { Request, Response } from \"express\";\r\n\r\nexport const getSpecialities=async(req:Request,res:Response)=>{\r\n    \r\n    \r\nconst name=req.query.name as string\r\nlet specialities:Array<Object>;\r\n\r\nif(!name){\r\n     specialities=await speciality.findAll()\r\n}\r\nelse{\r\n    specialities=await speciality.findAll({\r\n    where:{\r\n        name:{\r\n            [Op.iRegexp]:name\r\n        }\r\n    }})\r\n}\r\n\r\nres.status(200).json({\r\n    total:specialities.length,\r\n    data:specialities\r\n})\r\n}\r\n\r\n\r\nexport const createSpecialities=async (req:Request, res:Response) => {\r\n    const resp = req.body.map(async (item:specialityAttributes) => await speciality.create(item));\r\n    res.status(201).json(resp);\r\n  }"]},"_coverageSchema":"1a1c01bbd47fc00a2c39e90264f33305004495a9","hash":"802c33e138b726485ac9d89dbebfc5fd73302d4e","contentHash":"0d1fe36a56aacce0c98af0ee820760892822e073347a6b50c55864969f952996"},"C:\\Users\\p\\Desktop\\Falgun\\my-doctors\\myDoctorServer\\src\\controllers\\doctors.ts":{"path":"C:\\Users\\p\\Desktop\\Falgun\\my-doctors\\myDoctorServer\\src\\controllers\\doctors.ts","statementMap":{"0":{"start":{"line":2,"column":16},"end":{"line":10,"column":1}},"1":{"start":{"line":3,"column":28},"end":{"line":3,"column":110}},"2":{"start":{"line":3,"column":91},"end":{"line":3,"column":106}},"3":{"start":{"line":4,"column":4},"end":{"line":9,"column":7}},"4":{"start":{"line":5,"column":36},"end":{"line":5,"column":97}},"5":{"start":{"line":5,"column":42},"end":{"line":5,"column":70}},"6":{"start":{"line":5,"column":85},"end":{"line":5,"column":95}},"7":{"start":{"line":6,"column":35},"end":{"line":6,"column":100}},"8":{"start":{"line":6,"column":41},"end":{"line":6,"column":73}},"9":{"start":{"line":6,"column":88},"end":{"line":6,"column":98}},"10":{"start":{"line":7,"column":32},"end":{"line":7,"column":116}},"11":{"start":{"line":8,"column":8},"end":{"line":8,"column":78}},"12":{"start":{"line":11,"column":0},"end":{"line":11,"column":62}},"13":{"start":{"line":12,"column":0},"end":{"line":12,"column":54}},"14":{"start":{"line":13,"column":18},"end":{"line":13,"column":46}},"15":{"start":{"line":14,"column":16},"end":{"line":14,"column":42}},"16":{"start":{"line":15,"column":21},"end":{"line":15,"column":52}},"17":{"start":{"line":16,"column":19},"end":{"line":16,"column":48}},"18":{"start":{"line":17,"column":19},"end":{"line":37,"column":2}},"19":{"start":{"line":17,"column":33},"end":{"line":37,"column":2}},"20":{"start":{"line":18,"column":4},"end":{"line":36,"column":5}},"21":{"start":{"line":19,"column":21},"end":{"line":30,"column":10}},"22":{"start":{"line":31,"column":8},"end":{"line":31,"column":35}},"23":{"start":{"line":35,"column":8},"end":{"line":35,"column":66}},"24":{"start":{"line":38,"column":0},"end":{"line":38,"column":32}},"25":{"start":{"line":39,"column":24},"end":{"line":53,"column":2}},"26":{"start":{"line":39,"column":38},"end":{"line":53,"column":2}},"27":{"start":{"line":41,"column":4},"end":{"line":41,"column":29}},"28":{"start":{"line":42,"column":4},"end":{"line":52,"column":5}},"29":{"start":{"line":43,"column":21},"end":{"line":43,"column":56}},"30":{"start":{"line":44,"column":8},"end":{"line":46,"column":11}},"31":{"start":{"line":48,"column":8},"end":{"line":48,"column":35}},"32":{"start":{"line":51,"column":8},"end":{"line":51,"column":36}},"33":{"start":{"line":54,"column":0},"end":{"line":54,"column":42}}},"fnMap":{"0":{"name":"(anonymous_0)","decl":{"start":{"line":2,"column":44},"end":{"line":2,"column":45}},"loc":{"start":{"line":2,"column":89},"end":{"line":10,"column":1}},"line":2},"1":{"name":"adopt","decl":{"start":{"line":3,"column":13},"end":{"line":3,"column":18}},"loc":{"start":{"line":3,"column":26},"end":{"line":3,"column":112}},"line":3},"2":{"name":"(anonymous_2)","decl":{"start":{"line":3,"column":70},"end":{"line":3,"column":71}},"loc":{"start":{"line":3,"column":89},"end":{"line":3,"column":108}},"line":3},"3":{"name":"(anonymous_3)","decl":{"start":{"line":4,"column":36},"end":{"line":4,"column":37}},"loc":{"start":{"line":4,"column":63},"end":{"line":9,"column":5}},"line":4},"4":{"name":"fulfilled","decl":{"start":{"line":5,"column":17},"end":{"line":5,"column":26}},"loc":{"start":{"line":5,"column":34},"end":{"line":5,"column":99}},"line":5},"5":{"name":"rejected","decl":{"start":{"line":6,"column":17},"end":{"line":6,"column":25}},"loc":{"start":{"line":6,"column":33},"end":{"line":6,"column":102}},"line":6},"6":{"name":"step","decl":{"start":{"line":7,"column":17},"end":{"line":7,"column":21}},"loc":{"start":{"line":7,"column":30},"end":{"line":7,"column":118}},"line":7},"7":{"name":"(anonymous_7)","decl":{"start":{"line":17,"column":19},"end":{"line":17,"column":20}},"loc":{"start":{"line":17,"column":33},"end":{"line":37,"column":2}},"line":17},"8":{"name":"(anonymous_8)","decl":{"start":{"line":17,"column":67},"end":{"line":17,"column":68}},"loc":{"start":{"line":17,"column":80},"end":{"line":37,"column":1}},"line":17},"9":{"name":"(anonymous_9)","decl":{"start":{"line":39,"column":24},"end":{"line":39,"column":25}},"loc":{"start":{"line":39,"column":38},"end":{"line":53,"column":2}},"line":39},"10":{"name":"(anonymous_10)","decl":{"start":{"line":39,"column":72},"end":{"line":39,"column":73}},"loc":{"start":{"line":39,"column":85},"end":{"line":53,"column":1}},"line":39}},"branchMap":{"0":{"loc":{"start":{"line":2,"column":16},"end":{"line":10,"column":1}},"type":"binary-expr","locations":[{"start":{"line":2,"column":17},"end":{"line":2,"column":21}},{"start":{"line":2,"column":25},"end":{"line":2,"column":39}},{"start":{"line":2,"column":44},"end":{"line":10,"column":1}}],"line":2},"1":{"loc":{"start":{"line":3,"column":35},"end":{"line":3,"column":109}},"type":"cond-expr","locations":[{"start":{"line":3,"column":56},"end":{"line":3,"column":61}},{"start":{"line":3,"column":64},"end":{"line":3,"column":109}}],"line":3},"2":{"loc":{"start":{"line":4,"column":16},"end":{"line":4,"column":34}},"type":"binary-expr","locations":[{"start":{"line":4,"column":16},"end":{"line":4,"column":17}},{"start":{"line":4,"column":22},"end":{"line":4,"column":33}}],"line":4},"3":{"loc":{"start":{"line":7,"column":32},"end":{"line":7,"column":115}},"type":"cond-expr","locations":[{"start":{"line":7,"column":46},"end":{"line":7,"column":67}},{"start":{"line":7,"column":70},"end":{"line":7,"column":115}}],"line":7},"4":{"loc":{"start":{"line":8,"column":51},"end":{"line":8,"column":67}},"type":"binary-expr","locations":[{"start":{"line":8,"column":51},"end":{"line":8,"column":61}},{"start":{"line":8,"column":65},"end":{"line":8,"column":67}}],"line":8}},"s":{"0":1,"1":5,"2":1,"3":4,"4":3,"5":3,"6":0,"7":2,"8":2,"9":0,"10":9,"11":4,"12":1,"13":1,"14":1,"15":1,"16":1,"17":1,"18":1,"19":2,"20":2,"21":2,"22":1,"23":1,"24":1,"25":1,"26":2,"27":2,"28":2,"29":2,"30":1,"31":1,"32":1,"33":1},"f":{"0":4,"1":5,"2":1,"3":4,"4":3,"5":2,"6":9,"7":2,"8":2,"9":2,"10":2},"b":{"0":[1,1,1],"1":[4,1],"2":[4,4],"3":[4,5],"4":[4,4]},"inputSourceMap":{"version":3,"file":"C:/Users/p/Desktop/Falgun/my-doctors/myDoctorServer/src/controllers/doctors.ts","sources":["C:/Users/p/Desktop/Falgun/my-doctors/myDoctorServer/src/controllers/doctors.ts"],"names":[],"mappings":";;;;;;;;;;;;AACA,+CAA4C;AAC5C,2CAAuC;AACvC,qDAAkD;AAClD,iDAA8C;AACvC,MAAM,UAAU,GAAC,CAAM,GAAW,EAAC,GAAY,EAAC,EAAE;IACrD,IAAI;QACA,MAAM,IAAI,GAAE,MAAM,iBAAO,CAAC,OAAO,CAAC;YAC9B,OAAO,EAAE,CAAC;oBACR,KAAK,EAAE,YAAI;iBACZ;gBACD;oBACE,KAAK,EAAE,uBAAU;iBAClB;gBACD;oBACE,KAAK,EAAE,mBAAQ;iBAChB;aACF;SACA,CAAC,CAAC;QACH,GAAG,CAAC,MAAM,CAAC,GAAG,CAAC,CAAC,IAAI,CAAC,IAAI,CAAC,CAAA;KAC/B;IAAC,OAAO,KAAK,EAAE;QACZ,qBAAqB;QACrB,GAAG,CAAC,MAAM,CAAC,GAAG,CAAC,CAAC,IAAI,CAAC,EAAC,OAAO,EAAC,sBAAsB,EAAC,CAAC,CAAA;KACzD;AAEL,CAAC,CAAA,CAAA;AApBY,QAAA,UAAU,cAoBtB;AAGM,MAAM,eAAe,GAAC,CAAM,GAAW,EAAC,GAAY,EAAC,EAAE;IAC9D,wBAAwB;IACxB,GAAG,CAAC,IAAI,CAAC,IAAI,GAAC,QAAQ,CAAC;IACvB,IAAI;QACA,MAAM,IAAI,GAAG,MAAM,YAAI,CAAC,MAAM,CAAC,GAAG,CAAC,IAAI,CAAC,CAAA;QAExC,MAAM,iBAAO,CAAC,MAAM,CAAC;YACjB,MAAM,EAAC,IAAI,CAAC,EAAE;SAChB,CAAC,CAAA;QACP,qBAAqB;QACrB,GAAG,CAAC,MAAM,CAAC,GAAG,CAAC,CAAC,IAAI,CAAC,IAAI,CAAC,CAAA;KACzB;IAAC,OAAO,KAAK,EAAE;QACZ,GAAG,CAAC,MAAM,CAAC,GAAG,CAAC,CAAC,IAAI,CAAC,KAAK,CAAC,CAAA;KAC9B;AACD,CAAC,CAAA,CAAA;AAdY,QAAA,eAAe,mBAc3B","sourcesContent":["import { Request, Response } from \"express\";\r\nimport { doctors } from \"../models/doctors\";\r\nimport { user } from \"../models/users\";\r\nimport { speciality } from \"../models/speciality\";\r\nimport { hospital } from \"../models/hospital\";\r\nexport const getDoctors=async(req:Request,res:Response)=>{\r\n    try {\r\n        const resp= await doctors.findAll({\r\n            include: [{\r\n              model: user,\r\n            },\r\n            {\r\n              model: speciality,\r\n            },\r\n            {\r\n              model: hospital,\r\n            },\r\n          ]\r\n          });\r\n          res.status(200).json(resp)\r\n    } catch (error) {\r\n        // console.log(error)\r\n        res.status(500).json({message:\"Something went wrong\"})\r\n    }\r\n   \r\n}\r\n\r\n\r\nexport const registerDoctors=async(req:Request,res:Response)=>{\r\n// console.log(req.body)\r\nreq.body.role=\"doctor\";\r\ntry {\r\n    const resp = await user.create(req.body)\r\n    \r\n    await doctors.create({\r\n        userId:resp.Id\r\n     })\r\n// console.log(resp);\r\nres.status(201).json(resp)\r\n} catch (error) {\r\n    res.status(500).json(error)\r\n}\r\n}\r\n"]},"_coverageSchema":"1a1c01bbd47fc00a2c39e90264f33305004495a9","hash":"a238f3e918987b1a62a8b5a846262e569e70fc88","contentHash":"bc29a40b0bca1add34ddc1cf8597b00f54041ac31b62997f5d307c9b25282ac9"},"C:\\Users\\p\\Desktop\\Falgun\\my-doctors\\myDoctorServer\\src\\controllers\\patient.ts":{"path":"C:\\Users\\p\\Desktop\\Falgun\\my-doctors\\myDoctorServer\\src\\controllers\\patient.ts","statementMap":{"0":{"start":{"line":2,"column":16},"end":{"line":10,"column":1}},"1":{"start":{"line":3,"column":28},"end":{"line":3,"column":110}},"2":{"start":{"line":3,"column":91},"end":{"line":3,"column":106}},"3":{"start":{"line":4,"column":4},"end":{"line":9,"column":7}},"4":{"start":{"line":5,"column":36},"end":{"line":5,"column":97}},"5":{"start":{"line":5,"column":42},"end":{"line":5,"column":70}},"6":{"start":{"line":5,"column":85},"end":{"line":5,"column":95}},"7":{"start":{"line":6,"column":35},"end":{"line":6,"column":100}},"8":{"start":{"line":6,"column":41},"end":{"line":6,"column":73}},"9":{"start":{"line":6,"column":88},"end":{"line":6,"column":98}},"10":{"start":{"line":7,"column":32},"end":{"line":7,"column":116}},"11":{"start":{"line":8,"column":8},"end":{"line":8,"column":78}},"12":{"start":{"line":11,"column":0},"end":{"line":11,"column":62}},"13":{"start":{"line":12,"column":0},"end":{"line":12,"column":34}},"14":{"start":{"line":13,"column":18},"end":{"line":13,"column":46}},"15":{"start":{"line":14,"column":16},"end":{"line":14,"column":42}},"16":{"start":{"line":15,"column":25},"end":{"line":29,"column":2}},"17":{"start":{"line":15,"column":39},"end":{"line":29,"column":2}},"18":{"start":{"line":17,"column":4},"end":{"line":17,"column":30}},"19":{"start":{"line":18,"column":4},"end":{"line":28,"column":5}},"20":{"start":{"line":19,"column":21},"end":{"line":19,"column":56}},"21":{"start":{"line":20,"column":8},"end":{"line":22,"column":11}},"22":{"start":{"line":24,"column":8},"end":{"line":24,"column":35}},"23":{"start":{"line":27,"column":8},"end":{"line":27,"column":36}},"24":{"start":{"line":30,"column":0},"end":{"line":30,"column":44}}},"fnMap":{"0":{"name":"(anonymous_0)","decl":{"start":{"line":2,"column":44},"end":{"line":2,"column":45}},"loc":{"start":{"line":2,"column":89},"end":{"line":10,"column":1}},"line":2},"1":{"name":"adopt","decl":{"start":{"line":3,"column":13},"end":{"line":3,"column":18}},"loc":{"start":{"line":3,"column":26},"end":{"line":3,"column":112}},"line":3},"2":{"name":"(anonymous_2)","decl":{"start":{"line":3,"column":70},"end":{"line":3,"column":71}},"loc":{"start":{"line":3,"column":89},"end":{"line":3,"column":108}},"line":3},"3":{"name":"(anonymous_3)","decl":{"start":{"line":4,"column":36},"end":{"line":4,"column":37}},"loc":{"start":{"line":4,"column":63},"end":{"line":9,"column":5}},"line":4},"4":{"name":"fulfilled","decl":{"start":{"line":5,"column":17},"end":{"line":5,"column":26}},"loc":{"start":{"line":5,"column":34},"end":{"line":5,"column":99}},"line":5},"5":{"name":"rejected","decl":{"start":{"line":6,"column":17},"end":{"line":6,"column":25}},"loc":{"start":{"line":6,"column":33},"end":{"line":6,"column":102}},"line":6},"6":{"name":"step","decl":{"start":{"line":7,"column":17},"end":{"line":7,"column":21}},"loc":{"start":{"line":7,"column":30},"end":{"line":7,"column":118}},"line":7},"7":{"name":"(anonymous_7)","decl":{"start":{"line":15,"column":25},"end":{"line":15,"column":26}},"loc":{"start":{"line":15,"column":39},"end":{"line":29,"column":2}},"line":15},"8":{"name":"(anonymous_8)","decl":{"start":{"line":15,"column":73},"end":{"line":15,"column":74}},"loc":{"start":{"line":15,"column":86},"end":{"line":29,"column":1}},"line":15}},"branchMap":{"0":{"loc":{"start":{"line":2,"column":16},"end":{"line":10,"column":1}},"type":"binary-expr","locations":[{"start":{"line":2,"column":17},"end":{"line":2,"column":21}},{"start":{"line":2,"column":25},"end":{"line":2,"column":39}},{"start":{"line":2,"column":44},"end":{"line":10,"column":1}}],"line":2},"1":{"loc":{"start":{"line":3,"column":35},"end":{"line":3,"column":109}},"type":"cond-expr","locations":[{"start":{"line":3,"column":56},"end":{"line":3,"column":61}},{"start":{"line":3,"column":64},"end":{"line":3,"column":109}}],"line":3},"2":{"loc":{"start":{"line":4,"column":16},"end":{"line":4,"column":34}},"type":"binary-expr","locations":[{"start":{"line":4,"column":16},"end":{"line":4,"column":17}},{"start":{"line":4,"column":22},"end":{"line":4,"column":33}}],"line":4},"3":{"loc":{"start":{"line":7,"column":32},"end":{"line":7,"column":115}},"type":"cond-expr","locations":[{"start":{"line":7,"column":46},"end":{"line":7,"column":67}},{"start":{"line":7,"column":70},"end":{"line":7,"column":115}}],"line":7},"4":{"loc":{"start":{"line":8,"column":51},"end":{"line":8,"column":67}},"type":"binary-expr","locations":[{"start":{"line":8,"column":51},"end":{"line":8,"column":61}},{"start":{"line":8,"column":65},"end":{"line":8,"column":67}}],"line":8}},"s":{"0":1,"1":3,"2":1,"3":2,"4":2,"5":2,"6":0,"7":1,"8":1,"9":0,"10":5,"11":2,"12":1,"13":1,"14":1,"15":1,"16":1,"17":2,"18":2,"19":2,"20":2,"21":1,"22":1,"23":1,"24":1},"f":{"0":2,"1":3,"2":1,"3":2,"4":2,"5":1,"6":5,"7":2,"8":2},"b":{"0":[1,1,1
[...]
art":{"line":39,"column":16},"end":{"line":53,"column":19}},"30":{"start":{"line":56,"column":16},"end":{"line":60,"column":19}},"31":{"start":{"line":62,"column":12},"end":{"line":68,"column":13}},"32":{"start":{"line":63,"column":16},"end":{"line":63,"column":50}},"33":{"start":{"line":66,"column":16},"end":{"line":66,"column":43}},"34":{"start":{"line":67,"column":16},"end":{"line":67,"column":23}},"35":{"start":{"line":71,"column":12},"end":{"line":71,"column":46}},"36":{"start":{"line":76,"column":8},"end":{"line":76,"column":63}},"37":{"start":{"line":79,"column":0},"end":{"line":79,"column":20}}},"fnMap":{"0":{"name":"(anonymous_0)","decl":{"start":{"line":2,"column":44},"end":{"line":2,"column":45}},"loc":{"start":{"line":2,"column":89},"end":{"line":10,"column":1}},"line":2},"1":{"name":"adopt","decl":{"start":{"line":3,"column":13},"end":{"line":3,"column":18}},"loc":{"start":{"line":3,"column":26},"end":{"line":3,"column":112}},"line":3},"2":{"name":"(anonymous_2)","decl":{"start":{"line":3,"column":70},"end":{"line":3,"column":71}},"loc":{"start":{"line":3,"column":89},"end":{"line":3,"column":108}},"line":3},"3":{"name":"(anonymous_3)","decl":{"start":{"line":4,"column":36},"end":{"line":4,"column":37}},"loc":{"start":{"line":4,"column":63},"end":{"line":9,"column":5}},"line":4},"4":{"name":"fulfilled","decl":{"start":{"line":5,"column":17},"end":{"line":5,"column":26}},"loc":{"start":{"line":5,"column":34},"end":{"line":5,"column":99}},"line":5},"5":{"name":"rejected","decl":{"start":{"line":6,"column":17},"end":{"line":6,"column":25}},"loc":{"start":{"line":6,"column":33},"end":{"line":6,"column":102}},"line":6},"6":{"name":"step","decl":{"start":{"line":7,"column":17},"end":{"line":7,"column":21}},"loc":{"start":{"line":7,"column":30},"end":{"line":7,"column":118}},"line":7},"7":{"name":"(anonymous_7)","decl":{"start":{"line":19,"column":13},"end":{"line":19,"column":14}},"loc":{"start":{"line":19,"column":33},"end":{"line":78,"column":2}},"line":19},"8":{"name":"(anonymous_8)","decl":{"start":{"line":19,"column":67},"end":{"line":19,"column":68}},"loc":{"start":{"line":19,"column":80},"end":{"line":78,"column":1}},"line":19}},"branchMap":{"0":{"loc":{"start":{"line":2,"column":16},"end":{"line":10,"column":1}},"type":"binary-expr","locations":[{"start":{"line":2,"column":17},"end":{"line":2,"column":21}},{"start":{"line":2,"column":25},"end":{"line":2,"column":39}},{"start":{"line":2,"column":44},"end":{"line":10,"column":1}}],"line":2},"1":{"loc":{"start":{"line":3,"column":35},"end":{"line":3,"column":109}},"type":"cond-expr","locations":[{"start":{"line":3,"column":56},"end":{"line":3,"column":61}},{"start":{"line":3,"column":64},"end":{"line":3,"column":109}}],"line":3},"2":{"loc":{"start":{"line":4,"column":16},"end":{"line":4,"column":34}},"type":"binary-expr","locations":[{"start":{"line":4,"column":16},"end":{"line":4,"column":17}},{"start":{"line":4,"column":22},"end":{"line":4,"column":33}}],"line":4},"3":{"loc":{"start":{"line":7,"column":32},"end":{"line":7,"column":115}},"type":"cond-expr","locations":[{"start":{"line":7,"column":46},"end":{"line":7,"column":67}},{"start":{"line":7,"column":70},"end":{"line":7,"column":115}}],"line":7},"4":{"loc":{"start":{"line":8,"column":51},"end":{"line":8,"column":67}},"type":"binary-expr","locations":[{"start":{"line":8,"column":51},"end":{"line":8,"column":61}},{"start":{"line":8,"column":65},"end":{"line":8,"column":67}}],"line":8},"5":{"loc":{"start":{"line":24,"column":8},"end":{"line":72,"column":9}},"type":"if","locations":[{"start":{"line":24,"column":8},"end":{"line":72,"column":9}},{"start":{"line":24,"column":8},"end":{"line":72,"column":9}}],"line":24},"6":{"loc":{"start":{"line":28,"column":12},"end":{"line":61,"column":13}},"type":"if","locations":[{"start":{"line":28,"column":12},"end":{"line":61,"column":13}},{"start":{"line":28,"column":12},"end":{"line":61,"column":13}}],"line":28},"7":{"loc":{"start":{"line":38,"column":17},"end":{"line":61,"column":13}},"type":"if","locations":[{"start":{"line":38,"column":17},"end":{"line":61,"column":13}},{"start":{"line":38,"column":17},"end":{"line":61,"column":13}}],"line":38},"8":{"loc":{"start":{"line":62,"column":12},"end":{"line":68,"column":13}},"type":"if","locations":[{"start":{"line":62,"column":12},"end":{"line":68,"column":13}},{"start":{"line":62,"column":12},"end":{"line":68,"column":13}}],"line":62}},"s":{"0":1,"1":4,"2":1,"3":5,"4":4,"5":4,"6":0,"7":0,"8":0,"9":0,"10":9,"11":5,"12":1,"13":1,"14":1,"15":1,"16":1,"17":1,"18":1,"19":1,"20":1,"21":5,"22":5,"23":5,"24":5,"25":4,"26":4,"27":1,"28":3,"29":2,"30":1,"31":4,"32":1,"33":3,"34":3,"35":1,"36":2,"37":1},"f":{"0":5,"1":4,"2":1,"3":5,"4":4,"5":0,"6":9,"7":5,"8":5},"b":{"0":[1,1,1],"1":[3,1],"2":[5,5],"3":[5,4],"4":[5,5],"5":[4,1],"6":[1,3],"7":[2,1],"8":[1,3]},"inputSourceMap":{"version":3,"file":"C:/Users/p/Desktop/Falgun/my-doctors/myDoctorServer/src/middlewares/auth.ts","sources":["C:/Users/p/Desktop/Falgun/my-doctors/myDoctorServer/src/middlewares/auth.ts"],"names":[],"mappings":";;;;;;;;;;;;AACA,sCAA2C;AAC3C,+CAA4C;AAC5C,2CAAuC;AACvC,+CAA4C;AAC5C,qDAAkD;AAClD,iDAA8C;AACvC,MAAM,IAAI,GAAG,CAAO,GAAW,EAAE,GAAY,EAAE,IAAiB,EAAE,EAAE;IAEzE,0CAA0C;IAC1C,MAAM,IAAI,GAAG,GAAG,CAAC,MAAM,CAAC,IAAI,CAAC;IAC7B,qBAAqB;IACrB,IAAI;QACF,IAAG,GAAG,CAAC,OAAO,CAAC,aAAa,EAAC;YACzB,MAAM,OAAO,GAAG,IAAA,iBAAW,EAAC,GAAG,CAAC,OAAO,CAAC,aAAa,CAAC,CAAC;YACvD,wBAAwB;YAC5B,IAAI,QAAQ,CAAC;YACb,IAAI,IAAI,KAAK,SAAS,EAAM;gBAC1B,QAAQ,GAAG,MAAM,iBAAO,CAAC,OAAO,CAAC;oBAC/B,OAAO,EAAE;wBACP,KAAK,EAAE,YAAI;wBACX,KAAK,EAAE;4BACL,EAAE,EAAE,OAAO,CAAC,EAAE;yBACf;qBACF;iBACF,CAAC,CAAC;aACJ;iBACI,IAAI,IAAI,KAAK,QAAQ,EAAE;gBAC1B,QAAQ,GAAG,MAAM,iBAAO,CAAC,OAAO,CAAC;oBAC/B,OAAO,EAAE,CAAC;4BACR,KAAK,EAAE,YAAI;4BACX,KAAK,EAAE;gCACL,EAAE,EAAE,OAAO,CAAC,EAAE;6BACf;yBACF;wBACD;4BACE,KAAK,EAAE,uBAAU;yBAClB;wBACD;4BACE,KAAK,EAAE,mBAAQ;yBAChB;qBACF;iBACA,CAAC,CAAC;aACJ;iBAAM;gBACL,QAAQ,GAAG,MAAM,mBAAQ,CAAC,OAAO,CAAC;oBAChC,KAAK,EAAE;wBACL,EAAE,EAAE,OAAO,CAAC,EAAE;qBACf;iBACF,CAAC,CAAC;aACJ;YACD,IAAI,CAAC,QAAQ,EAAE;gBACb,MAAM,IAAI,KAAK,CAAC,gBAAgB,CAAC,CAAC;aACnC;iBAAM;gBACL,GAAG,CAAC,MAAM,CAAC,IAAI,GAAG,QAAQ,CAAC;gBAC3B,IAAI,EAAE,CAAC;aACR;SACJ;aACG;YACF,MAAM,IAAI,KAAK,CAAC,gBAAgB,CAAC,CAAC;SACnC;KACE;IAAC,OAAO,KAAK,EAAE;QACd,sBAAsB;QACtB,GAAG,CAAC,MAAM,CAAC,GAAG,CAAC,CAAC,IAAI,CAAC,EAAE,OAAO,EAAE,mBAAmB,EAAE,CAAC,CAAC;KACxD;AACH,CAAC,CAAA,CAAC;AAzDW,QAAA,IAAI,QAyDf","sourcesContent":["import { NextFunction, Request, Response } from \"express\";\r\nimport { verifyToken } from \"../utils/jwt\";\r\nimport { patient } from \"../models/patient\";\r\nimport { user } from \"../models/users\";\r\nimport { doctors } from \"../models/doctors\";\r\nimport { speciality } from \"../models/speciality\";\r\nimport { hospital } from \"../models/hospital\";\r\nexport const auth = async (req:Request, res:Response, next:NextFunction) => {\r\n \r\n  // console.log(req.headers.authorization);\r\n  const role = req.params.role;\r\n  // console.log(role);\r\n  try {\r\n    if(req.headers.authorization){\r\n        const payload = verifyToken(req.headers.authorization);\r\n        // console.log(payload);\r\n    let userData;\r\n    if (role === \"patient\")     {\r\n      userData = await patient.findOne({\r\n        include: {\r\n          model: user,\r\n          where: {\r\n            Id: payload.Id,\r\n          },\r\n        },\r\n      });\r\n    }\r\n    else if (role === \"doctor\") {\r\n      userData = await doctors.findOne({\r\n        include: [{\r\n          model: user,\r\n          where: {\r\n            Id: payload.Id,\r\n          },\r\n        },\r\n        {\r\n          model: speciality,\r\n        },\r\n        {\r\n          model: hospital,\r\n        },\r\n      ]\r\n      });\r\n    } else {\r\n      userData = await hospital.findOne({\r\n        where: {\r\n          Id: payload.Id,\r\n        },\r\n      });\r\n    }\r\n    if (!userData) {\r\n      throw new Error(\"User not found\");\r\n    } else {\r\n      res.locals.user = userData;\r\n      next();\r\n    }\r\n}\r\nelse{\r\n  throw new Error(\"User not found\");\r\n}\r\n  } catch (error) {\r\n    // console.log(error);\r\n    res.status(401).json({ message: \"Unauthorized User\" });\r\n  }\r\n};"]},"_coverageSchema":"1a1c01bbd47fc00a2c39e90264f33305004495a9","hash":"f88b9dfbb1403fc95bde5d0d8fa0d5f02c9c1f60","contentHash":"6fb776d6b2369d0935d2ee21c7838762cd6ebd8c6c07d3e575341205dc4f2b91"},"C:\\Users\\p\\Desktop\\Falgun\\my-doctors\\myDoctorServer\\src\\controllers\\accounts.ts":{"path":"C:\\Users\\p\\Desktop\\Falgun\\my-doctors\\myDoctorServer\\src\\controllers\\accounts.ts","statementMap":{"0":{"start":{"line":2,"column":16},"end":{"line":10,"column":1}},"1":{"start":{"line":3,"column":28},"end":{"line":3,"column":110}},"2":{"start":{"line":3,"column":91},"end":{"line":3,"column":106}},"3":{"start":{"line":4,"column":4},"end":{"line":9,"column":7}},"4":{"start":{"line":5,"column":36},"end":{"line":5,"column":97}},"5":{"start":{"line":5,"column":42},"end":{"line":5,"column":70}},"6":{"start":{"line":5,"column":85},"end":{"line":5,"column":95}},"7":{"start":{"line":6,"column":35},"end":{"line":6,"column":100}},"8":{"start":{"line":6,"column":41},"end":{"line":6,"column":73}},"9":{"start":{"line":6,"column":88},"end":{"line":6,"column":98}},"10":{"start":{"line":7,"column":32},"end":{"line":7,"column":116}},"11":{"start":{"line":8,"column":8},"end":{"line":8,"column":78}},"12":{"start":{"line":11,"column":0},"end":{"line":11,"column":62}},"13":{"start":{"line":12,"column":0},"end":{"line":12,"column":26}},"14":{"start":{"line":13,"column":19},"end":{"line":13,"column":48}},"15":{"start":{"line":14,"column":16},"end":{"line":14,"column":42}},"16":{"start":{"line":15,"column":17},"end":{"line":68,"column":2}},"17":{"start":{"line":15,"column":31},"end":{"line":68,"column":2}},"18":{"start":{"line":16,"column":17},"end":{"line":16,"column":32}},"19":{"start":{"line":17,"column":4},"end":{"line":17,"column":22}},"20":{"start":{"line":18,"column":18},"end":{"line":18,"column":33}},"21":{"start":{"line":19,"column":18},"end":{"line":19,"column":74}},"22":{"start":{"line":21,"column":26},"end":{"line":21,"column":49}},"23":{"start":{"line":24,"column":4},"end":{"line":55,"column":5}},"24":{"start":{"line":25,"column":8},"end":{"line":31,"column":9}},"25":{"start":{"line":26,"column":12},"end":{"line":30,"column":15}},"26":{"start":{"line":32,"column":8},"end":{"line":38,"column":9}},"27":{"start":{"line":33,"column":12},"end":{"line":37,"column":15}},"28":{"start":{"line":41,"column":8},"end":{"line":47,"column":9}},"29":{"start":{"line":42,"column":12},"end":{"line":46,"column":15}},"30":{"start":{"line":48,"column":8},"end":{"line":54,"column":9}},"31":{"start":{"line":49,"column":12},"end":{"line":53,"column":15}},"32":{"start":{"line":56,"column":4},"end":{"line":67,"column":5}},"33":{"start":{"line":57,"column":8},"end":{"line":63,"column":11}},"34":{"start":{"line":66,"column":8},"end":{"line":66,"column":33}},"35":{"start":{"line":69,"column":0},"end":{"line":69,"column":28}}},"fnMap":{"0":{"name":"(anonymous_0)","decl":{"start":{"line":2,"column":44},"end":{"line":2,"column":45}},"loc":{"start":{"line":2,"column":89},"end":{"line":10,"column":1}},"line":2},"1":{"name":"adopt","decl":{"start":{"line":3,"column":13},"end":{"line":3,"column":18}},"loc":{"start":{"line":3,"column":26},"end":{"line":3,"column":112}},"line":3},"2":{"name":"(anonymous_2)","decl":{"start":{"line":3,"column":70},"end":{"line":3,"column":71}},"loc":{"start":{"line":3,"column":89},"end":{"line":3,"column":108}},"line":3},"3":{"name":"(anonymous_3)","decl":{"start":{"line":4,"column":36},"end":{"line":4,"column":37}},"loc":{"start":{"line":4,"column":63},"end":{"line":9,"column":5}},"line":4},"4":{"name":"fulfilled","decl":{"start":{"line":5,"column":17},"end":{"line":5,"column":26}},"loc":{"start":{"line":5,"column":34},"end":{"line":5,"column":99}},"line":5},"5":{"name":"rejected","decl":{"start":{"line":6,"column":17},"end":{"line":6,"column":25}},"loc":{"start":{"line":6,"column":33},"end":{"line":6,"column":102}},"line":6},"6":{"name":"step","decl":{"start":{"line":7,"column":17},"end":{"line":7,"column":21}},"loc":{"start":{"line":7,"column":30},"end":{"line":7,"column":118}},"line":7},"7":{"name":"(anonymous_7)","decl":{"start":{"line":15,"column":17},"end":{"line":15,"column":18}},"loc":{"start":{"line":15,"column":31},"end":{"line":68,"column":2}},"line":15},"8":{"name":"(anonymous_8)","decl":{"start":{"line":15,"column":65},"end":{"line":15,"column":66}},"loc":{"start":{"line":15,"column":78},"end":{"line":68,"column":1}},"line":15}},"branchMap":{"0":{"loc":{"start":{"line":2,"column":16},"end":{"line":10,"column":1}},"type":"binary-expr","locations":[{"start":{"line":2,"column":17},"end":{"line":2,"column":21}},{"start":{"line":2,"column":25},"end":{"line":2,"column":39}},{"start":{"line":2,"column":44},"end":{"line":10,"column":1}}],"line":2},"1":{"loc":{"start":{"line":3,"column":35},"end":{"line":3,"column":109}},"type":"cond-expr","locations":[{"start":{"line":3,"column":56},"end":{"line":3,"column":61}},{"start":{"line":3,"column":64},"end":{"line":3,"column":109}}],"line":3},"2":{"loc":{"start":{"line":4,"column":16},"end":{"line":4,"column":34}},"type":"binary-expr","locations":[{"start":{"line":4,"column":16},"end":{"line":4,"column":17}},{"start":{"line":4,"column":22},"end":{"line":4,"column":33}}],"line":4},"3":{"loc":{"start":{"line":7,"column":32},"end":{"line":7,"column":115}},"type":"cond-expr","locations":[{"start":{"line":7,"column":46},"end":{"line":7,"column":67}},{"start":{"line":7,"column":70},"end":{"line":7,"column":115}}],"line":7},"4":{"loc":{"start":{"line":8,"column":51},"end":{"line":8,"column":67}},"type":"binary-expr","locations":[{"start":{"line":8,"column":51},"end":{"line":8,"column":61}},{"start":{"line":8,"column":65},"end":{"line":8,"column":67}}],"line":8},"5":{"loc":{"start":{"line":19,"column":18},"end":{"line":19,"column":74}},"type":"cond-expr","locations":[{"start":{"line":19,"column":40},"end":{"line":19,"column":59}},{"start":{"line":19,"column":62},"end":{"line":19,"column":74}}],"line":19},"6":{"loc":{"start":{"line":24,"column":4},"end":{"line":55,"column":5}},"type":"if","locations":[{"start":{"line":24,"column":4},"end":{"line":55,"column":5}},{"start":{"line":24,"column":4},"end":{"line":55,"column":5}}],"line":24},"7":{"loc":{"start":{"line":25,"column":8},"end":{"line":31,"column":9}},"type":"if","locations":[{"start":{"line":25,"column":8},"end":{"line":31,"column":9}},{"start":{"line":25,"column":8},"end":{"line":31,"column":9}}],"line":25},"8":{"loc":{"start":{"line":32,"column":8},"end":{"line":38,"column":9}},"type":"if","locations":[{"start":{"line":32,"column":8},"end":{"line":38,"column":9}},{"start":{"line":32,"column":8},"end":{"line":38,"column":9}}],"line":32},"9":{"loc":{"start":{"line":41,"column":8},"end":{"line":47,"column":9}},"type":"if","locations":[{"start":{"line":41,"column":8},"end":{"line":47,"column":9}},{"start":{"line":41,"column":8},"end":{"line":47,"column":9}}],"line":41},"10":{"loc":{"start":{"line":48,"column":8},"end":{"line":54,"column":9}},"type":"if","locations":[{"start":{"line":48,"column":8},"end":{"line":54,"column":9}},{"start":{"line":48,"column":8},"end":{"line":54,"column":9}}],"line":48},"11":{"loc":{"start":{"line":56,"column":4},"end":{"line":67,"column":5}},"type":"if","locations":[{"start":{"line":56,"column":4},"end":{"line":67,"column":5}},{"start":{"line":56,"column":4},"end":{"line":67,"column":5}}],"line":56},"12":{"loc":{"start":{"line":59,"column":51},"end":{"line":59,"column":84}},"type":"cond-expr","locations":[{"start":{"line":59,"column":59},"end":{"line":59,"column":66}},{"start":{"line":59,"column":69},"end":{"line":59,"column":84}}],"line":59},"13":{"loc":{"start":{"line":59,"column":89},"end":{"line":59,"column":131}},"type":"binary-expr","locations":[{"start":{"line":59,"column":89},"end":{"line":59,"column":104}},{"start":{"line":59,"column":108},"end":{"line":59,"column":131}}],"line":59}},"s":{"0":1,"1":6,"2":6,"3":6,"4":6,"5":6,"6":0,"7":0,"8":0,"9":0,"10":12,"11":6,"12":1,"13":1,"14":1,"15":1,"16":1,"17":6,"18":6,"19":6,"20":6,"21":6,"22":6,"23":6,"24":2,"25":1,"26":2,"27":1,"28":4,"29":2,"30":4,"31":2,"32":6,"33":2,"34":4,"35":1},"f":{"0":6,"1":6,"2":6,"3":6,"4":6,"5":0,"6":12,"7":6,"8":6},"b":{"0":[1,1,1],"1":[0,6],"2":[6,6],"3":[6,6],"4":[6,6],"5":[2,4],"6":[2,4],"7":[1,1],"8":[1,1],"9":[2,2],"10":[2,2],"11":[2,4],"12":[1,1],"13":[2,1]},"inputSourceMap":{"version":3,"file":"C:/Users/p/Desktop/Falgun/my-doctors/myDoctorServer/src/controllers/accounts.ts","sources":["C:/Users/p/Desktop/Falgun/my-doctors/myDoctorServer/src/controllers/accounts.ts"],"names":[],"mappings":";;;;;;;;;;;;AACA,iDAA6C;AAC7C,2CAAuC;AAEvC,MAAM,QAAQ,GAAG,CAAO,GAAY,EAAE,GAAa,EAAE,EAAE;IACrD,MAAM,IAAI,GAAG,GAAG,CAAC,MAAM,CAAC,IAAI,CAAC;IAC7B,OAAO,CAAC,GAAG,CAAC,IAAI,CAAC,CAAC;IAClB,MAAM,KAAK,GAAG,GAAG,CAAC,KAAK,CAAC,KAAe,CAAC;IACxC,MAAM,KAAK,GAAG,IAAI,KAAK,UAAU,CAAC,CAAC,CAAC,mBAAQ,CAAC,CAAC,CAAC,YAAI,CAAC;IACpD,sBAAsB;IACtB,MAAM,aAAa,GAAG,GAAG,CAAC,KAAK,CAAC,aAAuB,CAAC;IACxD,qCAAqC;IACrC,IAAI,IAAI,CAAC;IACT,IAAI,IAAI,KAAK,UAAU,EAAE;QACvB,IAAI,KAAK,EAAE;YACT,IAAI,GAAG,MAAM,mBAAQ,CAAC,OAAO,CAAC;gBAC5B,KAAK,EAAE;oBACL,KAAK,EAAE,KAAK;iBACb;aACF,CAAC,CAAC;SACJ;QACD,IAAI,aAAa,EAAE;YACjB,IAAI,GAAG,MAAM,mBAAQ,CAAC,OAAO,CAAC;gBAC5B,KAAK,EAAE;oBACL,aAAa,EAAE,aAAa;iBAC7B;aACF,CAAC,CAAC;SACJ;KACF;SAAM;QACL,IAAI,KAAK,EAAE;YACT,IAAI,GAAG,MAAM,YAAI,CAAC,OAAO,CAAC;gBACxB,KAAK,EAAE;oBACL,KAAK,EAAE,KAAK;iBACb;aACF,CAAC,CAAC;SACJ;QACD,IAAI,aAAa,EAAE;YACjB,IAAI,GAAG,MAAM,YAAI,CAAC,OAAO,CAAC;gBACxB,KAAK,EAAE;oBACL,aAAa,EAAE,aAAa;iBAC7B;aACF,CAAC,CAAC;SACJ;KACF;IACD,IAAI,IAAI,EAAE;QACR,GAAG,CAAC,MAAM,CAAC,GAAG,CAAC,CAAC,IAAI,CAAC;YACnB,IAAI,EAAE,gBAAgB;YACtB,OAAO,EAAE,8BACP,KAAK,CAAC,CAAC,CAAC,OAAO,CAAC,CAAC,CAAC,eACpB,KAAK,GAAG,CAAC,KAAK,CAAC,KAAK,IAAI,GAAG,CAAC,KAAK,CAAC,aAAa,EAAE;YACjD,IAAI,EAAE,GAAG;YACT,SAAS,EAAE,eAAe;YAC1B,MAAM,EAAE,EAAE;SACX,CAAC,CAAC;KACJ;SAAM;QACL,GAAG,CAAC,MAAM,CAAC,GAAG,CAAC,CAAC,IAAI,CAAC,EAAE,CAAC,CAAC;KAC1B;AACH,CAAC,CAAA,CAAC;AACO,4BAAQ","sourcesContent":["import { Request, Response } from \"express\";\r\nimport { hospital} from \"../models/hospital\";\r\nimport { user } from \"../models/users\";\r\n\r\nconst isUnique = async (req: Request, res: Response) => {\r\n  const role = req.params.role;\r\n  console.log(role);\r\n  const email = req.query.email as string;\r\n  const model = role === \"hospital\" ? hospital : user;\r\n  // console.log(model);\r\n  const contactNumber = req.query.contactNumber as string;\r\n  // console.log(email, contactNumber);\r\n  let resp;\r\n  if (role === \"hospital\") {\r\n    if (email) {\r\n      resp = await hospital.findOne({\r\n        where: {\r\n          email: email,\r\n        },\r\n      });\r\n    }\r\n    if (contactNumber) {\r\n      resp = await hospital.findOne({\r\n        where: {\r\n          contactNumber: contactNumber,\r\n        },\r\n      });\r\n    }\r\n  } else {\r\n    if (email) {\r\n      resp = await user.findOne({\r\n        where: {\r\n          email: email,\r\n        },\r\n      });\r\n    }\r\n    if (contactNumber) {\r\n      resp = await user.findOne({\r\n        where: {\r\n          contactNumber: contactNumber,\r\n        },\r\n      });\r\n    }\r\n  }\r\n  if (resp) {\r\n    res.status(433).json({\r\n      name: \"account exists\",\r\n      message: `account already exists for ${\r\n        email ? \"email\" : \"contactNumber\"\r\n      }: ${req.query.email || req.query.contactNumber}`,\r\n      code: 433,\r\n      className: \"AccountExists\",\r\n      errors: {},\r\n    });\r\n  } else {\r\n    res.status(200).json([]);\r\n  }\r\n};\r\nexport { isUnique };\r\n"]},"_coverageSchema":"1a1c01bbd47fc00a2c39e90264f33305004495a9","hash":"578f61f692208fcd0c7d597c2df7d388fe3ba54e","contentHash":"63f96da5ee785dfdfd510cf7135dd1637c26ac953a31a28b9927e5bfcbba28b5"}}