TN:
SF:src\app.ts
FN:19,(anonymous_8)
FN:19,(anonymous_9)
FN:55,(anonymous_10)
FNF:3
FNH:3
FNDA:1,(anonymous_8)
FNDA:1,(anonymous_9)
FNDA:1,(anonymous_10)
DA:2,1
DA:3,1
DA:4,1
DA:5,1
DA:6,1
DA:7,1
DA:8,1
DA:9,1
DA:10,1
DA:11,1
DA:12,1
DA:13,1
DA:14,1
DA:15,1
DA:16,1
DA:17,1
DA:19,1
DA:20,1
DA:21,1
DA:22,1
DA:23,1
DA:25,1
DA:26,1
DA:28,1
DA:29,1
DA:31,1
DA:32,1
DA:34,1
DA:35,1
DA:37,1
DA:38,1
DA:40,1
DA:41,1
DA:43,1
DA:44,1
DA:46,1
DA:47,1
DA:49,1
DA:50,1
DA:51,1
DA:52,1
DA:53,1
DA:55,1
DA:56,1
DA:59,1
DA:60,1
LF:46
LH:46
BRF:0
BRH:0
end_of_record
TN:
SF:src\database.ts
FNF:0
FNH:0
DA:2,1
DA:3,1
LF:2
LH:2
BRF:0
BRH:0
end_of_record
TN:
SF:src\controllers\accounts.ts
FN:5,(anonymous_7)
FN:5,(anonymous_8)
FNF:2
FNH:2
FNDA:6,(anonymous_7)
FNDA:6,(anonymous_8)
DA:2,1
DA:3,1
DA:5,6
DA:6,6
DA:7,6
DA:8,6
DA:9,6
DA:11,6
DA:14,6
DA:15,2
DA:16,1
DA:22,2
DA:23,1
DA:30,4
DA:31,2
DA:37,4
DA:38,2
DA:45,6
DA:46,2
DA:56,4
DA:59,1
LF:21
LH:21
BRDA:9,0,0,2
BRDA:9,0,1,4
BRDA:14,1,0,2
BRDA:14,1,1,4
BRDA:15,2,0,1
BRDA:15,2,1,1
BRDA:22,3,0,1
BRDA:22,3,1,1
BRDA:30,4,0,2
BRDA:30,4,1,2
BRDA:37,5,0,2
BRDA:37,5,1,2
BRDA:45,6,0,2
BRDA:45,6,1,4
BRDA:49,7,0,1
BRDA:49,7,1,1
BRDA:50,8,0,2
BRDA:50,8,1,1
BRF:18
BRH:18
end_of_record
TN:
SF:src\controllers\authentication.ts
FN:13,(anonymous_7)
FN:13,(anonymous_8)
FNF:2
FNH:2
FNDA:2,(anonymous_7)
FNDA:2,(anonymous_8)
DA:2,1
DA:3,1
DA:4,1
DA:5,1
DA:6,1
DA:7,1
DA:13,2
DA:16,2
DA:17,1
DA:30,2
DA:31,1
DA:46,2
DA:48,1
DA:54,1
DA:55,1
DA:56,1
DA:58,1
DA:69,1
LF:18
LH:18
BRDA:16,0,0,1
BRDA:16,0,1,1
BRDA:18,1,0,1
BRDA:18,1,1,0
BRDA:30,2,0,1
BRDA:30,2,1,1
BRDA:32,3,0,1
BRDA:32,3,1,1
BRDA:46,4,0,1
BRDA:46,4,1,1
BRDA:46,5,0,2
BRDA:46,5,1,2
BRF:12
BRH:11
end_of_record
TN:
SF:src\controllers\authorization.ts
FN:3,(anonymous_7)
FN:3,(anonymous_8)
FNF:2
FNH:2
FNDA:3,(anonymous_7)
FNDA:3,(anonymous_8)
DA:3,3
DA:4,3
DA:6,1
LF:3
LH:3
BRF:0
BRH:0
end_of_record
TN:
SF:src\controllers\changePassword.ts
FN:5,(anonymous_7)
FN:5,(anonymous_8)
FNF:2
FNH:2
FNDA:2,(anonymous_7)
FNDA:2,(anonymous_8)
DA:2,1
DA:3,1
DA:5,2
DA:7,2
DA:8,2
DA:11,2
DA:12,2
DA:13,1
DA:18,1
DA:21,1
DA:30,1
LF:11
LH:11
BRDA:11,0,0,2
BRDA:11,0,1,0
BRDA:12,1,0,1
BRDA:12,1,1,1
BRF:4
BRH:3
end_of_record
TN:
SF:src\controllers\doctors.ts
FN:6,(anonymous_7)
FN:6,(anonymous_8)
FN:29,(anonymous_9)
FN:29,(anonymous_10)
FNF:4
FNH:4
FNDA:2,(anonymous_7)
FNDA:2,(anonymous_8)
FNDA:2,(anonymous_9)
FNDA:2,(anonymous_10)
DA:2,1
DA:3,1
DA:4,1
DA:5,1
DA:6,2
DA:7,2
DA:8,2
DA:20,1
DA:23,1
DA:29,2
DA:31,2
DA:32,2
DA:33,2
DA:35,1
DA:39,1
DA:41,1
LF:16
LH:16
BRF:0
BRH:0
end_of_record
TN:
SF:src\controllers\hospital.ts
FN:4,(anonymous_7)
FN:4,(anonymous_8)
FN:15,(anonymous_9)
FN:15,(anonymous_10)
FNF:4
FNH:4
FNDA:1,(anonymous_7)
FNDA:1,(anonymous_8)
FNDA:2,(anonymous_9)
FNDA:2,(anonymous_10)
DA:2,1
DA:4,1
DA:6,1
DA:8,1
DA:15,2
DA:17,2
DA:18,2
DA:20,1
DA:22,1
LF:9
LH:9
BRF:0
BRH:0
end_of_record
TN:
SF:src\controllers\otpVerification.ts
FN:6,(anonymous_7)
FN:6,(anonymous_8)
FNF:2
FNH:2
FNDA:2,(anonymous_7)
FNDA:2,(anonymous_8)
DA:2,1
DA:6,2
DA:8,2
DA:9,2
DA:11,2
DA:12,1
DA:13,1
DA:15,1
LF:8
LH:8
BRDA:11,0,0,1
BRDA:11,0,1,1
BRF:2
BRH:2
end_of_record
TN:
SF:src\controllers\patient.ts
FN:7,(anonymous_7)
FN:7,(anonymous_8)
FNF:2
FNH:2
FNDA:2,(anonymous_7)
FNDA:2,(anonymous_8)
DA:2,1
DA:3,1
DA:7,2
DA:9,2
DA:10,2
DA:11,2
DA:12,1
DA:16,1
DA:18,1
LF:9
LH:9
BRF:0
BRH:0
end_of_record
TN:
SF:src\controllers\specialities.ts
FN:5,(anonymous_7)
FN:5,(anonymous_8)
FN:30,(anonymous_9)
FN:30,(anonymous_10)
FN:31,(anonymous_11)
FN:31,(anonymous_12)
FNF:6
FNH:6
FNDA:2,(anonymous_7)
FNDA:2,(anonymous_8)
FNDA:1,(anonymous_9)
FNDA:1,(anonymous_10)
FNDA:20,(anonymous_11)
FNDA:20,(anonymous_12)
DA:1,1
DA:2,1
DA:5,2
DA:8,2
DA:11,2
DA:12,1
DA:15,1
DA:23,2
DA:30,1
DA:31,20
DA:32,1
LF:11
LH:11
BRDA:11,0,0,1
BRDA:11,0,1,1
BRF:2
BRH:2
end_of_record
TN:
SF:src\controllers\updateProfiles.ts
FN:7,(anonymous_7)
FN:7,(anonymous_8)
FNF:2
FNH:2
FNDA:10,(anonymous_7)
FNDA:10,(anonymous_8)
DA:3,1
DA:4,1
DA:7,10
DA:9,10
DA:10,10
DA:11,4
DA:13,10
DA:14,10
DA:17,10
DA:18,3
DA:19,3
DA:20,1
DA:22,3
DA:30,2
DA:32,1
DA:36,10
DA:38,7
DA:39,2
DA:41,7
DA:42,2
DA:43,2
DA:44,2
DA:45,1
DA:47,1
DA:50,5
DA:51,2
DA:52,2
DA:53,2
DA:54,2
DA:56,0
DA:61,3
DA:62,3
DA:63,1
DA:65,3
DA:66,2
DA:69,1
LF:36
LH:35
BRDA:10,0,0,4
BRDA:10,0,1,6
BRDA:17,1,0,3
BRDA:17,1,1,7
BRDA:19,2,0,1
BRDA:19,2,1,2
BRDA:19,3,0,3
BRDA:19,3,1,2
BRDA:19,3,2,2
BRDA:19,3,3,2
BRDA:19,3,4,2
BRDA:36,4,0,7
BRDA:36,4,1,3
BRDA:38,5,0,2
BRDA:38,5,1,5
BRDA:41,6,0,2
BRDA:41,6,1,5
BRDA:50,7,0,2
BRDA:50,7,1,3
BRDA:62,8,0,1
BRDA:62,8,1,2
BRDA:62,9,0,3
BRDA:62,9,1,2
BRDA:62,9,2,2
BRDA:62,9,3,2
BRDA:62,9,4,2
BRF:26
BRH:26
end_of_record
TN:
SF:src\middlewares\auth.ts
FN:8,(anonymous_7)
FN:8,(anonymous_8)
FNF:2
FNH:2
FNDA:5,(anonymous_7)
FNDA:5,(anonymous_8)
DA:2,1
DA:3,1
DA:4,1
DA:5,1
DA:6,1
DA:7,1
DA:8,5
DA:11,5
DA:13,5
DA:14,5
DA:15,4
DA:18,4
DA:19,1
DA:28,3
DA:29,2
DA:45,1
DA:51,4
DA:52,1
DA:54,3
DA:55,3
DA:59,1
DA:63,2
LF:22
LH:22
BRDA:14,0,0,4
BRDA:14,0,1,1
BRDA:18,1,0,1
BRDA:18,1,1,3
BRDA:28,2,0,2
BRDA:28,2,1,1
BRDA:51,3,0,1
BRDA:51,3,1,3
BRF:8
BRH:8
end_of_record
TN:
SF:src\models\appointment.ts
FNF:0
FNH:0
DA:1,1
DA:2,1
DA:3,1
DA:4,1
DA:5,1
DA:18,1
LF:6
LH:6
BRF:0
BRH:0
end_of_record
TN:
SF:src\models\doctorSpecialityMapping.ts
FNF:0
FNH:0
DA:1,1
DA:2,1
DA:3,1
DA:4,1
DA:19,1
DA:41,1
DA:42,1
LF:7
LH:7
BRF:0
BRH:0
end_of_record
TN:
SF:src\models\doctors.ts
FNF:0
FNH:0
DA:1,1
DA:2,1
DA:3,1
DA:24,1
DA:58,1
LF:5
LH:5
BRF:0
BRH:0
end_of_record
TN:
SF:src\models\hospital.ts
FN:45,(anonymous_0)
FNF:1
FNH:1
FNDA:1,(anonymous_0)
DA:1,1
DA:2,1
DA:3,1
DA:20,1
DA:46,1
LF:5
LH:5
BRF:0
BRH:0
end_of_record
TN:
SF:src\models\hospitalDoctorMapping.ts
FNF:0
FNH:0
DA:1,1
DA:2,1
DA:3,1
DA:4,1
DA:22,1
DA:52,1
DA:53,1
LF:7
LH:7
BRF:0
BRH:0
end_of_record
TN:
SF:src\models\patient.ts
FNF:0
FNH:0
DA:1,1
DA:2,1
DA:3,1
DA:28,1
DA:70,1
LF:5
LH:5
BRF:0
BRH:0
end_of_record
TN:
SF:src\models\slots.ts
FNF:0
FNH:0
DA:1,1
DA:2,1
DA:3,1
DA:19,1
LF:4
LH:4
BRF:0
BRH:0
end_of_record
TN:
SF:src\models\speciality.ts
FNF:0
FNH:0
DA:1,1
DA:2,1
DA:18,1
LF:3
LH:3
BRF:0
BRH:0
end_of_record
TN:
SF:src\models\users.ts
FN:50,(anonymous_0)
FNF:1
FNH:1
FNDA:1,(anonymous_0)
DA:1,1
DA:2,1
DA:3,1
DA:23,1
DA:51,1
LF:5
LH:5
BRF:0
BRH:0
end_of_record
TN:
SF:src\routes\route.ts
FN:19,(anonymous_1)
FN:22,(anonymous_2)
FNF:2
FNH:2
FNDA:4,(anonymous_1)
FNDA:4,(anonymous_2)
DA:1,1
DA:2,1
DA:3,1
DA:4,1
DA:5,1
DA:6,1
DA:7,1
DA:8,1
DA:9,1
DA:10,1
DA:11,1
DA:12,1
DA:13,1
DA:14,1
DA:18,1
DA:20,4
DA:23,4
DA:27,1
DA:29,1
DA:30,1
DA:31,1
DA:32,1
DA:33,1
DA:34,1
DA:35,1
DA:36,1
DA:37,1
DA:39,1
DA:40,1
DA:41,1
DA:42,1
LF:31
LH:31
BRF:0
BRH:0
end_of_record
TN:
SF:src\utils\jwt.ts
FN:4,(anonymous_0)
FN:13,(anonymous_1)
FN:16,(anonymous_2)
FNF:3
FNH:3
FNDA:1,(anonymous_0)
FNDA:6,(anonymous_1)
FNDA:1,(anonymous_2)
DA:3,1
DA:4,1
DA:5,1
DA:13,1
DA:14,6
DA:16,1
DA:17,1
DA:21,1
LF:8
LH:8
BRF:0
BRH:0
end_of_record
TN:
SF:src\utils\password.ts
FN:3,(anonymous_1)
FN:10,(anonymous_2)
FNF:2
FNH:2
FNDA:3,(anonymous_1)
FNDA:4,(anonymous_2)
DA:2,1
DA:3,1
DA:4,3
DA:5,3
DA:6,3
DA:10,1
DA:12,4
DA:14,1
LF:8
LH:8
BRF:0
BRH:0
end_of_record
TN:
SF:src\utils\sendMail.ts
FN:5,(anonymous_7)
FN:5,(anonymous_8)
FNF:2
FNH:2
FNDA:1,(anonymous_7)
FNDA:1,(anonymous_8)
DA:4,1
DA:5,1
DA:7,1
DA:16,1
LF:4
LH:4
BRF:0
BRH:0
end_of_record
TN:
SF:src\utils\updateData.ts
FN:11,(anonymous_7)
FN:11,(anonymous_8)
FN:23,(anonymous_9)
FN:23,(anonymous_10)
FN:34,(anonymous_11)
FN:34,(anonymous_12)
FN:36,(anonymous_13)
FN:36,(anonymous_14)
FN:47,(anonymous_15)
FN:59,(anonymous_16)
FN:59,(anonymous_17)
FN:68,(anonymous_18)
FN:68,(anonymous_19)
FN:93,(anonymous_20)
FNF:14
FNH:14
FNDA:5,(anonymous_7)
FNDA:5,(anonymous_8)
FNDA:2,(anonymous_9)
FNDA:2,(anonymous_10)
FNDA:2,(anonymous_11)
FNDA:2,(anonymous_12)
FNDA:8,(anonymous_13)
FNDA:8,(anonymous_14)
FNDA:8,(anonymous_15)
FNDA:2,(anonymous_16)
FNDA:2,(anonymous_17)
FNDA:4,(anonymous_18)
FNDA:4,(anonymous_19)
FNDA:4,(anonymous_20)
DA:1,1
DA:2,1
DA:3,1
DA:4,1
DA:7,1
DA:11,5
DA:13,5
DA:23,2
DA:24,2
DA:34,2
DA:36,8
DA:37,8
DA:40,4
DA:41,4
DA:47,8
DA:48,2
DA:59,2
DA:60,2
DA:61,2
DA:62,2
DA:63,2
DA:64,0
DA:68,4
DA:69,4
DA:72,4
DA:73,2
DA:80,2
DA:93,4
DA:95,2
DA:107,1
DA:108,1
DA:109,1
DA:110,1
LF:33
LH:32
BRDA:40,0,0,4
BRDA:40,0,1,0
BRDA:63,1,0,0
BRDA:63,1,1,2
BRDA:72,2,0,2
BRDA:72,2,1,2
BRF:6
BRH:4
end_of_record
